Start testing: May 15 15:52 대한민국 표준시
----------------------------------------------------------
14/16 Testing: TVControllerApprovalTest.GoldenMaster_InitialBehavior
14/16 Test: TVControllerApprovalTest.GoldenMaster_InitialBehavior
Command: "C:/DEV/TDD_TV_15/build/TVControllerTest.exe" "--gtest_filter=TVControllerApprovalTest.GoldenMaster_InitialBehavior" "--gtest_also_run_disabled_tests"
Directory: C:/DEV/TDD_TV_15/build
"TVControllerApprovalTest.GoldenMaster_InitialBehavior" start time: May 15 15:52 대한민국 표준시
Output:
----------------------------------------------------------
Note: Google Test filter = TVControllerApprovalTest.GoldenMaster_InitialBehavior
[==========] Running 1 test from 1 test suite.
[----------] Global test environment set-up.
[----------] 1 test from TVControllerApprovalTest
[ RUN      ] TVControllerApprovalTest.GoldenMaster_InitialBehavior
[       OK ] TVControllerApprovalTest.GoldenMaster_InitialBehavior (4 ms)
[----------] 1 test from TVControllerApprovalTest (6 ms total)

[----------] Global test environment tear-down
[==========] 1 test from 1 test suite ran. (6 ms total)
[  PASSED  ] 1 test.
<end of output>
Test time =   0.10 sec
----------------------------------------------------------
Test Passed.
"TVControllerApprovalTest.GoldenMaster_InitialBehavior" end time: May 15 15:52 대한민국 표준시
"TVControllerApprovalTest.GoldenMaster_InitialBehavior" time elapsed: 00:00:00
----------------------------------------------------------

End testing: May 15 15:52 대한민국 표준시
