TN:
SF:C:\DEV\TDD_TV_15\build\_deps\googletest-src\googlemock\src\gmock-cardinalities.cc
FN:52,_ZN7testing12_GLOBAL__N_122BetweenCardinalityImplC2Eii
FN:72,_ZNK7testing12_GLOBAL__N_122BetweenCardinalityImpl22ConservativeLowerBoundEv
FN:73,_ZNK7testing12_GLOBAL__N_122BetweenCardinalityImpl22ConservativeUpperBoundEv
FN:75,_ZNK7testing12_GLOBAL__N_122BetweenCardinalityImpl22IsSatisfiedByCallCountEi
FN:79,_ZNK7testing12_GLOBAL__N_122BetweenCardinalityImpl22IsSaturatedByCallCountEi
FN:94,_ZN7testing12_GLOBAL__N_1L11FormatTimesEi
FN:107,_ZNK7testing12_GLOBAL__N_122BetweenCardinalityImpl10DescribeToEPSo
FN:129,_ZN7testing11Cardinality25DescribeActualCallCountToEiPSo
FN:139,_ZN7testing7AtLeastEi
FN:142,_ZN7testing6AtMostEi
FN:145,_ZN7testing9AnyNumberEv
FN:148,_ZN7testing7BetweenEii
FN:153,_ZN7testing7ExactlyEi
FNDA:0,_ZN7testing7ExactlyEi
FNDA:0,_ZNK7testing12_GLOBAL__N_122BetweenCardinalityImpl22IsSaturatedByCallCountEi
FNDA:0,_ZNK7testing12_GLOBAL__N_122BetweenCardinalityImpl22ConservativeUpperBoundEv
FNDA:0,_ZN7testing7AtLeastEi
FNDA:0,_ZN7testing11Cardinality25DescribeActualCallCountToEiPSo
FNDA:0,_ZN7testing9AnyNumberEv
FNDA:0,_ZNK7testing12_GLOBAL__N_122BetweenCardinalityImpl22IsSatisfiedByCallCountEi
FNDA:0,_ZN7testing6AtMostEi
FNDA:0,_ZN7testing12_GLOBAL__N_1L11FormatTimesEi
FNDA:0,_ZN7testing12_GLOBAL__N_122BetweenCardinalityImplC2Eii
FNDA:0,_ZNK7testing12_GLOBAL__N_122BetweenCardinalityImpl22ConservativeLowerBoundEv
FNDA:0,_ZN7testing7BetweenEii
FNDA:0,_ZNK7testing12_GLOBAL__N_122BetweenCardinalityImpl10DescribeToEPSo
FNF:13
FNH:0
DA:52,0
DA:53,0
DA:54,0
DA:55,0
DA:57,0
DA:58,0
DA:59,0
DA:61,0
DA:62,0
DA:63,0
DA:64,0
DA:65,0
DA:66,0
DA:68,0
DA:72,0
DA:73,0
DA:75,0
DA:76,0
DA:79,0
DA:80,0
DA:94,0
DA:95,0
DA:96,0
DA:97,0
DA:98,0
DA:100,0
DA:101,0
DA:102,0
DA:103,0
DA:107,0
DA:108,0
DA:109,0
DA:110,0
DA:111,0
DA:112,0
DA:114,0
DA:116,0
DA:117,0
DA:118,0
DA:119,0
DA:122,0
DA:124,0
DA:129,0
DA:131,0
DA:132,0
DA:134,0
DA:136,0
DA:139,0
DA:142,0
DA:145,0
DA:148,0
DA:149,0
DA:153,0
LF:53
LH:0
end_of_record
TN:
SF:C:\DEV\TDD_TV_15\build\_deps\googletest-src\googlemock\src\gmock-internal-utils.cc
FN:58,_ZN7testing8internal19JoinAsKeyValueTupleERKSt6vectorIPKcSaIS3_EERKS1_INSt7__cxx1112basic_stringIcSt11char_traitsIcESaIcEEESaISD_EE
FN:64,_ZZN7testing8internal19JoinAsKeyValueTupleERKSt6vectorIPKcSaIS3_EERKS1_INSt7__cxx1112basic_stringIcSt11char_traitsIcESaIcEEESaISD_EEENKUlyE_clEy
FN:80,_ZN7testing8internal28ConvertIdentifierNameToWordsB5cxx11EPKc
FN:103,_ZN7testing8internal25GoogleTestFailureReporter13ReportFailureENS0_24FailureReporterInterface11FailureTypeEPKciRKNSt7__cxx1112basic_stringIcSt11char_traitsIcESaIcEEE
FN:116,_ZN7testing8internal18GetFailureReporterEv
FN:132,_ZN7testing8internal12LogIsVisibleENS0_11LogSeverityE
FN:153,_ZN7testing8internal3LogENS0_11LogSeverityERKNSt7__cxx1112basic_stringIcSt11char_traitsIcESaIcEEEi
FN:190,_ZN7testing8internal18GetWithoutMatchersEv
FN:192,_ZN7testing8internal16IllegalDoDefaultEPKci
FN:228,_ZN7testing8internal14Base64UnescapeERKNSt7__cxx1112basic_stringIcSt11char_traitsIcESaIcEEEPS6_
FNDA:0,_ZN7testing8internal28ConvertIdentifierNameToWordsB5cxx11EPKc
FNDA:0,_ZN7testing8internal16IllegalDoDefaultEPKci
FNDA:0,_ZZN7testing8internal19JoinAsKeyValueTupleERKSt6vectorIPKcSaIS3_EERKS1_INSt7__cxx1112basic_stringIcSt11char_traitsIcESaIcEEESaISD_EEENKUlyE_clEy
FNDA:0,_ZN7testing8internal25GoogleTestFailureReporter13ReportFailureENS0_24FailureReporterInterface11FailureTypeEPKciRKNSt7__cxx1112basic_stringIcSt11char_traitsIcESaIcEEE
FNDA:0,_ZN7testing8internal19JoinAsKeyValueTupleERKSt6vectorIPKcSaIS3_EERKS1_INSt7__cxx1112basic_stringIcSt11char_traitsIcESaIcEEESaISD_EE
FNDA:0,_ZN7testing8internal12LogIsVisibleENS0_11LogSeverityE
FNDA:0,_ZN7testing8internal14Base64UnescapeERKNSt7__cxx1112basic_stringIcSt11char_traitsIcESaIcEEEPS6_
FNDA:0,_ZN7testing8internal18GetWithoutMatchersEv
FNDA:0,_ZN7testing8internal18GetFailureReporterEv
FNDA:0,_ZN7testing8internal3LogENS0_11LogSeverityERKNSt7__cxx1112basic_stringIcSt11char_traitsIcESaIcEEEi
FNF:10
FNH:0
DA:58,0
DA:60,0
DA:61,0
DA:62,0
DA:64,0
DA:65,0
DA:66,0
DA:67,0
DA:68,0
DA:69,0
DA:70,0
DA:72,0
DA:73,0
DA:80,0
DA:81,0
DA:82,0
DA:83,0
DA:86,0
DA:87,0
DA:88,0
DA:90,0
DA:91,0
DA:92,0
DA:95,0
DA:96,0
DA:103,0
DA:105,0
DA:107,0
DA:108,0
DA:109,0
DA:111,0
DA:116,0
DA:123,0
DA:124,0
DA:132,0
DA:133,0
DA:135,0
DA:136,0
DA:138,0
DA:142,0
DA:153,0
DA:155,0
DA:158,0
DA:160,0
DA:162,0
DA:165,0
DA:166,0
DA:168,0
DA:169,0
DA:176,0
DA:180,0
DA:181,0
DA:184,0
DA:185,0
DA:187,0
DA:188,0
DA:190,0
DA:192,0
DA:193,0
DA:195,0
DA:200,0
DA:228,0
DA:229,0
DA:230,0
DA:231,0
DA:232,0
DA:233,0
DA:234,0
DA:235,0
DA:236,0
DA:238,0
DA:239,0
DA:240,0
DA:241,0
DA:243,0
DA:244,0
DA:245,0
DA:247,0
DA:248,0
DA:249,0
DA:250,0
DA:253,0
LF:82
LH:0
end_of_record
TN:
SF:C:\DEV\TDD_TV_15\build\_deps\googletest-src\googlemock\src\gmock-matchers.cc
FN:52,_ZN7testing8internal24FormatMatcherDescriptionEbPKcRKSt6vectorIS2_SaIS2_EERKS3_INSt7__cxx1112basic_stringIcSt11char_traitsIcESaIcEEESaISD_EE
FN:126,_ZN7testing8internal22MaxBipartiteMatchStateC1ERKNS0_11MatchMatrixE
FN:132,_ZN7testing8internal22MaxBipartiteMatchState7ComputeEv
FN:184,_ZN7testing8internal22MaxBipartiteMatchState10TryAugmentEyPSt6vectorIcSaIcEE
FN:228,_ZN7testing8internal24FindMaxBipartiteMatchingERKNS0_11MatchMatrixE
FN:232,_ZN7testing8internalL24LogElementMatcherPairVecERKSt6vectorISt4pairIyyESaIS3_EEPSo
FN:247,_ZN7testing8internal11MatchMatrix9NextGraphEv
FN:261,_ZN7testing8internal11MatchMatrix9RandomizeEv
FN:270,_ZNK7testing8internal11MatchMatrix11DebugStringB5cxx11Ev
FN:283,_ZNK7testing8internal35UnorderedElementsAreMatcherImplBase14DescribeToImplEPSo
FN:324,_ZNK7testing8internal35UnorderedElementsAreMatcherImplBase22DescribeNegationToImplEPSo
FN:370,_ZNK7testing8internal35UnorderedElementsAreMatcherImplBase17VerifyMatchMatrixERKSt6vectorINSt7__cxx1112basic_stringIcSt11char_traitsIcESaIcEEESaIS8_EERKNS0_11MatchMatrixEPNS_19MatchResultListenerE
FN:437,_ZNK7testing8internal35UnorderedElementsAreMatcherImplBase11FindPairingERKNS0_11MatchMatrixEPNS_19MatchResultListenerE
FNDA:0,_ZN7testing8internal11MatchMatrix9NextGraphEv
FNDA:0,_ZN7testing8internalL24LogElementMatcherPairVecERKSt6vectorISt4pairIyyESaIS3_EEPSo
FNDA:0,_ZNK7testing8internal35UnorderedElementsAreMatcherImplBase14DescribeToImplEPSo
FNDA:0,_ZN7testing8internal24FormatMatcherDescriptionEbPKcRKSt6vectorIS2_SaIS2_EERKS3_INSt7__cxx1112basic_stringIcSt11char_traitsIcESaIcEEESaISD_EE
FNDA:0,_ZN7testing8internal24FindMaxBipartiteMatchingERKNS0_11MatchMatrixE
FNDA:0,_ZNK7testing8internal35UnorderedElementsAreMatcherImplBase22DescribeNegationToImplEPSo
FNDA:0,_ZNK7testing8internal11MatchMatrix11DebugStringB5cxx11Ev
FNDA:0,_ZN7testing8internal22MaxBipartiteMatchState7ComputeEv
FNDA:0,_ZNK7testing8internal35UnorderedElementsAreMatcherImplBase17VerifyMatchMatrixERKSt6vectorINSt7__cxx1112basic_stringIcSt11char_traitsIcESaIcEEESaIS8_EERKNS0_11MatchMatrixEPNS_19MatchResultListenerE
FNDA:0,_ZN7testing8internal11MatchMatrix9RandomizeEv
FNDA:0,_ZN7testing8internal22MaxBipartiteMatchState10TryAugmentEyPSt6vectorIcSaIcEE
FNDA:0,_ZN7testing8internal22MaxBipartiteMatchStateC1ERKNS0_11MatchMatrixE
FNDA:0,_ZNK7testing8internal35UnorderedElementsAreMatcherImplBase11FindPairingERKNS0_11MatchMatrixEPNS_19MatchResultListenerE
FNF:13
FNH:0
DA:52,0
DA:55,0
DA:56,0
DA:57,0
DA:59,0
DA:60,0
DA:126,0
DA:127,0
DA:128,0
DA:129,0
DA:132,0
DA:134,0
DA:147,0
DA:150,0
DA:151,0
DA:153,0
DA:154,0
DA:156,0
DA:157,0
DA:158,0
DA:159,0
DA:160,0
DA:162,0
DA:163,0
DA:184,0
DA:185,0
DA:186,0
DA:187,0
DA:189,0
DA:200,0
DA:202,0
DA:203,0
DA:204,0
DA:207,0
DA:228,0
DA:229,0
DA:232,0
DA:235,0
DA:236,0
DA:237,0
DA:238,0
DA:240,0
DA:241,0
DA:242,0
DA:244,0
DA:245,0
DA:247,0
DA:248,0
DA:249,0
DA:250,0
DA:251,0
DA:252,0
DA:253,0
DA:255,0
DA:258,0
DA:261,0
DA:262,0
DA:263,0
DA:264,0
DA:265,0
DA:268,0
DA:270,0
DA:271,0
DA:272,0
DA:273,0
DA:274,0
DA:275,0
DA:276,0
DA:278,0
DA:280,0
DA:281,0
DA:283,0
DA:285,0
DA:286,0
DA:287,0
DA:288,0
DA:289,0
DA:291,0
DA:292,0
DA:293,0
DA:294,0
DA:296,0
DA:297,0
DA:298,0
DA:299,0
DA:300,0
DA:301,0
DA:302,0
DA:303,0
DA:304,0
DA:307,0
DA:308,0
DA:309,0
DA:310,0
DA:311,0
DA:313,0
DA:315,0
DA:316,0
DA:317,0
DA:319,0
DA:324,0
DA:326,0
DA:327,0
DA:328,0
DA:329,0
DA:330,0
DA:332,0
DA:333,0
DA:334,0
DA:335,0
DA:336,0
DA:338,0
DA:339,0
DA:340,0
DA:341,0
DA:342,0
DA:343,0
DA:344,0
DA:345,0
DA:346,0
DA:348,0
DA:349,0
DA:350,0
DA:351,0
DA:352,0
DA:354,0
DA:356,0
DA:357,0
DA:358,0
DA:360,0
DA:370,0
DA:373,0
DA:374,0
DA:377,0
DA:378,0
DA:383,0
DA:384,0
DA:386,0
DA:390,0
DA:391,0
DA:392,0
DA:394,0
DA:395,0
DA:396,0
DA:397,0
DA:398,0
DA:402,0
DA:403,0
DA:405,0
DA:406,0
DA:407,0
DA:408,0
DA:409,0
DA:410,0
DA:411,0
DA:416,0
DA:417,0
DA:419,0
DA:420,0
DA:421,0
DA:423,0
DA:424,0
DA:425,0
DA:426,0
DA:427,0
DA:428,0
DA:429,0
DA:430,0
DA:434,0
DA:435,0
DA:437,0
DA:439,0
DA:441,0
DA:442,0
DA:443,0
DA:444,0
DA:446,0
DA:447,0
DA:448,0
DA:449,0
DA:451,0
DA:453,0
DA:454,0
DA:455,0
DA:457,0
DA:458,0
DA:459,0
DA:460,0
DA:462,0
DA:465,0
DA:466,0
DA:467,0
DA:468,0
DA:469,0
DA:470,0
DA:471,0
DA:475,0
DA:476,0
LF:198
LH:0
end_of_record
TN:
SF:C:\DEV\TDD_TV_15\build\_deps\googletest-src\googlemock\src\gmock-spec-builders.cc
FN:73,_ZN7testing8internal15LogWithLocationENS0_11LogSeverityEPKciRKNSt7__cxx1112basic_stringIcSt11char_traitsIcESaIcEEE
FN:83,_ZN7testing8internal15ExpectationBaseC2EPKciRKNSt7__cxx1112basic_stringIcSt11char_traitsIcESaIcEEE
FN:99,_ZN7testing8internal15ExpectationBaseD0Ev
FN:99,_ZN7testing8internal15ExpectationBaseD2Ev
FN:103,_ZN7testing8internal15ExpectationBase18SpecifyCardinalityERKNS_11CardinalityE
FN:109,_ZN7testing8internal15ExpectationBase22RetireAllPreRequisitesEv
FN:136,_ZNK7testing8internal15ExpectationBase28AllPrerequisitesAreSatisfiedEv
FN:156,_ZNK7testing8internal15ExpectationBase28FindUnsatisfiedPrerequisitesEPNS_14ExpectationSetE
FN:187,_ZNK7testing8internal15ExpectationBase19DescribeCallCountToEPSo
FN:211,_ZNK7testing8internal15ExpectationBase25CheckActionCountIfNotDoneEv
FN:262,_ZN7testing8internal15ExpectationBase12UntypedTimesERKNS_11CardinalityE
FN:284,_ZN7testing8internal23ReportUninterestingCallENS0_12CallReactionERKNSt7__cxx1112basic_stringIcSt11char_traitsIcESaIcEEE
FN:309,_ZN7testing8internal25UntypedFunctionMockerBaseC2Ev
FN:312,_ZN7testing8internal25UntypedFunctionMockerBaseD0Ev
FN:312,_ZN7testing8internal25UntypedFunctionMockerBaseD2Ev
FN:318,_ZN7testing8internal25UntypedFunctionMockerBase13RegisterOwnerEPKv
FN:330,_ZN7testing8internal25UntypedFunctionMockerBase15SetOwnerAndNameEPKvPKc
FN:342,_ZNK7testing8internal25UntypedFunctionMockerBase10MockObjectEv
FN:359,_ZNK7testing8internal25UntypedFunctionMockerBase4NameEv
FN:376,_ZN7testing8internal25UntypedFunctionMockerBase11GetHandleOfEPNS0_15ExpectationBaseE
FN:395,_ZN7testing8internal25UntypedFunctionMockerBase32VerifyAndClearExpectationsLockedEv
FN:446,_ZN7testing8internalL17intToCallReactionEi
FN:465,_ZN7testing12_GLOBAL__N_115MockObjectStateC2Ev
FN:491,_ZN7testing12_GLOBAL__N_118MockObjectRegistryD2Ev
FN:539,_ZN7testing12_GLOBAL__N_118MockObjectRegistry6statesEv
FN:551,_ZN7testing12_GLOBAL__N_1L28UninterestingCallReactionMapEv
FN:558,_ZN7testing12_GLOBAL__N_1L31SetReactionOnUninterestingCallsEyNS_8internal12CallReactionE
FN:569,_ZN7testing4Mock23AllowUninterestingCallsEy
FN:576,_ZN7testing4Mock22WarnUninterestingCallsEy
FN:583,_ZN7testing4Mock22FailUninterestingCallsEy
FN:590,_ZN7testing4Mock22UnregisterCallReactionEy
FN:598,_ZN7testing4Mock31GetReactionOnUninterestingCallsEPKv
FN:611,_ZN7testing4Mock9AllowLeakEPKv
FN:620,_ZN7testing4Mock26VerifyAndClearExpectationsEPv
FN:629,_ZN7testing4Mock14VerifyAndClearEPv
FN:639,_ZN7testing4Mock32VerifyAndClearExpectationsLockedEPv
FN:664,_ZN7testing4Mock7IsNaggyEPv
FN:668,_ZN7testing4Mock6IsNiceEPv
FN:672,_ZN7testing4Mock8IsStrictEPv
FN:678,_ZN7testing4Mock8RegisterEPKvPNS_8internal25UntypedFunctionMockerBaseE
FN:688,_ZN7testing4Mock31RegisterUseByOnCallOrExpectCallEPKvPKci
FN:709,_ZN7testing4Mock16UnregisterLockedEPNS_8internal25UntypedFunctionMockerBaseE
FN:727,_ZN7testing4Mock25ClearDefaultActionsLockedEPv
FN:749,_ZN7testing11ExpectationC2Ev
FN:751,_ZN7testing11ExpectationC2ERKSt10shared_ptrINS_8internal15ExpectationBaseEE
FN:755,_ZN7testing11ExpectationD2Ev
FN:758,_ZNK7testing8Sequence14AddExpectationERKNS_11ExpectationE
FN:769,_ZN7testing10InSequenceC2Ev
FN:780,_ZN7testing10InSequenceD2Ev
FNDA:0,_ZN7testing4Mock7IsNaggyEPv
FNDA:0,_ZNK7testing8Sequence14AddExpectationERKNS_11ExpectationE
FNDA:0,_ZN7testing4Mock22FailUninterestingCallsEy
FNDA:0,_ZNK7testing8internal15ExpectationBase19DescribeCallCountToEPSo
FNDA:0,_ZN7testing12_GLOBAL__N_1L28UninterestingCallReactionMapEv
FNDA:0,_ZN7testing4Mock22WarnUninterestingCallsEy
FNDA:0,_ZN7testing4Mock9AllowLeakEPKv
FNDA:0,_ZN7testing4Mock26VerifyAndClearExpectationsEPv
FNDA:0,_ZN7testing4Mock22UnregisterCallReactionEy
FNDA:0,_ZN7testing12_GLOBAL__N_118MockObjectRegistryD2Ev
FNDA:0,_ZN7testing4Mock16UnregisterLockedEPNS_8internal25UntypedFunctionMockerBaseE
FNDA:0,_ZN7testing8internal15LogWithLocationENS0_11LogSeverityEPKciRKNSt7__cxx1112basic_stringIcSt11char_traitsIcESaIcEEE
FNDA:0,_ZNK7testing8internal15ExpectationBase25CheckActionCountIfNotDoneEv
FNDA:0,_ZN7testing4Mock23AllowUninterestingCallsEy
FNDA:0,_ZNK7testing8internal25UntypedFunctionMockerBase10MockObjectEv
FNDA:0,_ZN7testing12_GLOBAL__N_1L31SetReactionOnUninterestingCallsEyNS_8internal12CallReactionE
FNDA:0,_ZN7testing12_GLOBAL__N_115MockObjectStateC2Ev
FNDA:0,_ZNK7testing8internal15ExpectationBase28AllPrerequisitesAreSatisfiedEv
FNDA:0,_ZN7testing8internal15ExpectationBase18SpecifyCardinalityERKNS_11CardinalityE
FNDA:0,_ZN7testing8internal23ReportUninterestingCallENS0_12CallReactionERKNSt7__cxx1112basic_stringIcSt11char_traitsIcESaIcEEE
FNDA:0,_ZN7testing12_GLOBAL__N_118MockObjectRegistry6statesEv
FNDA:0,_ZN7testing8internal25UntypedFunctionMockerBaseD2Ev
FNDA:0,_ZN7testing4Mock14VerifyAndClearEPv
FNDA:0,_ZN7testing4Mock31GetReactionOnUninterestingCallsEPKv
FNDA:0,_ZN7testing8internal15ExpectationBase12UntypedTimesERKNS_11CardinalityE
FNDA:0,_ZN7testing4Mock6IsNiceEPv
FNDA:0,_ZN7testing8internal25UntypedFunctionMockerBaseD0Ev
FNDA:0,_ZN7testing10InSequenceC2Ev
FNDA:0,_ZN7testing4Mock25ClearDefaultActionsLockedEPv
FNDA:0,_ZN7testing8internal25UntypedFunctionMockerBase32VerifyAndClearExpectationsLockedEv
FNDA:0,_ZN7testing8internal25UntypedFunctionMockerBaseC2Ev
FNDA:0,_ZN7testing8internal25UntypedFunctionMockerBase15SetOwnerAndNameEPKvPKc
FNDA:0,_ZN7testing11ExpectationC2ERKSt10shared_ptrINS_8internal15ExpectationBaseEE
FNDA:0,_ZN7testing8internal15ExpectationBaseD0Ev
FNDA:0,_ZN7testing8internal15ExpectationBase22RetireAllPreRequisitesEv
FNDA:0,_ZN7testing8internalL17intToCallReactionEi
FNDA:0,_ZN7testing11ExpectationC2Ev
FNDA:0,_ZNK7testing8internal15ExpectationBase28FindUnsatisfiedPrerequisitesEPNS_14ExpectationSetE
FNDA:0,_ZNK7testing8internal25UntypedFunctionMockerBase4NameEv
FNDA:0,_ZN7testing4Mock31RegisterUseByOnCallOrExpectCallEPKvPKci
FNDA:0,_ZN7testing4Mock8RegisterEPKvPNS_8internal25UntypedFunctionMockerBaseE
FNDA:0,_ZN7testing8internal25UntypedFunctionMockerBase13RegisterOwnerEPKv
FNDA:0,_ZN7testing11ExpectationD2Ev
FNDA:0,_ZN7testing4Mock32VerifyAndClearExpectationsLockedEPv
FNDA:0,_ZN7testing8internal15ExpectationBaseD2Ev
FNDA:0,_ZN7testing4Mock8IsStrictEPv
FNDA:0,_ZN7testing8internal15ExpectationBaseC2EPKciRKNSt7__cxx1112basic_stringIcSt11char_traitsIcESaIcEEE
FNDA:0,_ZN7testing8internal25UntypedFunctionMockerBase11GetHandleOfEPNS0_15ExpectationBaseE
FNDA:0,_ZN7testing10InSequenceD2Ev
FNF:49
FNH:0
DA:73,0
DA:76,0
DA:77,0
DA:78,0
DA:79,0
DA:80,0
DA:83,0
DA:84,0
DA:85,0
DA:86,0
DA:87,0
DA:88,0
DA:89,0
DA:90,0
DA:91,0
DA:92,0
DA:93,0
DA:94,0
DA:95,0
DA:96,0
DA:99,0
DA:103,0
DA:104,0
DA:105,0
DA:106,0
DA:109,0
DA:111,0
DA:114,0
DA:117,0
DA:118,0
DA:119,0
DA:120,0
DA:122,0
DA:123,0
DA:124,0
DA:125,0
DA:126,0
DA:127,0
DA:128,0
DA:132,0
DA:136,0
DA:138,0
DA:139,0
DA:140,0
DA:141,0
DA:142,0
DA:144,0
DA:145,0
DA:146,0
DA:147,0
DA:148,0
DA:149,0
DA:152,0
DA:153,0
DA:156,0
DA:158,0
DA:159,0
DA:160,0
DA:161,0
DA:162,0
DA:164,0
DA:165,0
DA:166,0
DA:167,0
DA:169,0
DA:172,0
DA:173,0
DA:179,0
DA:183,0
DA:187,0
DA:189,0
DA:192,0
DA:193,0
DA:194,0
DA:195,0
DA:200,0
DA:201,0
DA:202,0
DA:204,0
DA:205,0
DA:211,0
DA:213,0
DA:215,0
DA:216,0
DA:217,0
DA:218,0
DA:220,0
DA:222,0
DA:223,0
DA:226,0
DA:230,0
DA:231,0
DA:232,0
DA:235,0
DA:236,0
DA:237,0
DA:238,0
DA:239,0
DA:240,0
DA:242,0
DA:245,0
DA:246,0
DA:249,0
DA:250,0
DA:251,0
DA:252,0
DA:253,0
DA:254,0
DA:256,0
DA:257,0
DA:258,0
DA:262,0
DA:263,0
DA:264,0
DA:265,0
DA:268,0
DA:269,0
DA:270,0
DA:273,0
DA:275,0
DA:276,0
DA:284,0
DA:287,0
DA:288,0
DA:289,0
DA:290,0
DA:291,0
DA:292,0
DA:293,0
DA:294,0
DA:301,0
DA:303,0
DA:304,0
DA:305,0
DA:307,0
DA:309,0
DA:310,0
DA:312,0
DA:318,0
DA:321,0
DA:322,0
DA:323,0
DA:324,0
DA:325,0
DA:330,0
DA:335,0
DA:336,0
DA:337,0
DA:338,0
DA:342,0
DA:348,0
DA:349,0
DA:350,0
DA:352,0
DA:353,0
DA:354,0
DA:359,0
DA:365,0
DA:366,0
DA:367,0
DA:369,0
DA:370,0
DA:371,0
DA:376,0
DA:379,0
DA:380,0
DA:381,0
DA:382,0
DA:386,0
DA:387,0
DA:395,0
DA:397,0
DA:398,0
DA:399,0
DA:400,0
DA:401,0
DA:402,0
DA:406,0
DA:407,0
DA:408,0
DA:409,0
DA:412,0
DA:413,0
DA:414,0
DA:415,0
DA:418,0
DA:422,0
DA:423,0
DA:424,0
DA:425,0
DA:426,0
DA:436,0
DA:437,0
DA:439,0
DA:440,0
DA:441,0
DA:443,0
DA:444,0
DA:446,0
DA:447,0
DA:448,0
DA:450,0
DA:465,0
DA:466,0
DA:491,0
DA:492,0
DA:494,0
DA:495,0
DA:496,0
DA:497,0
DA:498,0
DA:502,0
DA:503,0
DA:504,0
DA:505,0
DA:506,0
DA:507,0
DA:508,0
DA:509,0
DA:511,0
DA:512,0
DA:513,0
DA:515,0
DA:516,0
DA:524,0
DA:525,0
DA:526,0
DA:533,0
DA:537,0
DA:539,0
DA:551,0
DA:552,0
DA:553,0
DA:558,0
DA:561,0
DA:562,0
DA:563,0
DA:569,0
DA:571,0
DA:572,0
DA:576,0
DA:578,0
DA:579,0
DA:583,0
DA:585,0
DA:586,0
DA:590,0
DA:592,0
DA:593,0
DA:594,0
DA:598,0
DA:600,0
DA:601,0
DA:602,0
DA:603,0
DA:605,0
DA:606,0
DA:607,0
DA:611,0
DA:613,0
DA:614,0
DA:615,0
DA:620,0
DA:622,0
DA:623,0
DA:624,0
DA:629,0
DA:631,0
DA:632,0
DA:633,0
DA:634,0
DA:639,0
DA:641,0
DA:642,0
DA:644,0
DA:649,0
DA:651,0
DA:652,0
DA:653,0
DA:654,0
DA:655,0
DA:661,0
DA:664,0
DA:666,0
DA:668,0
DA:670,0
DA:672,0
DA:674,0
DA:678,0
DA:681,0
DA:682,0
DA:683,0
DA:688,0
DA:691,0
DA:692,0
DA:693,0
DA:694,0
DA:695,0
DA:697,0
DA:698,0
DA:699,0
DA:700,0
DA:703,0
DA:709,0
DA:711,0
DA:712,0
DA:713,0
DA:714,0
DA:715,0
DA:716,0
DA:718,0
DA:719,0
DA:721,0
DA:727,0
DA:729,0
DA:731,0
DA:733,0
DA:739,0
DA:740,0
DA:741,0
DA:742,0
DA:749,0
DA:751,0
DA:752,0
DA:753,0
DA:755,0
DA:758,0
DA:759,0
DA:760,0
DA:761,0
DA:762,0
DA:764,0
DA:766,0
DA:769,0
DA:770,0
DA:771,0
DA:772,0
DA:774,0
DA:776,0
DA:780,0
DA:781,0
DA:782,0
DA:783,0
DA:785,0
LF:344
LH:0
end_of_record
TN:
SF:C:\DEV\TDD_TV_15\build\_deps\googletest-src\googlemock\src\gmock.cc
FN:62,_ZN7testing8internalL24ParseGoogleMockFlagValueEPKcS2_b
FN:95,_ZN7testing8internalL19ParseGoogleMockFlagEPKcS2_Pb
FN:114,_ZN7testing8internalL19ParseGoogleMockFlagINSt7__cxx1112basic_stringIcSt11char_traitsIcESaIcEEEEEbPKcS9_PT_
FN:127,_ZN7testing8internalL19ParseGoogleMockFlagEPKcS2_Pi
FN:145,_ZN7testing8internal18InitGoogleMockImplIcEEvPiPPT_
FN:145,_ZN7testing8internal18InitGoogleMockImplIwEEvPiPPT_
FN:203,_ZN7testing14InitGoogleMockEPiPPc
FN:209,_ZN7testing14InitGoogleMockEPiPPw
FN:215,_ZN7testing14InitGoogleMockEv
FNDA:0,_ZN7testing8internalL19ParseGoogleMockFlagINSt7__cxx1112basic_stringIcSt11char_traitsIcESaIcEEEEEbPKcS9_PT_
FNDA:0,_ZN7testing14InitGoogleMockEPiPPw
FNDA:0,_ZN7testing8internal18InitGoogleMockImplIcEEvPiPPT_
FNDA:0,_ZN7testing8internalL19ParseGoogleMockFlagEPKcS2_Pb
FNDA:0,_ZN7testing8internal18InitGoogleMockImplIwEEvPiPPT_
FNDA:0,_ZN7testing14InitGoogleMockEPiPPc
FNDA:0,_ZN7testing14InitGoogleMockEv
FNDA:0,_ZN7testing8internalL24ParseGoogleMockFlagValueEPKcS2_b
FNDA:0,_ZN7testing8internalL19ParseGoogleMockFlagEPKcS2_Pi
FNF:9
FNH:0
DA:62,0
DA:66,0
DA:69,0
DA:70,0
DA:71,0
DA:74,0
DA:77,0
DA:78,0
DA:84,0
DA:87,0
DA:88,0
DA:95,0
DA:98,0
DA:101,0
DA:104,0
DA:105,0
DA:114,0
DA:117,0
DA:120,0
DA:123,0
DA:124,0
DA:127,0
DA:130,0
DA:133,0
DA:136,0
DA:137,0
DA:145,0
DA:148,0
DA:149,0
DA:151,0
DA:152,0
DA:153,0
DA:156,0
DA:167,0
DA:168,0
DA:169,0
DA:171,0
DA:176,0
DA:177,0
DA:181,0
DA:185,0
DA:203,0
DA:204,0
DA:205,0
DA:209,0
DA:210,0
DA:211,0
DA:215,0
DA:217,0
DA:218,0
DA:219,0
DA:220,0
DA:222,0
DA:223,0
LF:54
LH:0
end_of_record
TN:
SF:C:\DEV\TDD_TV_15\build\_deps\googletest-src\googletest\src\gtest-assertion-result.cc
FN:45,_ZN7testing15AssertionResultC2ERKS0_
FN:52,_ZN7testing15AssertionResult4swapERS0_
FN:59,_ZNK7testing15AssertionResultntEv
FN:66,_ZN7testing16AssertionSuccessEv
FN:69,_ZN7testing16AssertionFailureEv
FN:73,_ZN7testing16AssertionFailureERKNS_7MessageE
FNDA:0,_ZN7testing16AssertionFailureEv
FNDA:0,_ZN7testing16AssertionSuccessEv
FNDA:0,_ZNK7testing15AssertionResultntEv
FNDA:0,_ZN7testing15AssertionResultC2ERKS0_
FNDA:0,_ZN7testing16AssertionFailureERKNS_7MessageE
FNDA:0,_ZN7testing15AssertionResult4swapERS0_
FNF:6
FNH:0
DA:45,0
DA:46,0
DA:47,0
DA:48,0
DA:49,0
DA:52,0
DA:54,0
DA:55,0
DA:56,0
DA:59,0
DA:60,0
DA:61,0
DA:62,0
DA:63,0
DA:66,0
DA:69,0
DA:73,0
DA:74,0
LF:18
LH:0
end_of_record
TN:
SF:C:\DEV\TDD_TV_15\build\_deps\googletest-src\googletest\src\gtest-death-test.cc
FN:153,_ZN7testing8internal16InDeathTestChildEv
FN:172,_ZN7testing14ExitedWithCodeC2Ei
FN:175,_ZNK7testing14ExitedWithCodeclEi
FN:211,_ZN7testing8internalL11ExitSummaryEi
FN:237,_ZN7testing8internal20ExitedUnsuccessfullyEi
FN:291,_ZN7testing8internalL14DeathTestAbortERKNSt7__cxx1112basic_stringIcSt11char_traitsIcESaIcEEE
FN:344,_ZN7testing8internal23GetLastErrnoDescriptionB5cxx11Ev
FN:352,_ZN7testing8internalL21FailFromInternalErrorEi
FN:375,_ZN7testing8internal9DeathTestC2Ev
FN:386,_ZN7testing8internal9DeathTest6CreateEPKcNS_7MatcherIRKNSt7__cxx1112basic_stringIcSt11char_traitsIcESaIcEEEEES3_iPPS1_
FN:393,_ZN7testing8internal9DeathTest11LastMessageEv
FN:397,_ZN7testing8internal9DeathTest27set_last_death_test_messageERKNSt7__cxx1112basic_stringIcSt11char_traitsIcESaIcEEE
FN:406,_ZN7testing8internal13DeathTestImplC2EPKcNS_7MatcherIRKNSt7__cxx1112basic_stringIcSt11char_traitsIcESaIcEEEEE
FN:416,_ZN7testing8internal13DeathTestImplD2Ev
FN:421,_ZNK7testing8internal13DeathTestImpl9statementEv
FN:422,_ZNK7testing8internal13DeathTestImpl7spawnedEv
FN:423,_ZN7testing8internal13DeathTestImpl11set_spawnedEb
FN:424,_ZNK7testing8internal13DeathTestImpl6statusEv
FN:425,_ZN7testing8internal13DeathTestImpl10set_statusEi
FN:426,_ZNK7testing8internal13DeathTestImpl7outcomeEv
FN:427,_ZN7testing8internal13DeathTestImpl11set_outcomeENS0_16DeathTestOutcomeE
FN:428,_ZNK7testing8internal13DeathTestImpl7read_fdEv
FN:429,_ZN7testing8internal13DeathTestImpl11set_read_fdEi
FN:430,_ZNK7testing8internal13DeathTestImpl8write_fdEv
FN:431,_ZN7testing8internal13DeathTestImpl12set_write_fdEi
FN:468,_ZN7testing8internal13DeathTestImpl26ReadAndInterpretStatusByteEv
FN:509,_ZN7testing8internal13DeathTestImpl12GetErrorLogsB5cxx11Ev
FN:515,_ZN7testing8internal13DeathTestImpl5AbortENS0_9DeathTest11AbortReasonE
FN:538,_ZN7testing8internalL21FormatDeathTestOutputERKNSt7__cxx1112basic_stringIcSt11char_traitsIcESaIcEEE
FN:574,_ZN7testing8internal13DeathTestImpl6PassedEb
FN:673,_ZN7testing8internal16WindowsDeathTestC1EPKcNS_7MatcherIRKNSt7__cxx1112basic_stringIcSt11char_traitsIcESaIcEEEEES3_i
FN:702,_ZN7testing8internal16WindowsDeathTest4WaitEv
FN:744,_ZN7testing8internal16WindowsDeathTest10AssumeRoleEv
FN:1405,_ZN7testing8internal23DefaultDeathTestFactory6CreateEPKcNS_7MatcherIRKNSt7__cxx1112basic_stringIcSt11char_traitsIcESaIcEEEEES3_iPPNS0_9DeathTestE
FN:1469,_ZN7testing8internalL23GetStatusFileDescriptorEjyy
FN:1531,_ZN7testing8internal29ParseInternalRunDeathTestFlagEv
FNDA:0,_ZN7testing8internalL21FailFromInternalErrorEi
FNDA:0,_ZN7testing8internal9DeathTest27set_last_death_test_messageERKNSt7__cxx1112basic_stringIcSt11char_traitsIcESaIcEEE
FNDA:0,_ZN7testing8internal13DeathTestImpl11set_read_fdEi
FNDA:0,_ZN7testing8internal13DeathTestImplC2EPKcNS_7MatcherIRKNSt7__cxx1112basic_stringIcSt11char_traitsIcESaIcEEEEE
FNDA:0,_ZN7testing8internalL23GetStatusFileDescriptorEjyy
FNDA:0,_ZN7testing8internal20ExitedUnsuccessfullyEi
FNDA:0,_ZN7testing8internal9DeathTest6CreateEPKcNS_7MatcherIRKNSt7__cxx1112basic_stringIcSt11char_traitsIcESaIcEEEEES3_iPPS1_
FNDA:0,_ZN7testing8internal13DeathTestImpl12set_write_fdEi
FNDA:0,_ZN7testing8internal9DeathTest11LastMessageEv
FNDA:0,_ZNK7testing8internal13DeathTestImpl7outcomeEv
FNDA:0,_ZN7testing8internal16WindowsDeathTestC1EPKcNS_7MatcherIRKNSt7__cxx1112basic_stringIcSt11char_traitsIcESaIcEEEEES3_i
FNDA:0,_ZN7testing8internal16InDeathTestChildEv
FNDA:0,_ZN7testing14ExitedWithCodeC2Ei
FNDA:2,_ZN7testing8internal29ParseInternalRunDeathTestFlagEv
FNDA:0,_ZNK7testing8internal13DeathTestImpl7spawnedEv
FNDA:0,_ZNK7testing14ExitedWithCodeclEi
FNDA:0,_ZN7testing8internal13DeathTestImpl6PassedEb
FNDA:0,_ZN7testing8internal13DeathTestImpl26ReadAndInterpretStatusByteEv
FNDA:0,_ZN7testing8internal13DeathTestImpl10set_statusEi
FNDA:0,_ZNK7testing8internal13DeathTestImpl9statementEv
FNDA:0,_ZN7testing8internal9DeathTestC2Ev
FNDA:0,_ZN7testing8internal13DeathTestImpl11set_spawnedEb
FNDA:0,_ZNK7testing8internal13DeathTestImpl8write_fdEv
FNDA:0,_ZN7testing8internal13DeathTestImpl11set_outcomeENS0_16DeathTestOutcomeE
FNDA:0,_ZNK7testing8internal13DeathTestImpl7read_fdEv
FNDA:0,_ZN7testing8internal23DefaultDeathTestFactory6CreateEPKcNS_7MatcherIRKNSt7__cxx1112basic_stringIcSt11char_traitsIcESaIcEEEEES3_iPPNS0_9DeathTestE
FNDA:0,_ZN7testing8internal13DeathTestImpl5AbortENS0_9DeathTest11AbortReasonE
FNDA:0,_ZN7testing8internal13DeathTestImpl12GetErrorLogsB5cxx11Ev
FNDA:0,_ZN7testing8internal23GetLastErrnoDescriptionB5cxx11Ev
FNDA:0,_ZN7testing8internal16WindowsDeathTest10AssumeRoleEv
FNDA:0,_ZN7testing8internalL21FormatDeathTestOutputERKNSt7__cxx1112basic_stringIcSt11char_traitsIcESaIcEEE
FNDA:0,_ZNK7testing8internal13DeathTestImpl6statusEv
FNDA:0,_ZN7testing8internalL11ExitSummaryEi
FNDA:0,_ZN7testing8internalL14DeathTestAbortERKNSt7__cxx1112basic_stringIcSt11char_traitsIcESaIcEEE
FNDA:0,_ZN7testing8internal13DeathTestImplD2Ev
FNDA:0,_ZN7testing8internal16WindowsDeathTest4WaitEv
FNF:36
FNH:1
DA:153,0
DA:158,0
DA:172,0
DA:175,0
DA:178,0
DA:211,0
DA:212,0
DA:216,0
DA:232,0
DA:233,0
DA:237,0
DA:238,0
DA:291,0
DA:296,0
DA:297,0
DA:298,0
DA:299,0
DA:300,0
DA:301,0
DA:302,0
DA:304,0
DA:305,0
DA:306,0
DA:344,0
DA:345,0
DA:352,0
DA:353,0
DA:358,0
DA:359,0
DA:360,0
DA:362,0
DA:364,0
DA:365,0
DA:367,0
DA:368,0
DA:369,0
DA:371,0
DA:375,0
DA:376,0
DA:377,0
DA:378,0
DA:379,0
DA:382,0
DA:386,0
DA:389,0
DA:390,0
DA:393,0
DA:394,0
DA:397,0
DA:398,0
DA:399,0
DA:406,0
DA:407,0
DA:408,0
DA:409,0
DA:410,0
DA:411,0
DA:412,0
DA:413,0
DA:416,0
DA:421,0
DA:422,0
DA:423,0
DA:424,0
DA:425,0
DA:426,0
DA:427,0
DA:428,0
DA:429,0
DA:430,0
DA:431,0
DA:468,0
DA:477,0
DA:478,0
DA:480,0
DA:481,0
DA:482,0
DA:483,0
DA:484,0
DA:485,0
DA:486,0
DA:487,0
DA:488,0
DA:489,0
DA:490,0
DA:491,0
DA:492,0
DA:493,0
DA:494,0
DA:495,0
DA:496,0
DA:497,0
DA:498,0
DA:499,0
DA:502,0
DA:503,0
DA:505,0
DA:506,0
DA:507,0
DA:509,0
DA:515,0
DA:519,0
DA:523,0
DA:532,0
DA:538,0
DA:539,0
DA:540,0
DA:541,0
DA:542,0
DA:543,0
DA:544,0
DA:545,0
DA:547,0
DA:548,0
DA:549,0
DA:550,0
DA:551,0
DA:574,0
DA:575,0
DA:577,0
DA:579,0
DA:580,0
DA:582,0
DA:583,0
DA:584,0
DA:585,0
DA:586,0
DA:587,0
DA:588,0
DA:589,0
DA:590,0
DA:591,0
DA:592,0
DA:593,0
DA:594,0
DA:595,0
DA:596,0
DA:597,0
DA:598,0
DA:599,0
DA:600,0
DA:601,0
DA:602,0
DA:604,0
DA:605,0
DA:606,0
DA:607,0
DA:608,0
DA:609,0
DA:610,0
DA:612,0
DA:613,0
DA:614,0
DA:615,0
DA:617,0
DA:618,0
DA:620,0
DA:621,0
DA:624,0
DA:625,0
DA:626,0
DA:673,0
DA:675,0
DA:676,0
DA:677,0
DA:702,0
DA:703,0
DA:707,0
DA:708,0
DA:711,0
DA:713,0
DA:714,0
DA:715,0
DA:720,0
DA:721,0
DA:723,0
DA:729,0
DA:732,0
DA:734,0
DA:735,0
DA:736,0
DA:744,0
DA:745,0
DA:747,0
DA:748,0
DA:749,0
DA:751,0
DA:754,0
DA:755,0
DA:760,0
DA:763,0
DA:767,0
DA:769,0
DA:770,0
DA:775,0
DA:776,0
DA:777,0
DA:778,0
DA:780,0
DA:781,0
DA:782,0
DA:783,0
DA:787,0
DA:788,0
DA:791,0
DA:795,0
DA:796,0
DA:798,0
DA:800,0
DA:802,0
DA:806,0
DA:807,0
DA:808,0
DA:809,0
DA:810,0
DA:813,0
DA:823,0
DA:824,0
DA:825,0
DA:826,0
DA:827,0
DA:1405,0
DA:1409,0
DA:1411,0
DA:1413,0
DA:1415,0
DA:1416,0
DA:1417,0
DA:1418,0
DA:1419,0
DA:1420,0
DA:1421,0
DA:1424,0
DA:1425,0
DA:1426,0
DA:1427,0
DA:1433,0
DA:1434,0
DA:1435,0
DA:1456,0
DA:1457,0
DA:1458,0
DA:1459,0
DA:1462,0
DA:1469,0
DA:1474,0
DA:1475,0
DA:1476,0
DA:1477,0
DA:1480,0
DA:1482,0
DA:1488,0
DA:1494,0
DA:1495,0
DA:1496,0
DA:1497,0
DA:1500,0
DA:1503,0
DA:1506,0
DA:1507,0
DA:1508,0
DA:1509,0
DA:1513,0
DA:1514,0
DA:1515,0
DA:1516,0
DA:1517,0
DA:1522,0
DA:1524,0
DA:1525,0
DA:1531,2
DA:1532,2
DA:1536,0
DA:1537,0
DA:1538,0
DA:1539,0
DA:1540,0
DA:1544,0
DA:1545,0
DA:1546,0
DA:1548,0
DA:1549,0
DA:1550,0
DA:1551,0
DA:1552,0
DA:1553,0
DA:1554,0
DA:1556,0
DA:1578,0
DA:1579,0
LF:290
LH:2
end_of_record
TN:
SF:C:\DEV\TDD_TV_15\build\_deps\googletest-src\googletest\src\gtest-filepath.cc
FN:92,_ZN7testing8internalL15IsPathSeparatorEc
FN:101,_ZN7testing8internal8FilePath13GetCurrentDirEv
FN:130,_ZNK7testing8internal8FilePath15RemoveExtensionEPKc
FN:142,_ZNK7testing8internal8FilePath21FindLastPathSeparatorEv
FN:155,_ZNK7testing8internal8FilePath19CalculateRootLengthEv
FN:199,_ZNK7testing8internal8FilePath19RemoveDirectoryNameEv
FN:210,_ZNK7testing8internal8FilePath14RemoveFileNameEv
FN:227,_ZN7testing8internal8FilePath12MakeFileNameERKS1_S3_iPKc
FN:242,_ZN7testing8internal8FilePath11ConcatPathsERKS1_S3_
FN:251,_ZNK7testing8internal8FilePath21FileOrDirectoryExistsEv
FN:265,_ZNK7testing8internal8FilePath15DirectoryExistsEv
FN:295,_ZNK7testing8internal8FilePath15IsRootDirectoryEv
FN:302,_ZNK7testing8internal8FilePath14IsAbsolutePathEv
FN:312,_ZN7testing8internal8FilePath22GenerateUniqueFileNameERKS1_S3_PKc
FN:326,_ZNK7testing8internal8FilePath11IsDirectoryEv
FN:334,_ZNK7testing8internal8FilePath28CreateDirectoriesRecursivelyEv
FN:351,_ZNK7testing8internal8FilePath12CreateFolderEv
FN:377,_ZNK7testing8internal8FilePath27RemoveTrailingPathSeparatorEv
FN:386,_ZN7testing8internal8FilePath9NormalizeEv
FNDA:0,_ZN7testing8internal8FilePath22GenerateUniqueFileNameERKS1_S3_PKc
FNDA:0,_ZNK7testing8internal8FilePath19RemoveDirectoryNameEv
FNDA:2,_ZNK7testing8internal8FilePath21FindLastPathSeparatorEv
FNDA:0,_ZN7testing8internal8FilePath11ConcatPathsERKS1_S3_
FNDA:2,_ZNK7testing8internal8FilePath27RemoveTrailingPathSeparatorEv
FNDA:0,_ZNK7testing8internal8FilePath21FileOrDirectoryExistsEv
FNDA:0,_ZN7testing8internal8FilePath12MakeFileNameERKS1_S3_iPKc
FNDA:2,_ZN7testing8internal8FilePath13GetCurrentDirEv
FNDA:2,_ZNK7testing8internal8FilePath15IsRootDirectoryEv
FNDA:14,_ZN7testing8internal8FilePath9NormalizeEv
FNDA:6,_ZNK7testing8internal8FilePath14IsAbsolutePathEv
FNDA:8,_ZNK7testing8internal8FilePath19CalculateRootLengthEv
FNDA:0,_ZNK7testing8internal8FilePath15RemoveExtensionEPKc
FNDA:0,_ZNK7testing8internal8FilePath12CreateFolderEv
FNDA:2,_ZNK7testing8internal8FilePath14RemoveFileNameEv
FNDA:638,_ZN7testing8internalL15IsPathSeparatorEc
FNDA:10,_ZNK7testing8internal8FilePath11IsDirectoryEv
FNDA:2,_ZNK7testing8internal8FilePath28CreateDirectoriesRecursivelyEv
FNDA:2,_ZNK7testing8internal8FilePath15DirectoryExistsEv
FNF:19
FNH:12
DA:92,638
DA:94,638
DA:101,2
DA:111,2
DA:112,4
DA:130,0
DA:131,0
DA:132,0
DA:134,0
DA:136,0
DA:137,0
DA:142,2
DA:143,2
DA:145,2
DA:147,2
DA:148,0
DA:149,0
DA:152,2
DA:155,8
DA:156,8
DA:157,8
DA:158,8
DA:160,40
DA:161,16
DA:164,8
DA:167,0
DA:168,0
DA:172,0
DA:173,0
DA:174,0
DA:176,0
DA:177,0
DA:181,0
DA:190,16
DA:199,0
DA:200,0
DA:201,0
DA:210,2
DA:211,2
DA:212,2
DA:213,2
DA:214,4
DA:216,0
DA:218,4
DA:219,2
DA:227,0
DA:230,0
DA:231,0
DA:232,0
DA:235,0
DA:237,0
DA:238,0
DA:242,0
DA:244,0
DA:245,0
DA:246,0
DA:247,0
DA:251,0
DA:258,0
DA:259,0
DA:265,2
DA:266,2
DA:270,2
DA:271,2
DA:285,2
DA:286,2
DA:287,2
DA:290,2
DA:291,2
DA:295,2
DA:296,2
DA:297,2
DA:298,2
DA:302,6
DA:312,0
DA:315,0
DA:316,0
DA:318,0
DA:319,0
DA:320,0
DA:321,0
DA:326,10
DA:327,20
DA:328,20
DA:334,2
DA:335,2
DA:336,0
DA:339,2
DA:340,2
DA:343,0
DA:344,0
DA:345,0
DA:351,0
DA:358,0
DA:368,0
DA:369,0
DA:371,0
DA:377,2
DA:378,6
DA:379,6
DA:386,14
DA:387,14
DA:389,14
DA:392,28
DA:393,28
DA:394,0
DA:395,0
DA:398,1240
DA:399,606
DA:400,606
DA:401,1662
DA:402,208
DA:403,104
DA:408,28
DA:409,14
LF:115
LH:62
end_of_record
TN:
SF:C:\DEV\TDD_TV_15\build\_deps\googletest-src\googletest\src\gtest-internal-inl.h
FN:113,_ZN7testing8internal21GetRandomSeedFromFlagEi
FN:130,_ZN7testing8internal17GetNextRandomSeedEi
FN:143,_ZN7testing8internal14GTestFlagSaverC1Ev
FN:169,_ZN7testing8internal14GTestFlagSaverD1Ev
FN:275,_ZN7testing8internal7CountIfISt6vectorIPNS_8TestInfoESaIS4_EEPFbPKS3_EEEiRKT_T0_
FN:275,_ZN7testing8internal7CountIfISt6vectorIPNS_9TestSuiteESaIS4_EEPFbPKS3_EEEiRKT_T0_
FN:275,_ZN7testing8internal7CountIfISt6vectorINS_14TestPartResultESaIS3_EEPFbRKS3_EEEiRKT_T0_
FN:287,_ZN7testing8internal7ForEachISt6vectorIPNS_17TestEventListenerESaIS4_EEPFvS4_EEEvRKT_T0_
FN:287,_ZN7testing8internal7ForEachISt6vectorIPNS_11EnvironmentESaIS4_EEPFvS4_EEEvRKT_T0_
FN:287,_ZN7testing8internal7ForEachISt6vectorIPNS_8TestInfoESaIS4_EEPFvS4_EEEvRKT_T0_
FN:287,_ZN7testing8internal7ForEachISt6vectorIPNS_9TestSuiteESaIS4_EEPFvS4_EEEvRKT_T0_
FN:294,_ZN7testing8internal12GetElementOrIiEET_RKSt6vectorIS2_SaIS2_EEiS2_
FN:304,_ZN7testing8internal12ShuffleRangeIiEEvPNS0_6RandomEiiPSt6vectorIT_SaIS5_EE
FN:328,_ZN7testing8internal7ShuffleIiEEvPNS0_6RandomEPSt6vectorIT_SaIS5_EE
FN:335,_ZN7testing8internalL6DeleteINS_11EnvironmentEEEvPT_
FN:335,_ZN7testing8internalL6DeleteINS_8TestInfoEEEvPT_
FN:335,_ZN7testing8internalL6DeleteINS_17TestEventListenerEEEvPT_
FN:335,_ZN7testing8internalL6DeleteINS_9TestSuiteEEEvPT_
FN:347,_ZN7testing8internal17TestPropertyKeyIsC1ERKNSt7__cxx1112basic_stringIcSt11char_traitsIcESaIcEEE
FN:350,_ZNK7testing8internal17TestPropertyKeyIsclERKNS_12TestPropertyE
FN:410,_ZN7testing8internal27OsStackTraceGetterInterfaceC2Ev
FN:411,_ZN7testing8internal27OsStackTraceGetterInterfaceD2Ev
FN:439,_ZN7testing8internal18OsStackTraceGetterC1Ev
FN:573,_ZNK7testing8internal12UnitTestImpl15start_timestampEv
FN:576,_ZNK7testing8internal12UnitTestImpl12elapsed_timeEv
FN:580,_ZNK7testing8internal12UnitTestImpl6PassedEv
FN:584,_ZNK7testing8internal12UnitTestImpl6FailedEv
FN:590,_ZNK7testing8internal12UnitTestImpl12GetTestSuiteEi
FN:597,_ZNK7testing8internal12UnitTestImpl11GetTestCaseEi
FN:602,_ZN7testing8internal12UnitTestImpl19GetMutableSuiteCaseEi
FN:608,_ZN7testing8internal12UnitTestImpl9listenersEv
FN:615,_ZNK7testing8internal12UnitTestImpl18ad_hoc_test_resultEv
FN:672,_ZN7testing8internal12UnitTestImpl11AddTestInfoEPFvvES3_PNS_8TestInfoE
FN:697,_ZN7testing8internal12UnitTestImpl27parameterized_test_registryEv
FN:701,_ZN7testing8internal12UnitTestImpl33ignored_parameterized_test_suitesB5cxx11Ev
FN:708,_ZN7testing8internal12UnitTestImpl32type_parameterized_test_registryEv
FN:713,_ZN7testing8internal12UnitTestImpl22set_current_test_suiteEPNS_9TestSuiteE
FN:720,_ZN7testing8internal12UnitTestImpl21set_current_test_infoEPNS_8TestInfoE
FN:739,_ZN7testing8internal12UnitTestImpl23ClearNonAdHocTestResultEv
FN:765,_ZNK7testing8internal12UnitTestImpl18current_test_suiteEv
FN:766,_ZN7testing8internal12UnitTestImpl17current_test_infoEv
FN:767,_ZNK7testing8internal12UnitTestImpl17current_test_infoEv
FN:771,_ZN7testing8internal12UnitTestImpl12environmentsEv
FN:774,_ZN7testing8internal12UnitTestImpl17gtest_trace_stackEv
FN:782,_ZN7testing8internal12UnitTestImpl34InitDeathTestSubprocessControlInfoEv
FN:789,_ZNK7testing8internal12UnitTestImpl28internal_run_death_test_flagEv
FN:794,_ZN7testing8internal12UnitTestImpl18death_test_factoryEv
FN:821,_ZNK7testing8internal12UnitTestImpl11random_seedEv
FN:824,_ZN7testing8internal12UnitTestImpl6randomEv
FN:835,_ZNK7testing8internal12UnitTestImpl16catch_exceptionsEv
FN:842,_ZN7testing8internal12UnitTestImpl20set_catch_exceptionsEb
FN:966,_ZN7testing8internal15GetUnitTestImplEv
FN:1007,_ZN7testing8internal18ParseNaturalNumberIiEEbRKNSt7__cxx1112basic_stringIcSt11char_traitsIcESaIcEEEPT_
FN:1007,_ZN7testing8internal18ParseNaturalNumberIjEEbRKNSt7__cxx1112basic_stringIcSt11char_traitsIcESaIcEEEPT_
FN:1007,_ZN7testing8internal18ParseNaturalNumberIyEEbRKNSt7__cxx1112basic_stringIcSt11char_traitsIcESaIcEEEPT_
FNDA:2,_ZN7testing8internal12UnitTestImpl20set_catch_exceptionsEb
FNDA:0,_ZN7testing8internal12UnitTestImpl23ClearNonAdHocTestResultEv
FNDA:18,_ZN7testing8internal15GetUnitTestImplEv
FNDA:2,_ZN7testing8internal12UnitTestImpl33ignored_parameterized_test_suitesB5cxx11Ev
FNDA:0,_ZN7testing8internal18OsStackTraceGetterC1Ev
FNDA:4,_ZN7testing8internal12UnitTestImpl27parameterized_test_registryEv
FNDA:2,_ZN7testing8internal12UnitTestImpl34InitDeathTestSubprocessControlInfoEv
FNDA:4,_ZN7testing8internal12UnitTestImpl9listenersEv
FNDA:0,_ZN7testing8internal12ShuffleRangeIiEEvPNS0_6RandomEiiPSt6vectorIT_SaIS5_EE
FNDA:0,_ZN7testing8internalL6DeleteINS_8TestInfoEEEvPT_
FNDA:0,_ZN7testing8internal7ForEachISt6vectorIPNS_17TestEventListenerESaIS4_EEPFvS4_EEEvRKT_T0_
FNDA:0,_ZN7testing8internal12UnitTestImpl6randomEv
FNDA:0,_ZN7testing8internal27OsStackTraceGetterInterfaceC2Ev
FNDA:0,_ZNK7testing8internal12UnitTestImpl11GetTestCaseEi
FNDA:0,_ZN7testing8internal12UnitTestImpl32type_parameterized_test_registryEv
FNDA:0,_ZNK7testing8internal17TestPropertyKeyIsclERKNS_12TestPropertyE
FNDA:0,_ZN7testing8internal7CountIfISt6vectorIPNS_9TestSuiteESaIS4_EEPFbPKS3_EEEiRKT_T0_
FNDA:0,_ZNK7testing8internal12UnitTestImpl18ad_hoc_test_resultEv
FNDA:0,_ZNK7testing8internal12UnitTestImpl28internal_run_death_test_flagEv
FNDA:4,_ZN7testing8internal7CountIfISt6vectorIPNS_8TestInfoESaIS4_EEPFbPKS3_EEEiRKT_T0_
FNDA:0,_ZN7testing8internalL6DeleteINS_11EnvironmentEEEvPT_
FNDA:0,_ZN7testing8internal12UnitTestImpl17gtest_trace_stackEv
FNDA:14,_ZN7testing8internal12UnitTestImpl11AddTestInfoEPFvvES3_PNS_8TestInfoE
FNDA:0,_ZN7testing8internal17GetNextRandomSeedEi
FNDA:0,_ZN7testing8internal12UnitTestImpl17current_test_infoEv
FNDA:0,_ZN7testing8internal12UnitTestImpl12environmentsEv
FNDA:4,_ZNK7testing8internal12UnitTestImpl16catch_exceptionsEv
FNDA:0,_ZN7testing8internal21GetRandomSeedFromFlagEi
FNDA:0,_ZNK7testing8internal12UnitTestImpl15start_timestampEv
FNDA:0,_ZNK7testing8internal12UnitTestImpl17current_test_infoEv
FNDA:0,_ZN7testing8internal18ParseNaturalNumberIyEEbRKNSt7__cxx1112basic_stringIcSt11char_traitsIcESaIcEEEPT_
FNDA:0,_ZNK7testing8internal12UnitTestImpl6PassedEv
FNDA:0,_ZN7testing8internal12UnitTestImpl19GetMutableSuiteCaseEi
FNDA:0,_ZN7testing8internal7CountIfISt6vectorINS_14TestPartResultESaIS3_EEPFbRKS3_EEEiRKT_T0_
FNDA:0,_ZNK7testing8internal12UnitTestImpl18current_test_suiteEv
FNDA:0,_ZN7testing8internal12UnitTestImpl21set_current_test_infoEPNS_8TestInfoE
FNDA:0,_ZN7testing8internal14GTestFlagSaverD1Ev
FNDA:0,_ZNK7testing8internal12UnitTestImpl12elapsed_timeEv
FNDA:0,_ZN7testing8internal14GTestFlagSaverC1Ev
FNDA:0,_ZN7testing8internal18ParseNaturalNumberIjEEbRKNSt7__cxx1112basic_stringIcSt11char_traitsIcESaIcEEEPT_
FNDA:0,_ZN7testing8internal7ForEachISt6vectorIPNS_9TestSuiteESaIS4_EEPFvS4_EEEvRKT_T0_
FNDA:0,_ZN7testing8internal27OsStackTraceGetterInterfaceD2Ev
FNDA:0,_ZN7testing8internal12UnitTestImpl18death_test_factoryEv
FNDA:0,_ZN7testing8internal17TestPropertyKeyIsC1ERKNSt7__cxx1112basic_stringIcSt11char_traitsIcESaIcEEE
FNDA:0,_ZN7testing8internalL6DeleteINS_9TestSuiteEEEvPT_
FNDA:0,_ZN7testing8internal18ParseNaturalNumberIiEEbRKNSt7__cxx1112basic_stringIcSt11char_traitsIcESaIcEEEPT_
FNDA:28,_ZN7testing8internal12GetElementOrIiEET_RKSt6vectorIS2_SaIS2_EEiS2_
FNDA:0,_ZN7testing8internal12UnitTestImpl22set_current_test_suiteEPNS_9TestSuiteE
FNDA:0,_ZNK7testing8internal12UnitTestImpl6FailedEv
FNDA:0,_ZNK7testing8internal12UnitTestImpl11random_seedEv
FNDA:0,_ZN7testing8internal7ForEachISt6vectorIPNS_8TestInfoESaIS4_EEPFvS4_EEEvRKT_T0_
FNDA:0,_ZN7testing8internal7ShuffleIiEEvPNS0_6RandomEPSt6vectorIT_SaIS5_EE
FNDA:0,_ZN7testing8internalL6DeleteINS_17TestEventListenerEEEvPT_
FNDA:0,_ZN7testing8internal7ForEachISt6vectorIPNS_11EnvironmentESaIS4_EEPFvS4_EEEvRKT_T0_
FNDA:0,_ZNK7testing8internal12UnitTestImpl12GetTestSuiteEi
FNF:55
FNH:10
DA:113,0
DA:115,0
DA:116,0
DA:120,0
DA:121,0
DA:124,0
DA:130,0
DA:131,0
DA:132,0
DA:133,0
DA:134,0
DA:135,0
DA:143,0
DA:144,0
DA:145,0
DA:146,0
DA:147,0
DA:148,0
DA:149,0
DA:150,0
DA:151,0
DA:152,0
DA:153,0
DA:154,0
DA:155,0
DA:156,0
DA:157,0
DA:158,0
DA:159,0
DA:160,0
DA:162,0
DA:163,0
DA:164,0
DA:165,0
DA:166,0
DA:169,0
DA:170,0
DA:171,0
DA:172,0
DA:173,0
DA:174,0
DA:175,0
DA:176,0
DA:177,0
DA:178,0
DA:179,0
DA:180,0
DA:181,0
DA:182,0
DA:183,0
DA:184,0
DA:185,0
DA:186,0
DA:188,0
DA:189,0
DA:190,0
DA:191,0
DA:192,0
DA:275,4
DA:278,4
DA:279,36
DA:280,28
DA:282,4
DA:287,0
DA:288,0
DA:289,0
DA:294,28
DA:295,28
DA:296,28
DA:304,0
DA:306,0
DA:307,0
DA:308,0
DA:309,0
DA:310,0
DA:311,0
DA:312,0
DA:316,0
DA:317,0
DA:318,0
DA:320,0
DA:321,0
DA:322,0
DA:324,0
DA:328,0
DA:329,0
DA:330,0
DA:335,0
DA:336,0
DA:337,0
DA:347,0
DA:350,0
DA:351,0
DA:410,0
DA:411,0
DA:439,0
DA:573,0
DA:576,0
DA:580,0
DA:584,0
DA:585,0
DA:590,0
DA:591,0
DA:592,0
DA:597,0
DA:602,0
DA:603,0
DA:604,0
DA:608,4
DA:615,0
DA:672,14
DA:683,14
DA:684,2
DA:685,2
DA:686,0
DA:692,14
DA:693,14
DA:697,4
DA:698,4
DA:701,2
DA:702,2
DA:708,0
DA:709,0
DA:713,0
DA:714,0
DA:715,0
DA:720,0
DA:721,0
DA:722,0
DA:739,0
DA:740,0
DA:741,0
DA:765,0
DA:766,0
DA:767,0
DA:771,0
DA:774,0
DA:775,0
DA:782,2
DA:783,2
DA:784,2
DA:789,0
DA:790,0
DA:794,0
DA:795,0
DA:821,0
DA:824,0
DA:835,4
DA:842,2
DA:966,18
DA:967,18
DA:1007,0
DA:1011,0
DA:1012,0
DA:1014,0
DA:1021,0
DA:1022,0
DA:1024,0
DA:1026,0
DA:1027,0
DA:1028,0
DA:1029,0
DA:1031,0
LF:163
LH:26
end_of_record
TN:
SF:C:\DEV\TDD_TV_15\build\_deps\googletest-src\googletest\src\gtest-matchers.cc
FN:46,_ZN7testing7MatcherIRKNSt7__cxx1112basic_stringIcSt11char_traitsIcESaIcEEEEC2ES8_
FN:50,_ZN7testing7MatcherIRKNSt7__cxx1112basic_stringIcSt11char_traitsIcESaIcEEEEC2EPKc
FN:56,_ZN7testing7MatcherINSt7__cxx1112basic_stringIcSt11char_traitsIcESaIcEEEEC2ERKS6_
FN:60,_ZN7testing7MatcherINSt7__cxx1112basic_stringIcSt11char_traitsIcESaIcEEEEC2EPKc
FN:65,_ZN7testing7MatcherIRKSt17basic_string_viewIcSt11char_traitsIcEEEC2ERKNSt7__cxx1112basic_stringIcS3_SaIcEEE
FN:71,_ZN7testing7MatcherIRKSt17basic_string_viewIcSt11char_traitsIcEEEC2EPKc
FN:77,_ZN7testing7MatcherIRKSt17basic_string_viewIcSt11char_traitsIcEEEC2ES4_
FN:83,_ZN7testing7MatcherISt17basic_string_viewIcSt11char_traitsIcEEEC2ERKNSt7__cxx1112basic_stringIcS3_SaIcEEE
FN:87,_ZN7testing7MatcherISt17basic_string_viewIcSt11char_traitsIcEEEC2EPKc
FN:93,_ZN7testing7MatcherISt17basic_string_viewIcSt11char_traitsIcEEEC2ES4_
FNDA:0,_ZN7testing7MatcherIRKSt17basic_string_viewIcSt11char_traitsIcEEEC2ES4_
FNDA:0,_ZN7testing7MatcherIRKNSt7__cxx1112basic_stringIcSt11char_traitsIcESaIcEEEEC2EPKc
FNDA:0,_ZN7testing7MatcherINSt7__cxx1112basic_stringIcSt11char_traitsIcESaIcEEEEC2EPKc
FNDA:0,_ZN7testing7MatcherIRKSt17basic_string_viewIcSt11char_traitsIcEEEC2ERKNSt7__cxx1112basic_stringIcS3_SaIcEEE
FNDA:0,_ZN7testing7MatcherIRKSt17basic_string_viewIcSt11char_traitsIcEEEC2EPKc
FNDA:0,_ZN7testing7MatcherIRKNSt7__cxx1112basic_stringIcSt11char_traitsIcESaIcEEEEC2ES8_
FNDA:0,_ZN7testing7MatcherISt17basic_string_viewIcSt11char_traitsIcEEEC2EPKc
FNDA:0,_ZN7testing7MatcherISt17basic_string_viewIcSt11char_traitsIcEEEC2ES4_
FNDA:0,_ZN7testing7MatcherISt17basic_string_viewIcSt11char_traitsIcEEEC2ERKNSt7__cxx1112basic_stringIcS3_SaIcEEE
FNDA:0,_ZN7testing7MatcherINSt7__cxx1112basic_stringIcSt11char_traitsIcESaIcEEEEC2ERKS6_
FNF:10
FNH:0
DA:46,0
DA:50,0
DA:51,0
DA:52,0
DA:56,0
DA:60,0
DA:65,0
DA:66,0
DA:67,0
DA:71,0
DA:72,0
DA:73,0
DA:77,0
DA:78,0
DA:79,0
DA:83,0
DA:87,0
DA:88,0
DA:89,0
DA:93,0
DA:94,0
DA:95,0
LF:22
LH:0
end_of_record
TN:
SF:C:\DEV\TDD_TV_15\build\_deps\googletest-src\googletest\src\gtest-port.cc
FN:265,_ZN7testing8internal14GetThreadCountEv
FN:275,_ZN7testing8internal10AutoHandleC2Ev
FN:277,_ZN7testing8internal10AutoHandleC2EPv
FN:279,_ZN7testing8internal10AutoHandleD2Ev
FN:281,_ZNK7testing8internal10AutoHandle3GetEv
FN:283,_ZN7testing8internal10AutoHandle5ResetEv
FN:285,_ZN7testing8internal10AutoHandle5ResetEPv
FN:299,_ZNK7testing8internal10AutoHandle11IsCloseableEv
FN:305,_ZN7testing8internal5MutexC2Ev
FN:313,_ZN7testing8internal5MutexD2Ev
FN:323,_ZN7testing8internal5Mutex4LockEv
FN:329,_ZN7testing8internal5Mutex6UnlockEv
FN:340,_ZN7testing8internal5Mutex10AssertHeldEv
FN:382,_ZN7testing8internal5Mutex18ThreadSafeLazyInitEv
FN:430,_ZN7testing8internal12_GLOBAL__N_122ThreadWithParamSupport12CreateThreadEPNS0_19ThreadWithParamBase8RunnableEPNS0_12NotificationE
FN:451,_ZN7testing8internal12_GLOBAL__N_122ThreadWithParamSupport15ThreadMainParamC2EPNS0_19ThreadWithParamBase8RunnableEPNS0_12NotificationE
FN:458,_ZN7testing8internal12_GLOBAL__N_122ThreadWithParamSupport10ThreadMainEPv
FN:476,_ZN7testing8internal19ThreadWithParamBaseC2EPNS1_8RunnableEPNS0_12NotificationE
FN:481,_ZN7testing8internal19ThreadWithParamBaseD2Ev
FN:481,_ZN7testing8internal19ThreadWithParamBaseD0Ev
FN:483,_ZN7testing8internal19ThreadWithParamBase4JoinEv
FN:496,_ZN7testing8internal23ThreadLocalRegistryImpl23GetValueOnCurrentThreadEPKNS0_15ThreadLocalBaseE
FN:529,_ZN7testing8internal23ThreadLocalRegistryImpl22OnThreadLocalDestroyedEPKNS0_15ThreadLocalBaseE
FN:556,_ZN7testing8internal23ThreadLocalRegistryImpl12OnThreadExitEm
FN:594,_ZN7testing8internal23ThreadLocalRegistryImpl21StartWatcherThreadForEm
FN:621,_ZN7testing8internal23ThreadLocalRegistryImpl17WatcherThreadFuncEPv
FN:632,_ZN7testing8internal23ThreadLocalRegistryImpl24GetThreadLocalsMapLockedEv
FN:651,_ZN7testing8internal19ThreadLocalRegistry23GetValueOnCurrentThreadEPKNS0_15ThreadLocalBaseE
FN:657,_ZN7testing8internal19ThreadLocalRegistry22OnThreadLocalDestroyedEPKNS0_15ThreadLocalBaseE
FN:730,_ZN7testing8internal7IsInSetEcPKc
FN:737,_ZN7testing8internal12IsAsciiDigitEc
FN:738,_ZN7testing8internal12IsAsciiPunctEc
FN:741,_ZN7testing8internal8IsRepeatEc
FN:742,_ZN7testing8internal17IsAsciiWhiteSpaceEc
FN:743,_ZN7testing8internal15IsAsciiWordCharEc
FN:749,_ZN7testing8internal13IsValidEscapeEc
FN:755,_ZN7testing8internal15AtomMatchesCharEbcc
FN:788,_ZN7testing8internalL22FormatRegexSyntaxErrorEPKci
FN:796,_ZN7testing8internal13ValidateRegexEPKc
FN:856,_ZN7testing8internal29MatchRepetitionAndRegexAtHeadEbccPKcS2_
FN:880,_ZN7testing8internal16MatchRegexAtHeadEPKcS2_
FN:914,_ZN7testing8internal18MatchRegexAnywhereEPKcS2_
FN:928,_ZN7testing8internal2RED2Ev
FN:931,_ZN7testing8internal2RE9FullMatchEPKcRKS1_
FN:937,_ZN7testing8internal2RE12PartialMatchEPKcRKS1_
FN:942,_ZN7testing8internal2RE4InitEPKc
FN:977,_ZN7testing8internal18FormatFileLocationB5cxx11EPKci
FN:995,_ZN7testing8internal37FormatCompilerIndependentFileLocationB5cxx11EPKci
FN:1005,_ZN7testing8internal8GTestLogC2ENS0_16GTestLogSeverityEPKci
FN:1017,_ZN7testing8internal8GTestLogD2Ev
FN:1035,_ZN7testing8internal14CapturedStreamC1Ei
FN:1113,_ZN7testing8internal14CapturedStreamD1Ev
FN:1115,_ZN7testing8internal14CapturedStream17GetCapturedStringB5cxx11Ev
FN:1150,_ZN7testing8internalL13CaptureStreamEiPKcPPNS0_14CapturedStreamE
FN:1160,_ZN7testing8internalL17GetCapturedStreamEPPNS0_14CapturedStreamE
FN:1179,_ZN7testing8internal13CaptureStdoutEv
FN:1184,_ZN7testing8internal13CaptureStderrEv
FN:1189,_ZN7testing8internal17GetCapturedStdoutB5cxx11Ev
FN:1194,_ZN7testing8internal17GetCapturedStderrB5cxx11Ev
FN:1200,_ZN7testing8internal11GetFileSizeEP6_iobuf
FN:1205,_ZN7testing8internal14ReadEntireFileB5cxx11EP6_iobuf
FN:1232,_ZN7testing8internal18GetInjectableArgvsB5cxx11Ev
FN:1239,_ZN7testing8internal18SetInjectableArgvsEPKSt6vectorINSt7__cxx1112basic_stringIcSt11char_traitsIcESaIcEEESaIS7_EE
FN:1244,_ZN7testing8internal18SetInjectableArgvsERKSt6vectorINSt7__cxx1112basic_stringIcSt11char_traitsIcESaIcEEESaIS7_EE
FN:1249,_ZN7testing8internal20ClearInjectableArgvsEv
FN:1267,_ZN7testing8internalL12FlagToEnvVarEPKc
FN:1282,_ZN7testing8internal10ParseInt32ERKNS_7MessageEPKcPi
FN:1324,_ZN7testing8internal16BoolFromGTestEnvEPKcb
FN:1338,_ZN7testing8internal17Int32FromGTestEnvEPKci
FN:1370,_ZN7testing8internal25OutputFlagAlsoCheckEnvVarB5cxx11Ev
FN:1381,_ZN7testing8internal18StringFromGTestEnvEPKcS2_
FNDA:0,_ZN7testing8internal13CaptureStderrEv
FNDA:0,_ZN7testing8internal8IsRepeatEc
FNDA:0,_ZN7testing8internal12_GLOBAL__N_122ThreadWithParamSupport10ThreadMainEPv
FNDA:0,_ZN7testing8internal20ClearInjectableArgvsEv
FNDA:0,_ZN7testing8internal23ThreadLocalRegistryImpl17WatcherThreadFuncEPv
FNDA:0,_ZN7testing8internal29MatchRepetitionAndRegexAtHeadEbccPKcS2_
FNDA:0,_ZN7testing8internal23ThreadLocalRegistryImpl24GetThreadLocalsMapLockedEv
FNDA:0,_ZN7testing8internal12IsAsciiDigitEc
FNDA:0,_ZN7testing8internal10ParseInt32ERKNS_7MessageEPKcPi
FNDA:0,_ZN7testing8internal17GetCapturedStdoutB5cxx11Ev
FNDA:0,_ZN7testing8internal2RE9FullMatchEPKcRKS1_
FNDA:2,_ZN7testing8internal25OutputFlagAlsoCheckEnvVarB5cxx11Ev
FNDA:0,_ZN7testing8internal8GTestLogD2Ev
FNDA:0,_ZN7testing8internal2RE12PartialMatchEPKcRKS1_
FNDA:0,_ZN7testing8internal13CaptureStdoutEv
FNDA:0,_ZN7testing8internal12IsAsciiPunctEc
FNDA:0,_ZN7testing8internal23ThreadLocalRegistryImpl21StartWatcherThreadForEm
FNDA:0,_ZN7testing8internal5Mutex6UnlockEv
FNDA:0,_ZN7testing8internal14CapturedStreamC1Ei
FNDA:12,_ZN7testing8internal18StringFromGTestEnvEPKcS2_
FNDA:0,_ZN7testing8internal14ReadEntireFileB5cxx11EP6_iobuf
FNDA:0,_ZN7testing8internal11GetFileSizeEP6_iobuf
FNDA:0,_ZN7testing8internal18SetInjectableArgvsERKSt6vectorINSt7__cxx1112basic_stringIcSt11char_traitsIcESaIcEEESaIS7_EE
FNDA:0,_ZN7testing8internal10AutoHandleD2Ev
FNDA:0,_ZN7testing8internal10AutoHandleC2EPv
FNDA:0,_ZN7testing8internal37FormatCompilerIndependentFileLocationB5cxx11EPKci
FNDA:0,_ZN7testing8internal8GTestLogC2ENS0_16GTestLogSeverityEPKci
FNDA:0,_ZN7testing8internal12_GLOBAL__N_122ThreadWithParamSupport12CreateThreadEPNS0_19ThreadWithParamBase8RunnableEPNS0_12NotificationE
FNDA:0,_ZN7testing8internal15AtomMatchesCharEbcc
FNDA:0,_ZN7testing8internal16MatchRegexAtHeadEPKcS2_
FNDA:0,_ZN7testing8internal19ThreadLocalRegistry23GetValueOnCurrentThreadEPKNS0_15ThreadLocalBaseE
FNDA:0,_ZN7testing8internal13IsValidEscapeEc
FNDA:0,_ZN7testing8internal5Mutex10AssertHeldEv
FNDA:0,_ZN7testing8internal14CapturedStream17GetCapturedStringB5cxx11Ev
FNDA:0,_ZN7testing8internal23ThreadLocalRegistryImpl12OnThreadExitEm
FNDA:0,_ZN7testing8internalL17GetCapturedStreamEPPNS0_14CapturedStreamE
FNDA:0,_ZN7testing8internal7IsInSetEcPKc
FNDA:0,_ZN7testing8internal12_GLOBAL__N_122ThreadWithParamSupport15ThreadMainParamC2EPNS0_19ThreadWithParamBase8RunnableEPNS0_12NotificationE
FNDA:0,_ZN7testing8internal19ThreadWithParamBaseD0Ev
FNDA:0,_ZN7testing8internal5Mutex18ThreadSafeLazyInitEv
FNDA:0,_ZN7testing8internal10AutoHandleC2Ev
FNDA:42,_ZN7testing8internalL12FlagToEnvVarEPKc
FNDA:0,_ZN7testing8internal19ThreadWithParamBaseD2Ev
FNDA:0,_ZN7testing8internal5Mutex4LockEv
FNDA:0,_ZN7testing8internal19ThreadWithParamBaseC2EPNS1_8RunnableEPNS0_12NotificationE
FNDA:0,_ZN7testing8internal18MatchRegexAnywhereEPKcS2_
FNDA:0,_ZN7testing8internal23ThreadLocalRegistryImpl23GetValueOnCurrentThreadEPKNS0_15ThreadLocalBaseE
FNDA:0,_ZN7testing8internal17IsAsciiWhiteSpaceEc
FNDA:0,_ZN7testing8internal18GetInjectableArgvsB5cxx11Ev
FNDA:0,_ZN7testing8internalL22FormatRegexSyntaxErrorEPKci
FNDA:0,_ZN7testing8internal17GetCapturedStderrB5cxx11Ev
FNDA:0,_ZN7testing8internal15IsAsciiWordCharEc
FNDA:0,_ZN7testing8internal19ThreadLocalRegistry22OnThreadLocalDestroyedEPKNS0_15ThreadLocalBaseE
FNDA:0,_ZNK7testing8internal10AutoHandle3GetEv
FNDA:0,_ZN7testing8internal13ValidateRegexEPKc
FNDA:24,_ZN7testing8internal16BoolFromGTestEnvEPKcb
FNDA:0,_ZN7testing8internal5MutexD2Ev
FNDA:0,_ZN7testing8internal19ThreadWithParamBase4JoinEv
FNDA:0,_ZN7testing8internal10AutoHandle5ResetEv
FNDA:0,_ZN7testing8internal14CapturedStreamD1Ev
FNDA:0,_ZN7testing8internalL13CaptureStreamEiPKcPPNS0_14CapturedStreamE
FNDA:0,_ZN7testing8internal18FormatFileLocationB5cxx11EPKci
FNDA:0,_ZN7testing8internal2RED2Ev
FNDA:0,_ZN7testing8internal23ThreadLocalRegistryImpl22OnThreadLocalDestroyedEPKNS0_15ThreadLocalBaseE
FNDA:0,_ZN7testing8internal2RE4InitEPKc
FNDA:0,_ZN7testing8internal10AutoHandle5ResetEPv
FNDA:6,_ZN7testing8internal17Int32FromGTestEnvEPKci
FNDA:0,_ZN7testing8internal14GetThreadCountEv
FNDA:24,_ZN7testing8internal5MutexC2Ev
FNDA:0,_ZN7testing8internal18SetInjectableArgvsEPKSt6vectorINSt7__cxx1112basic_stringIcSt11char_traitsIcESaIcEEESaIS7_EE
FNDA:0,_ZNK7testing8internal10AutoHandle11IsCloseableEv
FNF:71
FNH:6
DA:265,0
DA:268,0
DA:275,0
DA:277,0
DA:279,0
DA:281,0
DA:283,0
DA:285,0
DA:287,0
DA:288,0
DA:289,0
DA:291,0
DA:293,0
DA:295,0
DA:297,0
DA:299,0
DA:302,0
DA:305,24
DA:306,24
DA:307,24
DA:308,24
DA:309,24
DA:310,24
DA:311,24
DA:313,0
DA:316,0
DA:317,0
DA:318,0
DA:319,0
DA:321,0
DA:323,0
DA:324,0
DA:325,0
DA:326,0
DA:327,0
DA:329,0
DA:330,0
DA:334,0
DA:335,0
DA:336,0
DA:340,0
DA:341,0
DA:342,0
DA:343,0
DA:344,0
DA:382,0
DA:384,0
DA:385,0
DA:386,0
DA:387,0
DA:390,0
DA:396,0
DA:398,0
DA:401,0
DA:403,0
DA:404,0
DA:407,0
DA:408,0
DA:411,0
DA:413,0
DA:415,0
DA:416,0
DA:418,0
DA:419,0
DA:421,0
DA:424,0
DA:430,0
DA:432,0
DA:434,0
DA:441,0
DA:442,0
DA:443,0
DA:444,0
DA:446,0
DA:451,0
DA:452,0
DA:458,0
DA:460,0
DA:461,0
DA:462,0
DA:463,0
DA:464,0
DA:465,0
DA:476,0
DA:477,0
DA:478,0
DA:479,0
DA:481,0
DA:483,0
DA:484,0
DA:485,0
DA:486,0
DA:496,0
DA:501,0
DA:502,0
DA:504,0
DA:506,0
DA:507,0
DA:508,0
DA:510,0
DA:512,0
DA:514,0
DA:516,0
DA:517,0
DA:518,0
DA:520,0
DA:522,0
DA:523,0
DA:526,0
DA:527,0
DA:529,0
DA:531,0
DA:535,0
DA:537,0
DA:538,0
DA:539,0
DA:540,0
DA:541,0
DA:543,0
DA:544,0
DA:545,0
DA:546,0
DA:551,0
DA:554,0
DA:556,0
DA:557,0
DA:558,0
DA:562,0
DA:564,0
DA:566,0
DA:567,0
DA:568,0
DA:569,0
DA:570,0
DA:571,0
DA:572,0
DA:574,0
DA:576,0
DA:579,0
DA:594,0
DA:598,0
DA:599,0
DA:603,0
DA:607,0
DA:608,0
DA:609,0
DA:610,0
DA:613,0
DA:615,0
DA:616,0
DA:617,0
DA:621,0
DA:622,0
DA:624,0
DA:625,0
DA:626,0
DA:627,0
DA:628,0
DA:632,0
DA:633,0
DA:637,0
DA:638,0
DA:651,0
DA:653,0
DA:654,0
DA:657,0
DA:659,0
DA:660,0
DA:730,0
DA:731,0
DA:737,0
DA:738,0
DA:739,0
DA:741,0
DA:742,0
DA:743,0
DA:744,0
DA:745,0
DA:749,0
DA:750,0
DA:755,0
DA:756,0
DA:757,0
DA:758,0
DA:759,0
DA:760,0
DA:761,0
DA:762,0
DA:763,0
DA:764,0
DA:765,0
DA:766,0
DA:767,0
DA:768,0
DA:769,0
DA:770,0
DA:771,0
DA:772,0
DA:773,0
DA:774,0
DA:775,0
DA:776,0
DA:777,0
DA:778,0
DA:779,0
DA:781,0
DA:784,0
DA:788,0
DA:789,0
DA:790,0
DA:791,0
DA:796,0
DA:797,0
DA:798,0
DA:799,0
DA:802,0
DA:805,0
DA:806,0
DA:807,0
DA:808,0
DA:809,0
DA:810,0
DA:811,0
DA:812,0
DA:815,0
DA:816,0
DA:817,0
DA:818,0
DA:820,0
DA:822,0
DA:824,0
DA:825,0
DA:826,0
DA:827,0
DA:828,0
DA:829,0
DA:830,0
DA:831,0
DA:832,0
DA:833,0
DA:834,0
DA:835,0
DA:836,0
DA:837,0
DA:838,0
DA:839,0
DA:842,0
DA:846,0
DA:856,0
DA:858,0
DA:859,0
DA:863,0
DA:865,0
DA:870,0
DA:872,0
DA:874,0
DA:880,0
DA:881,0
DA:882,0
DA:886,0
DA:889,0
DA:890,0
DA:891,0
DA:895,0
DA:896,0
DA:901,0
DA:902,0
DA:914,0
DA:915,0
DA:917,0
DA:921,0
DA:922,0
DA:923,0
DA:928,0
DA:931,0
DA:932,0
DA:937,0
DA:938,0
DA:942,0
DA:943,0
DA:944,0
DA:946,0
DA:947,0
DA:950,0
DA:951,0
DA:953,0
DA:958,0
DA:960,0
DA:961,0
DA:964,0
DA:966,0
DA:967,0
DA:977,0
DA:978,0
DA:980,0
DA:981,0
DA:986,0
DA:988,0
DA:995,0
DA:997,0
DA:999,0
DA:1000,0
DA:1002,0
DA:1003,0
DA:1005,0
DA:1006,0
DA:1007,0
DA:1011,0
DA:1012,0
DA:1013,0
DA:1014,0
DA:1017,0
DA:1018,0
DA:1019,0
DA:1020,0
DA:1021,0
DA:1023,0
DA:1035,0
DA:1037,0
DA:1038,0
DA:1040,0
DA:1041,0
DA:1044,0
DA:1045,0
DA:1046,0
DA:1047,0
DA:1048,0
DA:1049,0
DA:1108,0
DA:1109,0
DA:1110,0
DA:1111,0
DA:1113,0
DA:1115,0
DA:1116,0
DA:1118,0
DA:1119,0
DA:1120,0
DA:1121,0
DA:1124,0
DA:1125,0
DA:1126,0
DA:1127,0
DA:1129,0
DA:1130,0
DA:1131,0
DA:1132,0
DA:1150,0
DA:1152,0
DA:1153,0
DA:1154,0
DA:1156,0
DA:1157,0
DA:1160,0
DA:1161,0
DA:1163,0
DA:1164,0
DA:1166,0
DA:1179,0
DA:1180,0
DA:1181,0
DA:1184,0
DA:1185,0
DA:1186,0
DA:1189,0
DA:1190,0
DA:1194,0
DA:1195,0
DA:1200,0
DA:1201,0
DA:1202,0
DA:1205,0
DA:1206,0
DA:1207,0
DA:1209,0
DA:1210,0
DA:1212,0
DA:1218,0
DA:1219,0
DA:1220,0
DA:1222,0
DA:1223,0
DA:1225,0
DA:1232,0
DA:1233,0
DA:1234,0
DA:1236,0
DA:1239,0
DA:1240,0
DA:1241,0
DA:1242,0
DA:1244,0
DA:1245,0
DA:1246,0
DA:1247,0
DA:1249,0
DA:1250,0
DA:1251,0
DA:1252,0
DA:1267,42
DA:1269,42
DA:1271,42
DA:1272,870
DA:1273,828
DA:1276,84
DA:1277,42
DA:1282,0
DA:1284,0
DA:1285,0
DA:1288,0
DA:1290,0
DA:1291,0
DA:1292,0
DA:1293,0
DA:1294,0
DA:1295,0
DA:1296,0
DA:1297,0
DA:1300,0
DA:1301,0
DA:1307,0
DA:1308,0
DA:1309,0
DA:1310,0
DA:1311,0
DA:1312,0
DA:1313,0
DA:1314,0
DA:1316,0
DA:1317,0
DA:1324,24
DA:1328,24
DA:1329,24
DA:1330,24
DA:1331,24
DA:1333,48
DA:1338,6
DA:1342,6
DA:1343,6
DA:1344,6
DA:1346,6
DA:1349,0
DA:1350,0
DA:1352,0
DA:1353,0
DA:1354,0
DA:1355,0
DA:1358,0
DA:1360,6
DA:1370,2
DA:1371,2
DA:1372,2
DA:1373,2
DA:1374,0
DA:1376,2
DA:1377,0
DA:1381,12
DA:1385,12
DA:1386,12
DA:1387,24
DA:1389,12
LF:461
LH:36
end_of_record
TN:
SF:C:\DEV\TDD_TV_15\build\_deps\googletest-src\googletest\src\gtest-printers.cc
FN:70,_ZN7testing12_GLOBAL__N_1L26PrintByteSegmentInObjectToEPKhyyPSo
FN:89,_ZN7testing12_GLOBAL__N_1L24PrintBytesInObjectToImplEPKhyPSo
FN:116,_ZN7testing12_GLOBAL__N_1L8ToChar32IaEEDiT_
FN:116,_ZN7testing12_GLOBAL__N_1L8ToChar32IcEEDiT_
FN:116,_ZN7testing12_GLOBAL__N_1L8ToChar32IDsEEDiT_
FN:116,_ZN7testing12_GLOBAL__N_1L8ToChar32IhEEDiT_
FN:116,_ZN7testing12_GLOBAL__N_1L8ToChar32IwEEDiT_
FN:116,_ZN7testing12_GLOBAL__N_1L8ToChar32IDiEEDiT_
FN:130,_ZN7testing8internal20PrintBytesInObjectToEPKhyPSo
FN:145,_ZN7testing8internal16IsPrintableAsciiEDi
FN:151,_ZN7testing8internalL20PrintAsCharLiteralToIwEENS0_10CharFormatET_PSo
FN:151,_ZN7testing8internalL20PrintAsCharLiteralToIDiEENS0_10CharFormatET_PSo
FN:151,_ZN7testing8internalL20PrintAsCharLiteralToIhEENS0_10CharFormatET_PSo
FN:151,_ZN7testing8internalL20PrintAsCharLiteralToIaEENS0_10CharFormatET_PSo
FN:200,_ZN7testing8internalL22PrintAsStringLiteralToEDiPSo
FN:213,_ZN7testing8internalL18GetCharWidthPrefixEc
FN:215,_ZN7testing8internalL18GetCharWidthPrefixEa
FN:217,_ZN7testing8internalL18GetCharWidthPrefixEh
FN:223,_ZN7testing8internalL18GetCharWidthPrefixEDs
FN:225,_ZN7testing8internalL18GetCharWidthPrefixEDi
FN:227,_ZN7testing8internalL18GetCharWidthPrefixEw
FN:231,_ZN7testing8internalL22PrintAsStringLiteralToEcPSo
FN:241,_ZN7testing8internalL22PrintAsStringLiteralToEDsPSo
FN:245,_ZN7testing8internalL22PrintAsStringLiteralToEwPSo
FN:253,_ZN7testing8internal18PrintCharAndCodeToIaEEvT_PSo
FN:253,_ZN7testing8internal18PrintCharAndCodeToIhEEvT_PSo
FN:253,_ZN7testing8internal18PrintCharAndCodeToIwEEvT_PSo
FN:276,_ZN7testing8internal7PrintToEhPSo
FN:277,_ZN7testing8internal7PrintToEaPSo
FN:281,_ZN7testing8internal7PrintToEwPSo
FN:284,_ZN7testing8internal7PrintToEDiPSo
FN:291,_ZN7testing8internal7PrintToEoPSo
FN:324,_ZN7testing8internal7PrintToEnPSo
FN:342,_ZN7testing8internalL20PrintCharsAsStringToIcEENS0_10CharFormatEPKT_yPSo
FN:342,_ZN7testing8internalL20PrintCharsAsStringToIDiEENS0_10CharFormatEPKT_yPSo
FN:342,_ZN7testing8internalL20PrintCharsAsStringToIwEENS0_10CharFormatEPKT_yPSo
FN:342,_ZN7testing8internalL20PrintCharsAsStringToIDsEENS0_10CharFormatEPKT_yPSo
FN:371,_ZN7testing8internalL23UniversalPrintCharArrayIDiEEvPKT_yPSo
FN:371,_ZN7testing8internalL23UniversalPrintCharArrayIwEEvPKT_yPSo
FN:371,_ZN7testing8internalL23UniversalPrintCharArrayIcEEvPKT_yPSo
FN:371,_ZN7testing8internalL23UniversalPrintCharArrayIDsEEvPKT_yPSo
FN:394,_ZN7testing8internal19UniversalPrintArrayEPKcyPSo
FN:408,_ZN7testing8internal19UniversalPrintArrayEPKDsyPSo
FN:414,_ZN7testing8internal19UniversalPrintArrayEPKDiyPSo
FN:420,_ZN7testing8internal19UniversalPrintArrayEPKwyPSo
FN:428,_ZN7testing8internal12_GLOBAL__N_1L14PrintCStringToIwEEvPKT_PSo
FN:428,_ZN7testing8internal12_GLOBAL__N_1L14PrintCStringToIDiEEvPKT_PSo
FN:428,_ZN7testing8internal12_GLOBAL__N_1L14PrintCStringToIDsEEvPKT_PSo
FN:428,_ZN7testing8internal12_GLOBAL__N_1L14PrintCStringToIcEEvPKT_PSo
FN:439,_ZN7testing8internal7PrintToEPKcPSo
FN:445,_ZN7testing8internal7PrintToEPKDsPSo
FN:447,_ZN7testing8internal7PrintToEPKDiPSo
FN:457,_ZN7testing8internal7PrintToEPKwPSo
FN:462,_ZN7testing8internal12_GLOBAL__N_1L31ContainsUnprintableControlCodesEPKcy
FN:481,_ZN7testing8internal12_GLOBAL__N_1L15IsUTF8TrailByteEh
FN:483,_ZN7testing8internal12_GLOBAL__N_1L11IsValidUTF8EPKcy
FN:516,_ZN7testing8internal12_GLOBAL__N_1L22ConditionalPrintAsTextEPKcyPSo
FN:525,_ZN7testing8internal13PrintStringToERKNSt7__cxx1112basic_stringIcSt11char_traitsIcESaIcEEEPSo
FN:539,_ZN7testing8internal16PrintU16StringToERKNSt7__cxx1112basic_stringIDsSt11char_traitsIDsESaIDsEEEPSo
FN:543,_ZN7testing8internal16PrintU32StringToERKNSt7__cxx1112basic_stringIDiSt11char_traitsIDiESaIDiEEEPSo
FN:548,_ZN7testing8internal17PrintWideStringToERKNSt7__cxx1112basic_stringIwSt11char_traitsIwESaIwEEEPSo
FNDA:0,_ZN7testing8internal7PrintToEDiPSo
FNDA:0,_ZN7testing8internalL23UniversalPrintCharArrayIcEEvPKT_yPSo
FNDA:0,_ZN7testing8internal7PrintToEoPSo
FNDA:0,_ZN7testing8internal18PrintCharAndCodeToIwEEvT_PSo
FNDA:0,_ZN7testing8internal7PrintToEaPSo
FNDA:0,_ZN7testing8internalL23UniversalPrintCharArrayIDsEEvPKT_yPSo
FNDA:21,_ZN7testing12_GLOBAL__N_1L8ToChar32IDiEEDiT_
FNDA:0,_ZN7testing8internal16PrintU32StringToERKNSt7__cxx1112basic_stringIDiSt11char_traitsIDiESaIDiEEEPSo
FNDA:0,_ZN7testing8internalL18GetCharWidthPrefixEDi
FNDA:0,_ZN7testing8internalL20PrintCharsAsStringToIDsEENS0_10CharFormatEPKT_yPSo
FNDA:10,_ZN7testing8internalL18GetCharWidthPrefixEc
FNDA:0,_ZN7testing12_GLOBAL__N_1L26PrintByteSegmentInObjectToEPKhyyPSo
FNDA:0,_ZN7testing8internal18PrintCharAndCodeToIhEEvT_PSo
FNDA:0,_ZN7testing8internalL18GetCharWidthPrefixEa
FNDA:0,_ZN7testing8internalL20PrintAsCharLiteralToIaEENS0_10CharFormatET_PSo
FNDA:0,_ZN7testing8internalL18GetCharWidthPrefixEDs
FNDA:0,_ZN7testing12_GLOBAL__N_1L8ToChar32IhEEDiT_
FNDA:10,_ZN7testing8internal13PrintStringToERKNSt7__cxx1112basic_stringIcSt11char_traitsIcESaIcEEEPSo
FNDA:0,_ZN7testing8internal12_GLOBAL__N_1L31ContainsUnprintableControlCodesEPKcy
FNDA:0,_ZN7testing8internalL22PrintAsStringLiteralToEwPSo
FNDA:0,_ZN7testing8internal12_GLOBAL__N_1L11IsValidUTF8EPKcy
FNDA:0,_ZN7testing8internal7PrintToEnPSo
FNDA:0,_ZN7testing12_GLOBAL__N_1L8ToChar32IwEEDiT_
FNDA:0,_ZN7testing8internal17PrintWideStringToERKNSt7__cxx1112basic_stringIwSt11char_traitsIwESaIwEEEPSo
FNDA:0,_ZN7testing8internalL20PrintCharsAsStringToIwEENS0_10CharFormatEPKT_yPSo
FNDA:0,_ZN7testing8internal19UniversalPrintArrayEPKDiyPSo
FNDA:0,_ZN7testing8internalL20PrintAsCharLiteralToIhEENS0_10CharFormatET_PSo
FNDA:0,_ZN7testing12_GLOBAL__N_1L8ToChar32IDsEEDiT_
FNDA:0,_ZN7testing8internal7PrintToEPKDiPSo
FNDA:0,_ZN7testing8internal7PrintToEwPSo
FNDA:0,_ZN7testing8internal12_GLOBAL__N_1L14PrintCStringToIDsEEvPKT_PSo
FNDA:0,_ZN7testing8internal12_GLOBAL__N_1L14PrintCStringToIcEEvPKT_PSo
FNDA:0,_ZN7testing8internalL18GetCharWidthPrefixEh
FNDA:0,_ZN7testing8internal7PrintToEPKcPSo
FNDA:0,_ZN7testing8internal7PrintToEhPSo
FNDA:0,_ZN7testing8internalL23UniversalPrintCharArrayIwEEvPKT_yPSo
FNDA:0,_ZN7testing8internal12_GLOBAL__N_1L14PrintCStringToIDiEEvPKT_PSo
FNDA:0,_ZN7testing12_GLOBAL__N_1L24PrintBytesInObjectToImplEPKhyPSo
FNDA:0,_ZN7testing8internal12_GLOBAL__N_1L22ConditionalPrintAsTextEPKcyPSo
FNDA:21,_ZN7testing8internalL22PrintAsStringLiteralToEDiPSo
FNDA:21,_ZN7testing12_GLOBAL__N_1L8ToChar32IcEEDiT_
FNDA:0,_ZN7testing8internal7PrintToEPKwPSo
FNDA:0,_ZN7testing8internalL23UniversalPrintCharArrayIDiEEvPKT_yPSo
FNDA:0,_ZN7testing8internalL20PrintCharsAsStringToIDiEENS0_10CharFormatEPKT_yPSo
FNDA:0,_ZN7testing8internal19UniversalPrintArrayEPKDsyPSo
FNDA:0,_ZN7testing8internal12_GLOBAL__N_1L14PrintCStringToIwEEvPKT_PSo
FNDA:0,_ZN7testing12_GLOBAL__N_1L8ToChar32IaEEDiT_
FNDA:21,_ZN7testing8internal16IsPrintableAsciiEDi
FNDA:0,_ZN7testing8internal19UniversalPrintArrayEPKcyPSo
FNDA:21,_ZN7testing8internalL22PrintAsStringLiteralToEcPSo
FNDA:0,_ZN7testing8internal19UniversalPrintArrayEPKwyPSo
FNDA:0,_ZN7testing8internalL20PrintAsCharLiteralToIwEENS0_10CharFormatET_PSo
FNDA:0,_ZN7testing8internalL18GetCharWidthPrefixEw
FNDA:21,_ZN7testing8internalL20PrintAsCharLiteralToIDiEENS0_10CharFormatET_PSo
FNDA:0,_ZN7testing8internalL22PrintAsStringLiteralToEDsPSo
FNDA:0,_ZN7testing8internal12_GLOBAL__N_1L15IsUTF8TrailByteEh
FNDA:0,_ZN7testing8internal7PrintToEPKDsPSo
FNDA:0,_ZN7testing8internal20PrintBytesInObjectToEPKhyPSo
FNDA:10,_ZN7testing8internalL20PrintCharsAsStringToIcEENS0_10CharFormatEPKT_yPSo
FNDA:0,_ZN7testing8internal16PrintU16StringToERKNSt7__cxx1112basic_stringIDsSt11char_traitsIDsESaIDsEEEPSo
FNDA:0,_ZN7testing8internal18PrintCharAndCodeToIaEEvT_PSo
FNF:61
FNH:9
DA:70,0
DA:72,0
DA:73,0
DA:74,0
DA:75,0
DA:78,0
DA:79,0
DA:81,0
DA:83,0
DA:84,0
DA:86,0
DA:89,0
DA:92,0
DA:94,0
DA:95,0
DA:99,0
DA:100,0
DA:102,0
DA:103,0
DA:105,0
DA:106,0
DA:108,0
DA:109,0
DA:116,42
DA:118,42
DA:130,0
DA:132,0
DA:133,0
DA:145,21
DA:151,21
DA:152,21
DA:153,21
DA:154,0
DA:155,0
DA:156,0
DA:157,0
DA:158,0
DA:159,0
DA:160,0
DA:161,0
DA:162,0
DA:163,0
DA:164,0
DA:165,0
DA:166,0
DA:167,0
DA:168,0
DA:169,0
DA:170,0
DA:171,0
DA:172,0
DA:173,0
DA:174,0
DA:175,0
DA:176,0
DA:177,0
DA:178,0
DA:179,0
DA:180,0
DA:181,0
DA:182,0
DA:183,0
DA:184,21
DA:185,21
DA:186,21
DA:187,21
DA:189,0
DA:190,0
DA:191,0
DA:192,0
DA:195,0
DA:200,21
DA:201,21
DA:202,0
DA:203,0
DA:204,0
DA:205,0
DA:206,0
DA:207,0
DA:208,21
DA:209,21
DA:213,10
DA:215,0
DA:217,0
DA:223,0
DA:225,0
DA:227,0
DA:231,21
DA:232,21
DA:241,0
DA:242,0
DA:245,0
DA:246,0
DA:253,0
DA:255,0
DA:256,0
DA:257,0
DA:262,0
DA:263,0
DA:268,0
DA:271,0
DA:273,0
DA:276,0
DA:277,0
DA:281,0
DA:284,0
DA:285,0
DA:286,0
DA:287,0
DA:291,0
DA:292,0
DA:293,0
DA:294,0
DA:299,0
DA:304,0
DA:305,0
DA:307,0
DA:308,0
DA:309,0
DA:310,0
DA:316,0
DA:317,0
DA:319,0
DA:320,0
DA:322,0
DA:324,0
DA:325,0
DA:326,0
DA:327,0
DA:328,0
DA:330,0
DA:331,0
DA:342,10
DA:343,10
DA:344,10
DA:345,10
DA:346,10
DA:347,31
DA:348,21
DA:349,21
DA:353,0
DA:355,21
DA:357,21
DA:358,0
DA:361,10
DA:362,10
DA:371,0
DA:380,0
DA:381,0
DA:382,0
DA:389,0
DA:390,0
DA:394,0
DA:395,0
DA:396,0
DA:408,0
DA:409,0
DA:410,0
DA:414,0
DA:415,0
DA:416,0
DA:420,0
DA:421,0
DA:422,0
DA:428,0
DA:429,0
DA:430,0
DA:432,0
DA:433,0
DA:435,0
DA:439,0
DA:445,0
DA:447,0
DA:457,0
DA:462,0
DA:463,0
DA:465,0
DA:466,0
DA:467,0
DA:468,0
DA:469,0
DA:472,0
DA:473,0
DA:474,0
DA:478,0
DA:481,0
DA:483,0
DA:484,0
DA:486,0
DA:487,0
DA:489,0
DA:490,0
DA:492,0
DA:493,0
DA:494,0
DA:495,0
DA:496,0
DA:497,0
DA:499,0
DA:500,0
DA:501,0
DA:502,0
DA:503,0
DA:504,0
DA:506,0
DA:507,0
DA:508,0
DA:510,0
DA:513,0
DA:516,0
DA:517,0
DA:518,0
DA:519,0
DA:521,0
DA:525,10
DA:526,10
DA:527,0
DA:528,0
DA:531,10
DA:539,0
DA:540,0
DA:541,0
DA:543,0
DA:544,0
DA:545,0
DA:548,0
DA:549,0
DA:550,0
LF:228
LH:32
end_of_record
TN:
SF:C:\DEV\TDD_TV_15\build\_deps\googletest-src\googletest\src\gtest-test-part.cc
FN:45,_ZN7testing14TestPartResult14ExtractSummaryB5cxx11EPKc
FN:51,_ZN7testinglsERSoRKNS_14TestPartResultE
FN:65,_ZN7testing19TestPartResultArray6AppendERKNS_14TestPartResultE
FN:70,_ZNK7testing19TestPartResultArray17GetTestPartResultEi
FN:80,_ZNK7testing19TestPartResultArray4sizeEv
FN:86,_ZN7testing8internal24HasNewFatalFailureHelperC2Ev
FN:93,_ZN7testing8internal24HasNewFatalFailureHelperD2Ev
FN:93,_ZN7testing8internal24HasNewFatalFailureHelperD0Ev
FN:98,_ZN7testing8internal24HasNewFatalFailureHelper20ReportTestPartResultERKNS_14TestPartResultE
FNDA:0,_ZNK7testing19TestPartResultArray17GetTestPartResultEi
FNDA:0,_ZNK7testing19TestPartResultArray4sizeEv
FNDA:0,_ZN7testing8internal24HasNewFatalFailureHelperC2Ev
FNDA:0,_ZN7testing14TestPartResult14ExtractSummaryB5cxx11EPKc
FNDA:0,_ZN7testing19TestPartResultArray6AppendERKNS_14TestPartResultE
FNDA:0,_ZN7testing8internal24HasNewFatalFailureHelperD2Ev
FNDA:0,_ZN7testinglsERSoRKNS_14TestPartResultE
FNDA:0,_ZN7testing8internal24HasNewFatalFailureHelper20ReportTestPartResultERKNS_14TestPartResultE
FNDA:0,_ZN7testing8internal24HasNewFatalFailureHelperD0Ev
FNF:9
FNH:0
DA:45,0
DA:46,0
DA:47,0
DA:51,0
DA:52,0
DA:55,0
DA:56,0
DA:57,0
DA:58,0
DA:61,0
DA:65,0
DA:66,0
DA:67,0
DA:70,0
DA:71,0
DA:72,0
DA:73,0
DA:76,0
DA:80,0
DA:81,0
DA:86,0
DA:87,0
DA:88,0
DA:89,0
DA:90,0
DA:91,0
DA:93,0
DA:94,0
DA:96,0
DA:98,0
DA:100,0
DA:101,0
DA:102,0
LF:33
LH:0
end_of_record
TN:
SF:C:\DEV\TDD_TV_15\build\_deps\googletest-src\googletest\src\gtest-typed-test.cc
FN:43,_ZN7testing8internalL10SkipSpacesEPKc
FN:48,_ZN7testing8internalL18SplitIntoTestNamesEPKc
FN:60,_ZN7testing8internal20TypedTestSuitePState25VerifyRegisteredTestNamesEPKcS3_iS3_
FNDA:0,_ZN7testing8internalL18SplitIntoTestNamesEPKc
FNDA:0,_ZN7testing8internal20TypedTestSuitePState25VerifyRegisteredTestNamesEPKcS3_iS3_
FNDA:0,_ZN7testing8internalL10SkipSpacesEPKc
FNF:3
FNH:0
DA:43,0
DA:44,0
DA:45,0
DA:48,0
DA:49,0
DA:50,0
DA:51,0
DA:52,0
DA:54,0
DA:55,0
DA:60,0
DA:63,0
DA:66,0
DA:68,0
DA:70,0
DA:72,0
DA:73,0
DA:74,0
DA:75,0
DA:76,0
DA:77,0
DA:78,0
DA:81,0
DA:82,0
DA:84,0
DA:85,0
DA:89,0
DA:90,0
DA:91,0
DA:92,0
DA:96,0
DA:97,0
DA:98,0
DA:100,0
DA:101,0
DA:104,0
DA:105,0
LF:37
LH:0
end_of_record
TN:
SF:C:\DEV\TDD_TV_15\build\_deps\googletest-src\googletest\src\gtest.cc
FN:209,_ZN7testing8internalL18OpenFileForWritingERKNSt7__cxx1112basic_stringIcSt11char_traitsIcESaIcEEE
FN:228,_ZN7testingL16GetDefaultFilterEv
FN:239,_ZN7testingL18GetDefaultFailFastEv
FN:400,_ZN7testing8internal6Random8GenerateEj
FN:419,_ZN7testing8internalL18GTestIsInitializedEv
FN:424,_ZN7testing8internalL20SumOverTestSuiteListERKSt6vectorIPNS_9TestSuiteESaIS3_EEMS2_KFivE
FN:434,_ZN7testing8internalL15TestSuitePassedEPKNS_9TestSuiteE
FN:439,_ZN7testing8internalL15TestSuiteFailedEPKNS_9TestSuiteE
FN:445,_ZN7testing8internalL18ShouldRunTestSuiteEPKNS_9TestSuiteE
FN:450,_ZN7testing8internal12AssertHelperC2ENS_14TestPartResult4TypeEPKciS5_
FN:454,_ZN7testing8internal12AssertHelperD2Ev
FN:457,_ZNK7testing8internal12AssertHelperaSERKNS_7MessageE
FN:479,_ZN7testing8internal12_GLOBAL__N_111FailureTestC2ERKNS0_12CodeLocationENSt7__cxx1112basic_stringIcSt11char_traitsIcESaIcEEEb
FN:485,_ZN7testing8internal12_GLOBAL__N_111FailureTest8TestBodyEv
FN:502,_ZN7testing8internal33GetIgnoredParameterizedTestSuitesB5cxx11Ev
FN:507,_ZN7testing8internal13MarkAsIgnoredC2EPKc
FN:513,_ZN7testing8internal23InsertSyntheticTestCaseERKNSt7__cxx1112basic_stringIcSt11char_traitsIcESaIcEEENS0_12CodeLocationEb
FN:551,_ZZN7testing8internal23InsertSyntheticTestCaseERKNSt7__cxx1112basic_stringIcSt11char_traitsIcESaIcEEENS0_12CodeLocationEbENKUlvE_clEv
FN:557,_ZN7testing8internal34RegisterTypeParameterizedTestSuiteEPKcNS0_12CodeLocationE
FN:563,_ZN7testing8internal47RegisterTypeParameterizedTestSuiteInstantiationEPKc
FN:568,_ZN7testing8internal34TypeParameterizedTestSuiteRegistry17RegisterTestSuiteEPKcNS0_12CodeLocationE
FN:574,_ZN7testing8internal34TypeParameterizedTestSuiteRegistry21RegisterInstantiationEPKc
FN:585,_ZN7testing8internal34TypeParameterizedTestSuiteRegistry22CheckForInstantiationsEv
FN:614,_ZZN7testing8internal34TypeParameterizedTestSuiteRegistry22CheckForInstantiationsEvENKUlvE_clEv
FN:624,_ZN7testing8internal8GetArgvsB5cxx11Ev
FN:638,_ZN7testing8internal24GetCurrentExecutableNameEv
FN:654,_ZN7testing8internal15UnitTestOptions15GetOutputFormatB5cxx11Ev
FN:667,_ZN7testing8internal15UnitTestOptions27GetAbsolutePathToOutputFileB5cxx11Ev
FN:703,_ZN7testing8internalL20PatternMatchesStringERKNSt7__cxx1112basic_stringIcSt11char_traitsIcESaIcEEEPKcSA_
FN:752,_ZN7testing8internal12_GLOBAL__N_1L13IsGlobPatternERKNSt7__cxx1112basic_stringIcSt11char_traitsIcESaIcEEE
FN:754,_ZZN7testing8internal12_GLOBAL__N_1L13IsGlobPatternERKNSt7__cxx1112basic_stringIcSt11char_traitsIcESaIcEEEENKUlcE_clEc
FN:759,_ZN7testing8internal12_GLOBAL__N_114UnitTestFilterC2Ev
FN:762,_ZN7testing8internal12_GLOBAL__N_114UnitTestFilterC2ERKNSt7__cxx1112basic_stringIcSt11char_traitsIcESaIcEEE
FN:780,_ZNK7testing8internal12_GLOBAL__N_114UnitTestFilter11MatchesNameERKNSt7__cxx1112basic_stringIcSt11char_traitsIcESaIcEEE
FN:783,_ZZNK7testing8internal12_GLOBAL__N_114UnitTestFilter11MatchesNameERKNSt7__cxx1112basic_stringIcSt11char_traitsIcESaIcEEEENKUlSA_E_clESA_
FN:802,_ZN7testing8internal12_GLOBAL__N_133PositiveAndNegativeUnitTestFilterC2ERKNSt7__cxx1112basic_stringIcSt11char_traitsIcESaIcEEE
FN:832,_ZNK7testing8internal12_GLOBAL__N_133PositiveAndNegativeUnitTestFilter11MatchesTestERKNSt7__cxx1112basic_stringIcSt11char_traitsIcESaIcEEESA_
FN:839,_ZNK7testing8internal12_GLOBAL__N_133PositiveAndNegativeUnitTestFilter11MatchesNameERKNSt7__cxx1112basic_stringIcSt11char_traitsIcESaIcEEE
FN:850,_ZN7testing8internal15UnitTestOptions13MatchesFilterERKNSt7__cxx1112basic_stringIcSt11char_traitsIcESaIcEEEPKc
FN:857,_ZN7testing8internal15UnitTestOptions17FilterMatchesTestERKNSt7__cxx1112basic_stringIcSt11char_traitsIcESaIcEEES9_
FN:907,_ZN7testing32ScopedFakeTestPartResultReporterC2EPNS_19TestPartResultArrayE
FN:916,_ZN7testing32ScopedFakeTestPartResultReporterC2ENS0_13InterceptModeEPNS_19TestPartResultArrayE
FN:922,_ZN7testing32ScopedFakeTestPartResultReporter4InitEv
FN:935,_ZN7testing32ScopedFakeTestPartResultReporterD2Ev
FN:935,_ZN7testing32ScopedFakeTestPartResultReporterD0Ev
FN:946,_ZN7testing32ScopedFakeTestPartResultReporter20ReportTestPartResultERKNS_14TestPartResultE
FN:962,_ZN7testing8internal13GetTestTypeIdEv
FN:971,_ZN7testing8internalL13HasOneFailureEPKcS2_S2_RKNS_19TestPartResultArrayENS_14TestPartResult4TypeERKNSt7__cxx1112basic_stringIcSt11char_traitsIcESaIcEEE
FN:1010,_ZN7testing8internal20SingleFailureCheckerC2EPKNS_19TestPartResultArrayENS_14TestPartResult4TypeERKNSt7__cxx1112basic_stringIcSt11char_traitsIcESaIcEEE
FN:1019,_ZN7testing8internal20SingleFailureCheckerD2Ev
FN:1023,_ZN7testing8internal35DefaultGlobalTestPartResultReporterC2EPNS0_12UnitTestImplE
FN:1027,_ZN7testing8internal35DefaultGlobalTestPartResultReporter20ReportTestPartResultERKNS_14TestPartResultE
FN:1033,_ZN7testing8internal38DefaultPerThreadTestPartResultReporterC2EPNS0_12UnitTestImplE
FN:1037,_ZN7testing8internal38DefaultPerThreadTestPartResultReporter20ReportTestPartResultERKNS_14TestPartResultE
FN:1044,_ZN7testing8internal12UnitTestImpl31GetGlobalTestPartResultReporterEv
FN:1050,_ZN7testing8internal12UnitTestImpl31SetGlobalTestPartResultReporterEPNS_31TestPartResultReporterInterfaceE
FN:1058,_ZN7testing8internal12UnitTestImpl41GetTestPartResultReporterForCurrentThreadEv
FN:1063,_ZN7testing8internal12UnitTestImpl41SetTestPartResultReporterForCurrentThreadEPNS_31TestPartResultReporterInterfaceE
FN:1069,_ZNK7testing8internal12UnitTestImpl27successful_test_suite_countEv
FN:1074,_ZNK7testing8internal12UnitTestImpl23failed_test_suite_countEv
FN:1079,_ZNK7testing8internal12UnitTestImpl22total_test_suite_countEv
FN:1085,_ZNK7testing8internal12UnitTestImpl23test_suite_to_run_countEv
FN:1090,_ZNK7testing8internal12UnitTestImpl21successful_test_countEv
FN:1095,_ZNK7testing8internal12UnitTestImpl18skipped_test_countEv
FN:1100,_ZNK7testing8internal12UnitTestImpl17failed_test_countEv
FN:1105,_ZNK7testing8internal12UnitTestImpl30reportable_disabled_test_countEv
FN:1111,_ZNK7testing8internal12UnitTestImpl19disabled_test_countEv
FN:1116,_ZNK7testing8internal12UnitTestImpl21reportable_test_countEv
FN:1121,_ZNK7testing8internal12UnitTestImpl16total_test_countEv
FN:1126,_ZNK7testing8internal12UnitTestImpl17test_to_run_countEv
FN:1140,_ZN7testing8internal12UnitTestImpl28CurrentOsStackTraceExceptTopB5cxx11Ei
FN:1151,_ZN7testing8internal5TimerC1Ev
FN:1154,_ZN7testing8internal5Timer7ElapsedEv
FN:1174,_ZN7testing8internal15GetTimeInMillisEv
FN:1224,_ZN7testing8internal6String13CStringEqualsEPKcS3_
FN:1236,_ZN7testing8internalL24StreamWideCharsToMessageEPKwyPNS_7MessageE
FN:1251,_ZN7testing8internal11SplitStringERKNSt7__cxx1112basic_stringIcSt11char_traitsIcESaIcEEEcPSt6vectorIS6_SaIS6_EE
FN:1275,_ZN7testing7MessageC2Ev
FN:1283,_ZN7testing7MessagelsEPKw
FN:1286,_ZN7testing7MessagelsEPw
FN:1293,_ZN7testing7MessagelsERKNSt7__cxx1112basic_stringIwSt11char_traitsIwESaIwEEE
FN:1301,_ZNK7testing7Message9GetStringB5cxx11Ev
FN:1308,_ZN7testing8internal13edit_distance21CalculateOptimalEditsERKSt6vectorIySaIyEES6_
FN:1370,_ZN7testing8internal13edit_distance12_GLOBAL__N_115InternalStrings5GetIdERKNSt7__cxx1112basic_stringIcSt11char_traitsIcESaIcEEE
FN:1384,_ZN7testing8internal13edit_distance21CalculateOptimalEditsERKSt6vectorINSt7__cxx1112basic_stringIcSt11char_traitsIcESaIcEEESaIS8_EESC_
FN:1408,_ZN7testing8internal13edit_distance12_GLOBAL__N_14HunkC2Eyy
FN:1415,_ZN7testing8internal13edit_distance12_GLOBAL__N_14Hunk8PushLineEcPKc
FN:1433,_ZN7testing8internal13edit_distance12_GLOBAL__N_14Hunk7PrintToEPSo
FN:1443,_ZNK7testing8internal13edit_distance12_GLOBAL__N_14Hunk9has_editsEv
FN:1446,_ZN7testing8internal13edit_distance12_GLOBAL__N_14Hunk10FlushEditsEv
FN:1455,_ZNK7testing8internal13edit_distance12_GLOBAL__N_14Hunk11PrintHeaderEPSo
FN:1483,_ZN7testing8internal13edit_distance17CreateUnifiedDiffERKSt6vectorINSt7__cxx1112basic_stringIcSt11char_traitsIcESaIcEEESaIS8_EESC_y
FN:1553,_ZN7testing8internal12_GLOBAL__N_1L18SplitEscapedStringERKNSt7__cxx1112basic_stringIcSt11char_traitsIcESaIcEEE
FN:1593,_ZN7testing8internal9EqFailureEPKcS2_RKNSt7__cxx1112basic_stringIcSt11char_traitsIcESaIcEEESA_b
FN:1625,_ZN7testing8internal30GetBoolAssertionFailureMessageB5cxx11ERKNS_15AssertionResultEPKcS5_S5_
FN:1638,_ZN7testing8internal20DoubleNearPredFormatEPKcS2_S2_ddd
FN:1679,_ZN7testing8internal15FloatingPointLEIdEENS_15AssertionResultEPKcS4_T_S5_
FN:1679,_ZN7testing8internal15FloatingPointLEIfEENS_15AssertionResultEPKcS4_T_S5_
FN:1714,_ZN7testing7FloatLEEPKcS1_ff
FN:1721,_ZN7testing8DoubleLEEPKcS1_dd
FN:1729,_ZN7testing8internal14CmpHelperSTREQEPKcS2_S2_S2_
FN:1741,_ZN7testing8internal18CmpHelperSTRCASEEQEPKcS2_S2_S2_
FN:1753,_ZN7testing8internal14CmpHelperSTRNEEPKcS2_S2_S2_
FN:1766,_ZN7testing8internal18CmpHelperSTRCASENEEPKcS2_S2_S2_
FN:1788,_ZN7testing12_GLOBAL__N_1L15IsSubstringPredEPKcS2_
FN:1794,_ZN7testing12_GLOBAL__N_1L15IsSubstringPredEPKwS2_
FN:1802,_ZN7testing12_GLOBAL__N_1L15IsSubstringPredINSt7__cxx1112basic_stringIcSt11char_traitsIcESaIcEEEEEbRKT_SA_
FN:1802,_ZN7testing12_GLOBAL__N_1L15IsSubstringPredINSt7__cxx1112basic_stringIwSt11char_traitsIwESaIwEEEEEbRKT_SA_
FN:1811,_ZN7testing12_GLOBAL__N_1L15IsSubstringImplIPKcEENS_15AssertionResultEbS3_S3_RKT_S7_
FN:1811,_ZN7testing12_GLOBAL__N_1L15IsSubstringImplINSt7__cxx1112basic_stringIcSt11char_traitsIcESaIcEEEEENS_15AssertionResultEbPKcSA_RKT_SD_
FN:1811,_ZN7testing12_GLOBAL__N_1L15IsSubstringImplINSt7__cxx1112basic_stringIwSt11char_traitsIwESaIwEEEEENS_15AssertionResultEbPKcSA_RKT_SD_
FN:1811,_ZN7testing12_GLOBAL__N_1L15IsSubstringImplIPKwEENS_15AssertionResultEbPKcS6_RKT_S9_
FN:1835,_ZN7testing11IsSubstringEPKcS1_S1_S1_
FN:1840,_ZN7testing11IsSubstringEPKcS1_PKwS3_
FN:1845,_ZN7testing14IsNotSubstringEPKcS1_S1_S1_
FN:1851,_ZN7testing14IsNotSubstringEPKcS1_PKwS3_
FN:1857,_ZN7testing11IsSubstringEPKcS1_RKNSt7__cxx1112basic_stringIcSt11char_traitsIcESaIcEEES9_
FN:1863,_ZN7testing14IsNotSubstringEPKcS1_RKNSt7__cxx1112basic_stringIcSt11char_traitsIcESaIcEEES9_
FN:1871,_ZN7testing11IsSubstringEPKcS1_RKNSt7__cxx1112basic_stringIwSt11char_traitsIwESaIwEEES9_
FN:1877,_ZN7testing14IsNotSubstringEPKcS1_RKNSt7__cxx1112basic_stringIwSt11char_traitsIwESaIwEEES9_
FN:1892,_ZN7testing8internal12_GLOBAL__N_1L20HRESULTFailureHelperEPKcS3_l
FN:1932,_ZN7testing8internal16IsHRESULTSuccessEPKcl
FN:1939,_ZN7testing8internal16IsHRESULTFailureEPKcl
FN:1977,_ZN7testing8internal11ChopLowBitsEPji
FN:1989,_ZN7testing8internal15CodePointToUtf8B5cxx11Ej
FN:2024,_ZN7testing8internal20IsUtf16SurrogatePairEww
FN:2030,_ZN7testing8internal37CreateCodePointFromUtf16SurrogatePairEww
FN:2056,_ZN7testing8internal16WideStringToUtf8B5cxx11EPKwi
FN:2080,_ZN7testing8internal6String15ShowWideCStringB5cxx11EPKw
FN:2092,_ZN7testing8internal6String17WideCStringEqualsEPKwS3_
FN:2101,_ZN7testing8internal14CmpHelperSTREQEPKcS2_PKwS4_
FN:2113,_ZN7testing8internal14CmpHelperSTRNEEPKcS2_PKwS4_
FN:2131,_ZN7testing8internal6String28CaseInsensitiveCStringEqualsEPKcS3_
FN:2149,_ZN7testing8internal6String32CaseInsensitiveWideCStringEqualsEPKwS3_
[...]
DA:3222,0
DA:3223,0
DA:3224,0
DA:3225,0
DA:3226,0
DA:3227,0
DA:3228,0
DA:3229,0
DA:3230,0
DA:3231,0
DA:3238,0
DA:3239,0
DA:3240,0
DA:3242,0
DA:3249,0
DA:3251,0
DA:3252,0
DA:3253,0
DA:3254,0
DA:3255,0
DA:3256,0
DA:3257,0
DA:3258,0
DA:3259,0
DA:3260,0
DA:3264,0
DA:3265,0
DA:3266,0
DA:3267,0
DA:3271,0
DA:3279,0
DA:3281,0
DA:3285,0
DA:3290,0
DA:3292,0
DA:3293,0
DA:3294,0
DA:3295,0
DA:3321,0
DA:3322,0
DA:3323,0
DA:3325,0
DA:3333,0
DA:3334,0
DA:3335,0
DA:3337,0
DA:3338,0
DA:3339,0
DA:3340,0
DA:3341,0
DA:3343,0
DA:3344,0
DA:3347,0
DA:3354,2
DA:3355,0
DA:3356,0
DA:3357,0
DA:3360,0
DA:3363,0
DA:3382,0
DA:3384,0
DA:3393,0
DA:3395,0
DA:3396,0
DA:3398,0
DA:3399,0
DA:3403,0
DA:3404,0
DA:3408,0
DA:3409,0
DA:3410,0
DA:3415,0
DA:3416,0
DA:3421,0
DA:3422,0
DA:3423,0
DA:3424,0
DA:3425,0
DA:3426,0
DA:3428,0
DA:3430,0
DA:3431,0
DA:3432,0
DA:3433,0
DA:3436,0
DA:3438,0
DA:3439,0
DA:3440,0
DA:3441,0
DA:3442,0
DA:3444,0
DA:3446,0
DA:3447,0
DA:3464,0
DA:3465,0
DA:3466,0
DA:3467,0
DA:3468,0
DA:3469,0
DA:3471,0
DA:3472,0
DA:3473,0
DA:3474,0
DA:3475,0
DA:3476,0
DA:3479,0
DA:3481,0
DA:3483,0
DA:3484,0
DA:3485,0
DA:3488,0
DA:3489,0
DA:3493,0
DA:3494,0
DA:3495,0
DA:3496,0
DA:3497,0
DA:3499,0
DA:3501,0
DA:3502,0
DA:3504,0
DA:3505,0
DA:3506,0
DA:3509,0
DA:3511,0
DA:3512,0
DA:3515,0
DA:3516,0
DA:3519,0
DA:3520,0
DA:3521,0
DA:3522,0
DA:3523,0
DA:3524,0
DA:3538,0
DA:3540,0
DA:3541,0
DA:3542,0
DA:3543,0
DA:3546,0
DA:3547,0
DA:3548,0
DA:3549,0
DA:3551,0
DA:3552,0
DA:3553,0
DA:3554,0
DA:3556,0
DA:3557,0
DA:3558,0
DA:3559,0
DA:3561,0
DA:3562,0
DA:3563,0
DA:3564,0
DA:3567,0
DA:3569,0
DA:3573,0
DA:3575,0
DA:3576,0
DA:3577,0
DA:3578,0
DA:3579,0
DA:3581,0
DA:3582,0
DA:3583,0
DA:3584,0
DA:3587,0
DA:3588,0
DA:3591,0
DA:3594,0
DA:3595,0
DA:3596,0
DA:3597,0
DA:3600,0
DA:3601,0
DA:3602,0
DA:3603,0
DA:3605,0
DA:3606,0
DA:3607,0
DA:3608,0
DA:3610,0
DA:3611,0
DA:3612,0
DA:3617,0
DA:3619,0
DA:3620,0
DA:3621,0
DA:3622,0
DA:3623,0
DA:3624,0
DA:3625,0
DA:3627,0
DA:3628,0
DA:3629,0
DA:3631,0
DA:3632,0
DA:3633,0
DA:3634,0
DA:3635,0
DA:3638,0
DA:3639,0
DA:3640,0
DA:3643,0
DA:3644,0
DA:3645,0
DA:3646,0
DA:3648,0
DA:3652,0
DA:3653,0
DA:3662,0
DA:3663,0
DA:3664,0
DA:3665,0
DA:3668,0
DA:3669,0
DA:3670,0
DA:3671,0
DA:3672,0
DA:3674,0
DA:3679,0
DA:3680,0
DA:3685,0
DA:3690,0
DA:3691,0
DA:3693,0
DA:3697,0
DA:3699,0
DA:3701,0
DA:3702,0
DA:3703,0
DA:3706,0
DA:3707,0
DA:3711,0
DA:3712,0
DA:3713,0
DA:3714,0
DA:3715,0
DA:3717,0
DA:3718,0
DA:3719,0
DA:3722,0
DA:3724,0
DA:3726,0
DA:3728,0
DA:3730,0
DA:3731,0
DA:3732,0
DA:3733,0
DA:3734,0
DA:3735,0
DA:3736,0
DA:3738,0
DA:3739,0
DA:3740,0
DA:3742,0
DA:3743,0
DA:3744,0
DA:3745,0
DA:3748,0
DA:3749,0
DA:3750,0
DA:3751,0
DA:3753,0
DA:3757,0
DA:3758,0
DA:3767,2
DA:3774,0
DA:3775,0
DA:3811,0
DA:3812,0
DA:3813,0
DA:3815,4
DA:3816,4
DA:3817,4
DA:3819,4
DA:3820,6
DA:3821,2
DA:3822,0
DA:3823,0
DA:3827,4
DA:3851,0
DA:3852,0
DA:3855,0
DA:3857,0
DA:3858,0
DA:3859,0
DA:3860,0
DA:3861,0
DA:3862,0
DA:3863,0
DA:3864,0
DA:3867,0
DA:3869,0
DA:3870,0
DA:3875,0
DA:3877,0
DA:3878,0
DA:3879,0
DA:3882,0
DA:3884,0
DA:3886,0
DA:3887,0
DA:3888,0
DA:3891,0
DA:3911,0
DA:3912,0
DA:3917,0
DA:3918,0
DA:3931,0
DA:3932,0
DA:3992,0
DA:3993,0
DA:3994,0
DA:3995,0
DA:3997,0
DA:4000,0
DA:4002,0
DA:4003,0
DA:4004,0
DA:4005,0
DA:4006,0
DA:4007,0
DA:4009,0
DA:4011,0
DA:4012,0
DA:4013,0
DA:4014,0
DA:4015,0
DA:4016,0
DA:4028,0
DA:4030,0
DA:4032,0
DA:4033,0
DA:4034,0
DA:4035,0
DA:4036,0
DA:4037,0
DA:4038,0
DA:4039,0
DA:4040,0
DA:4041,0
DA:4042,0
DA:4043,0
DA:4044,0
DA:4045,0
DA:4046,0
DA:4048,0
DA:4049,0
DA:4050,0
DA:4051,0
DA:4052,0
DA:4054,0
DA:4055,0
DA:4056,0
DA:4057,0
DA:4058,0
DA:4059,0
DA:4060,0
DA:4061,0
DA:4063,0
DA:4065,0
DA:4069,0
DA:4070,0
DA:4075,0
DA:4077,0
DA:4078,0
DA:4079,0
DA:4080,0
DA:4081,0
DA:4083,0
DA:4084,0
DA:4103,0
DA:4104,0
DA:4108,0
DA:4110,0
DA:4111,0
DA:4112,0
DA:4113,0
DA:4114,0
DA:4116,0
DA:4122,0
DA:4123,0
DA:4124,0
DA:4125,0
DA:4137,0
DA:4139,0
DA:4140,0
DA:4142,0
DA:4143,0
DA:4144,0
DA:4145,0
DA:4146,0
DA:4147,0
DA:4148,0
DA:4152,0
DA:4154,0
DA:4155,0
DA:4157,0
DA:4158,0
DA:4159,0
DA:4160,0
DA:4161,0
DA:4162,0
DA:4164,0
DA:4165,0
DA:4167,0
DA:4168,0
DA:4169,0
DA:4171,0
DA:4175,0
DA:4177,0
DA:4180,0
DA:4182,0
DA:4183,0
DA:4186,0
DA:4189,0
DA:4190,0
DA:4191,0
DA:4192,0
DA:4193,0
DA:4194,0
DA:4195,0
DA:4196,0
DA:4197,0
DA:4198,0
DA:4199,0
DA:4200,0
DA:4201,0
DA:4204,0
DA:4205,0
DA:4206,0
DA:4207,0
DA:4208,0
DA:4209,0
DA:4210,0
DA:4211,0
DA:4212,0
DA:4213,0
DA:4216,0
DA:4219,0
DA:4220,0
DA:4223,0
DA:4226,0
DA:4227,0
DA:4229,0
DA:4230,0
DA:4233,0
DA:4234,0
DA:4236,0
DA:4237,0
DA:4238,0
DA:4240,0
DA:4241,0
DA:4242,0
DA:4245,0
DA:4246,0
DA:4247,0
DA:4248,0
DA:4249,0
DA:4250,0
DA:4253,0
DA:4254,0
DA:4255,0
DA:4256,0
DA:4257,0
DA:4259,0
DA:4260,0
DA:4261,0
DA:4262,0
DA:4263,0
DA:4264,0
DA:4266,0
DA:4267,0
DA:4269,0
DA:4271,0
DA:4272,0
DA:4273,0
DA:4274,0
DA:4275,0
DA:4276,0
DA:4277,0
DA:4281,0
DA:4282,0
DA:4283,0
DA:4284,0
DA:4285,0
DA:4286,0
DA:4287,0
DA:4288,0
DA:4289,0
DA:4290,0
DA:4294,0
DA:4295,0
DA:4297,0
DA:4298,0
DA:4299,0
DA:4300,0
DA:4301,0
DA:4304,0
DA:4305,0
DA:4307,0
DA:4308,0
DA:4310,0
DA:4311,0
DA:4313,0
DA:4316,0
DA:4318,0
DA:4319,0
DA:4320,0
DA:4321,0
DA:4322,0
DA:4323,0
DA:4324,0
DA:4325,0
DA:4326,0
DA:4327,0
DA:4328,0
DA:4329,0
DA:4330,0
DA:4332,0
DA:4334,0
DA:4335,0
DA:4336,0
DA:4337,0
DA:4338,0
DA:4339,0
DA:4341,0
DA:4342,0
DA:4343,0
DA:4344,0
DA:4346,0
DA:4347,0
DA:4350,0
DA:4352,0
DA:4354,0
DA:4355,0
DA:4357,0
DA:4358,0
DA:4359,0
DA:4360,0
DA:4361,0
DA:4362,0
DA:4363,0
DA:4364,0
DA:4365,0
DA:4366,0
DA:4367,0
DA:4368,0
DA:4369,0
DA:4371,0
DA:4372,0
DA:4373,0
DA:4375,0
DA:4377,0
DA:4378,0
DA:4380,0
DA:4381,0
DA:4382,0
DA:4387,0
DA:4388,0
DA:4391,0
DA:4392,0
DA:4394,0
DA:4396,0
DA:4398,0
DA:4399,0
DA:4401,0
DA:4402,0
DA:4403,0
DA:4405,0
DA:4406,0
DA:4407,0
DA:4408,0
DA:4410,0
DA:4411,0
DA:4413,0
DA:4414,0
DA:4418,0
DA:4420,0
DA:4421,0
DA:4422,0
DA:4423,0
DA:4424,0
DA:4426,0
DA:4427,0
DA:4429,0
DA:4431,0
DA:4432,0
DA:4434,0
DA:4435,0
DA:4438,0
DA:4439,0
DA:4440,0
DA:4441,0
DA:4442,0
DA:4443,0
DA:4444,0
DA:4446,0
DA:4447,0
DA:4516,4
DA:4517,8
DA:4518,4
DA:4519,0
DA:4521,4
DA:4523,0
DA:4525,0
DA:4526,0
DA:4527,0
DA:4528,0
DA:4529,0
DA:4530,0
DA:4533,44
DA:4534,44
DA:4536,1035
DA:4537,991
DA:4538,991
DA:4539,88
DA:4542,88
DA:4543,88
DA:4544,0
DA:4545,0
DA:4546,0
DA:4547,0
DA:4548,0
DA:4549,0
DA:4550,0
DA:4551,0
DA:4552,0
DA:4553,0
DA:4554,0
DA:4555,0
DA:4556,0
DA:4557,0
DA:4558,0
DA:4559,903
DA:4560,903
DA:4561,0
DA:4563,903
DA:4565,903
DA:4569,88
DA:4570,44
DA:4576,0
DA:4577,0
DA:4578,0
DA:4579,0
DA:4580,0
DA:4584,0
DA:4586,0
DA:4587,0
DA:4589,0
DA:4590,0
DA:4591,0
DA:4592,0
DA:4593,0
DA:4594,0
DA:4597,56
DA:4598,112
DA:4601,44
DA:4608,88
DA:4610,88
DA:4613,0
DA:4615,44
DA:4616,44
DA:4617,44
DA:4619,20
DA:4623,40
DA:4625,40
DA:4628,0
DA:4630,20
DA:4631,20
DA:4632,20
DA:4635,0
DA:4638,0
DA:4639,0
DA:4640,0
DA:4641,0
DA:4642,0
DA:4643,0
DA:4644,0
DA:4645,0
DA:4646,0
DA:4647,0
DA:4648,0
DA:4649,0
DA:4650,0
DA:4651,0
DA:4653,0
DA:4656,0
DA:4657,0
DA:4658,0
DA:4659,0
DA:4660,0
DA:4661,0
DA:4662,0
DA:4663,0
DA:4664,0
DA:4665,0
DA:4666,0
DA:4667,0
DA:4670,0
DA:4673,0
DA:4674,0
DA:4677,14
DA:4680,14
DA:4681,14
DA:4682,14
DA:4684,14
DA:4685,42
DA:4687,14
DA:4688,40
DA:4691,14
DA:4692,0
DA:4696,42
DA:4697,28
DA:4698,14
DA:4699,14
DA:4700,14
DA:4702,0
DA:4705,0
DA:4706,0
DA:4707,0
DA:4708,0
DA:4709,0
DA:4712,0
DA:4713,0
DA:4715,0
DA:4716,0
DA:4717,0
DA:4719,0
DA:4721,0
DA:4722,28
DA:4724,0
DA:4726,0
DA:4728,0
DA:4729,0
DA:4730,0
DA:4731,0
DA:4732,0
DA:4733,0
DA:4736,0
DA:4740,0
DA:4741,0
DA:4745,0
DA:4746,0
DA:4749,0
DA:4750,0
DA:4751,0
DA:4754,4
DA:4756,4
DA:4757,4
DA:4759,4
DA:4760,12
DA:4761,8
DA:4763,4
DA:4764,0
DA:4766,0
DA:4768,0
DA:4769,0
DA:4770,0
DA:4771,0
DA:4773,0
DA:4774,0
DA:4776,0
DA:4777,0
DA:4780,4
DA:4782,4
DA:4783,18
DA:4784,14
DA:4785,14
DA:4786,10
DA:4788,4
DA:4790,14
DA:4793,4
DA:4794,4
DA:4797,0
DA:4799,0
DA:4800,0
DA:4801,0
DA:4803,0
DA:4805,0
DA:4807,0
DA:4809,0
DA:4810,0
DA:4811,0
DA:4814,0
DA:4815,0
DA:4817,0
DA:4818,0
DA:4821,0
DA:4822,0
DA:4824,0
DA:4825,0
DA:4827,0
DA:4828,0
DA:4829,0
DA:4830,0
DA:4831,0
DA:4833,0
DA:4835,0
DA:4841,0
DA:4842,0
DA:4843,0
DA:4845,0
DA:4850,0
DA:4851,0
DA:4853,2
DA:4855,2
DA:4856,2
DA:4857,2
DA:4858,2
DA:4859,8
DA:4860,4
DA:4862,4
DA:4864,6
DA:4865,2
DA:4867,6
DA:4868,4
DA:4869,2
DA:4871,4
DA:4876,2
DA:4877,2
DA:4880,0
DA:4882,0
DA:4883,0
DA:4884,0
DA:4885,0
DA:4886,0
DA:4887,0
DA:4889,0
DA:4890,0
DA:4971,0
DA:5017,0
DA:5021,0
DA:5031,0
DA:5038,2
DA:5039,4
DA:5042,2
DA:5046,0
DA:5047,0
DA:5048,0
DA:5050,2
DA:5052,4
DA:5054,2
DA:5055,0
DA:5056,0
DA:5057,0
DA:5058,0
DA:5059,0
DA:5063,2
DA:5077,2
DA:5078,2
DA:5079,2
DA:5080,2
DA:5082,0
DA:5088,4
DA:5089,4
DA:5090,4
DA:5095,4
DA:5096,4
DA:5097,2
DA:5098,2
DA:5099,2
DA:5100,4
DA:5105,0
DA:5112,2
DA:5113,2
DA:5116,2
DA:5117,2
DA:5118,2
DA:5120,2
DA:5127,2
DA:5128,2
DA:5131,2
DA:5132,2
DA:5133,2
DA:5135,2
DA:5139,0
DA:5140,0
DA:5143,0
DA:5144,0
DA:5145,0
DA:5156,26
DA:5165,26
DA:5166,26
DA:5171,0
DA:5172,0
DA:5176,0
DA:5177,0
DA:5181,0
DA:5182,0
DA:5187,0
DA:5188,0
DA:5193,0
DA:5194,0
DA:5196,0
DA:5197,0
DA:5199,0
DA:5200,0
DA:5202,0
DA:5203,0
DA:5208,0
DA:5209,0
DA:5213,0
DA:5214,0
DA:5218,0
DA:5221,0
DA:5222,0
DA:5226,0
DA:5227,0
DA:5231,0
DA:5232,0
DA:5236,0
DA:5239,0
DA:5243,0
DA:5244,0
DA:5248,0
DA:5249,0
DA:5254,0
DA:5258,0
DA:5262,0
DA:5263,0
DA:5268,0
DA:5269,0
DA:5275,0
DA:5276,0
DA:5281,0
DA:5282,0
DA:5287,0
DA:5299,0
DA:5300,0
DA:5301,0
DA:5304,0
DA:5305,0
DA:5312,0
DA:5317,0
DA:5318,0
DA:5320,0
DA:5321,0
DA:5322,0
DA:5324,0
DA:5325,0
DA:5326,0
DA:5327,0
DA:5328,0
DA:5332,0
DA:5333,0
DA:5335,0
DA:5339,0
DA:5340,0
DA:5343,0
DA:5350,0
DA:5356,0
DA:5372,0
DA:5374,0
DA:5382,0
DA:5389,0
DA:5391,0
DA:5392,0
DA:5399,2
DA:5402,2
DA:5428,2
DA:5435,2
DA:5442,2
DA:5446,2
DA:5455,2
DA:5484,2
DA:5487,2
DA:5488,4
DA:5489,2
DA:5494,0
DA:5495,0
DA:5501,0
DA:5503,0
DA:5504,0
DA:5505,0
DA:5509,0
DA:5511,0
DA:5512,0
DA:5513,0
DA:5518,0
DA:5520,0
DA:5521,0
DA:5522,0
DA:5525,0
DA:5530,4
DA:5531,4
DA:5535,2
DA:5538,0
DA:5542,0
DA:5544,0
DA:5545,0
DA:5546,0
DA:5549,0
DA:5550,0
DA:5551,0
DA:5552,0
DA:5556,2
DA:5557,2
DA:5559,2
DA:5560,2
DA:5561,2
DA:5563,2
DA:5565,2
DA:5566,2
DA:5567,2
DA:5568,2
DA:5569,2
DA:5570,2
DA:5571,2
DA:5572,2
DA:5573,2
DA:5574,2
DA:5575,2
DA:5576,2
DA:5578,2
DA:5581,14
DA:5582,2
DA:5583,2
DA:5585,0
DA:5587,0
DA:5590,0
DA:5592,0
DA:5593,0
DA:5600,0
DA:5601,0
DA:5604,0
DA:5605,0
DA:5606,0
DA:5607,0
DA:5608,0
DA:5609,0
DA:5611,0
DA:5612,0
DA:5614,0
DA:5615,0
DA:5620,2
DA:5621,2
DA:5622,0
DA:5623,2
DA:5628,2
DA:5629,2
DA:5631,2
DA:5632,0
DA:5633,0
DA:5634,2
DA:5635,4
DA:5636,4
DA:5637,0
DA:5638,0
DA:5639,0
DA:5647,2
DA:5672,4
DA:5674,4
DA:5675,2
DA:5683,2
DA:5684,2
DA:5690,2
DA:5694,2
DA:5696,2
DA:5697,0
DA:5712,4
DA:5725,14
DA:5728,13
DA:5729,26
DA:5730,26
DA:5749,14
DA:5755,14
DA:5756,28
DA:5758,14
DA:5762,4
DA:5764,8
DA:5766,8
DA:5771,0
DA:5772,0
DA:5776,4
DA:5779,4
DA:5780,4
DA:5781,4
DA:5785,0
DA:5786,0
DA:5797,2
DA:5800,2
DA:5803,2
DA:5807,2
DA:5813,2
DA:5818,2
DA:5821,2
DA:5829,2
DA:5835,2
DA:5836,2
DA:5839,2
DA:5841,2
DA:5842,2
DA:5845,0
DA:5848,0
DA:5850,0
DA:5852,0
DA:5853,0
DA:5857,0
DA:5860,0
DA:5868,0
DA:5869,0
DA:5872,0
DA:5875,0
DA:5877,0
DA:5880,0
DA:5881,0
DA:5885,0
DA:5889,0
DA:5892,0
DA:5895,0
DA:5896,0
DA:5897,0
DA:5898,0
DA:5903,0
DA:5907,0
DA:5908,0
DA:5910,0
DA:5911,0
DA:5912,0
DA:5913,0
DA:5914,0
DA:5916,0
DA:5917,0
DA:5918,0
DA:5920,0
DA:5921,0
DA:5922,0
DA:5923,0
DA:5924,0
DA:5926,0
DA:5929,0
DA:5933,0
DA:5935,0
DA:5942,0
DA:5943,0
DA:5944,0
DA:5946,0
DA:5950,0
DA:5953,0
DA:5956,0
DA:5957,0
DA:5966,0
DA:5968,0
DA:5970,0
DA:5974,0
DA:5976,0
DA:5977,0
DA:5986,0
DA:5994,2
DA:5995,2
DA:5996,2
DA:5997,0
DA:5998,0
DA:5999,0
DA:6003,0
DA:6004,0
DA:6006,0
DA:6008,2
DA:6017,2
DA:6019,2
DA:6020,0
DA:6023,2
DA:6024,2
DA:6026,2
DA:6027,2
DA:6028,0
DA:6029,0
DA:6030,0
DA:6031,0
DA:6032,0
DA:6033,0
DA:6034,0
DA:6035,0
DA:6036,0
DA:6037,0
DA:6038,0
DA:6039,0
DA:6040,0
DA:6041,0
DA:6042,0
DA:6043,0
DA:6044,0
DA:6046,0
DA:6047,0
DA:6048,0
DA:6049,0
DA:6050,0
DA:6051,0
DA:6052,0
DA:6053,0
DA:6055,0
DA:6061,4
DA:6062,4
DA:6063,4
DA:6064,4
DA:6068,0
DA:6070,0
DA:6072,0
DA:6079,0
DA:6080,0
DA:6090,2
DA:6092,2
DA:6093,2
DA:6095,2
DA:6096,2
DA:6099,2
DA:6100,2
DA:6105,2
DA:6106,2
DA:6107,12
DA:6108,4
DA:6109,4
DA:6111,18
DA:6112,14
DA:6113,14
DA:6117,28
DA:6118,14
DA:6119,14
DA:6122,14
DA:6123,14
DA:6125,14
DA:6126,14
DA:6130,14
DA:6131,0
DA:6132,14
DA:6133,14
DA:6135,14
DA:6136,14
DA:6138,14
DA:6139,14
DA:6140,14
DA:6141,4
DA:6142,2
DA:6143,2
DA:6149,10
DA:6150,10
DA:6151,51
DA:6152,41
DA:6153,0
DA:6154,0
DA:6156,41
DA:6157,0
DA:6158,0
DA:6160,41
DA:6161,41
DA:6165,10
DA:6168,2
DA:6170,2
DA:6172,8
DA:6173,4
DA:6175,18
DA:6176,14
DA:6177,14
DA:6178,14
DA:6179,4
DA:6180,4
DA:6181,4
DA:6182,0
DA:6185,0
DA:6187,4
DA:6189,14
DA:6190,14
DA:6191,10
DA:6194,10
DA:6196,14
DA:6200,2
DA:6202,2
DA:6203,2
DA:6204,2
DA:6205,4
DA:6206,2
DA:6207,2
DA:6209,0
DA:6210,0
DA:6211,2
DA:6213,4
DA:6214,4
DA:6216,2
DA:6217,2
DA:6218,2
DA:6220,2
DA:6227,0
DA:6229,0
DA:6230,0
DA:6231,0
DA:6233,0
DA:6238,0
DA:6239,0
DA:6243,0
DA:6247,0
DA:6251,0
DA:6252,0
DA:6253,0
DA:6255,0
DA:6256,0
DA:6258,0
DA:6263,0
DA:6265,0
DA:6268,0
DA:6269,0
DA:6272,0
DA:6273,0
DA:6275,0
DA:6278,0
DA:6279,0
DA:6281,0
DA:6283,0
DA:6285,0
DA:6298,0
DA:6301,0
DA:6310,166
DA:6312,26
DA:6316,26
DA:6318,26
DA:6324,0
DA:6325,0
DA:6326,0
DA:6327,0
DA:6328,0
DA:6330,0
DA:6338,42
DA:6341,42
DA:6345,42
DA:6346,42
DA:6347,42
DA:6350,4
DA:6353,4
DA:6354,2
DA:6360,2
DA:6363,2
DA:6364,42
DA:6376,24
DA:6378,24
DA:6381,24
DA:6384,2
DA:6385,2
DA:6392,0
DA:6394,0
DA:6397,0
DA:6400,0
DA:6401,0
DA:6409,18
DA:6411,18
DA:6414,18
DA:6417,2
DA:6418,2
DA:6427,0
DA:6428,0
DA:6429,0
DA:6430,0
DA:6431,0
DA:6432,0
DA:6444,0
DA:6445,0
DA:6452,0
DA:6453,0
DA:6454,0
DA:6455,0
DA:6458,0
DA:6460,0
DA:6461,0
DA:6462,0
DA:6463,0
DA:6464,0
DA:6465,0
DA:6466,0
DA:6467,0
DA:6468,0
DA:6469,0
DA:6470,0
DA:6471,0
DA:6473,0
DA:6475,0
DA:6574,4
DA:6584,4
DA:6585,4
DA:6586,4
DA:6587,4
DA:6588,4
DA:6589,4
DA:6590,4
DA:6591,4
DA:6592,4
DA:6593,4
DA:6594,2
DA:6595,0
DA:6596,0
DA:6597,0
DA:6598,0
DA:6599,0
DA:6600,0
DA:6601,0
DA:6602,0
DA:6603,0
DA:6604,0
DA:6605,0
DA:6609,0
DA:6610,0
DA:6611,0
DA:6612,0
DA:6613,0
DA:6615,0
DA:6616,0
DA:6617,0
DA:6618,0
DA:6619,0
DA:6620,0
DA:6621,0
DA:6623,0
DA:6630,2
DA:6631,2
DA:6632,6
DA:6633,4
DA:6634,4
DA:6638,4
DA:6639,4
DA:6640,4
DA:6642,0
DA:6643,0
DA:6644,0
DA:6645,0
DA:6647,0
DA:6650,0
DA:6653,4
DA:6658,10
DA:6659,6
DA:6663,4
DA:6667,4
DA:6671,2
DA:6675,0
DA:6677,2
DA:6685,2
DA:6735,2
DA:6748,2
DA:6749,0
DA:6750,0
DA:6751,0
DA:6758,2
DA:6760,2
DA:6762,2
DA:6764,2
DA:6765,8
DA:6766,6
DA:6779,2
DA:6780,2
DA:6794,2
DA:6798,2
DA:6800,2
DA:6804,0
DA:6808,0
DA:6810,0
DA:6814,0
DA:6816,0
DA:6817,0
DA:6818,0
DA:6819,0
DA:6824,0
DA:6826,0
DA:6834,0
DA:6837,0
DA:6838,0
DA:6839,0
DA:6840,0
DA:6841,0
DA:6843,0
DA:6846,0
DA:6850,0
DA:6854,0
DA:6865,0
DA:6866,0
DA:6867,0
DA:6868,0
DA:6872,0
DA:6876,0
DA:6877,0
DA:6892,0
DA:6893,0
DA:6894,0
DA:6895,0
DA:6896,0
DA:6898,0
DA:6899,0
DA:6902,0
DA:6903,0
DA:6904,0
LF:2660
LH:558
end_of_record
TN:
SF:C:\DEV\TDD_TV_15\build\_deps\googletest-src\googletest\src\gtest_main.cc
FN:61,main
FNDA:2,main
FNF:1
FNH:1
DA:61,2
DA:62,2
DA:63,2
DA:64,2
LF:4
LH:4
end_of_record
TN:
SF:C:\DEV\TDD_TV_15\test\TVControllerTest.cpp
FN:13,_ZN35TVControllerTest_testFramework_TestD0Ev
FN:13,_ZN35TVControllerTest_testFramework_Test8TestBodyEv
FN:13,_ZN35TVControllerTest_testFramework_TestD1Ev
FN:13,_ZN35TVControllerTest_testFramework_TestC1Ev
FNDA:0,_ZN35TVControllerTest_testFramework_Test8TestBodyEv
FNDA:0,_ZN35TVControllerTest_testFramework_TestD0Ev
FNDA:0,_ZN35TVControllerTest_testFramework_TestC1Ev
FNDA:0,_ZN35TVControllerTest_testFramework_TestD1Ev
FNF:4
FNH:0
DA:13,0
DA:15,0
LF:2
LH:0
end_of_record
TN:
SF:C:\DEV\TDD_TV_15\test\TunerTest.cpp
FN:9,_ZN9MockTuner12gmock_seekCHB5cxx11Ev
FN:9,_ZN9MockTuner6seekCHB5cxx11Ev
FN:10,_ZN9MockTuner5setCHERKNSt7__cxx1112basic_stringIcSt11char_traitsIcESaIcEEE
FN:10,_ZN9MockTuner11gmock_setCHERKN7testing7MatcherIRKNSt7__cxx1112basic_stringIcSt11char_traitsIcESaIcEEEEE
FN:11,_ZN9MockTuner12getCurrentCHB5cxx11Ev
FN:11,_ZN9MockTuner18gmock_getCurrentCHB5cxx11Ev
FN:20,_ZN26TunerTest_initChannel_TestC1Ev
FN:20,_ZN26TunerTest_initChannel_TestD1Ev
FN:20,_ZN26TunerTest_initChannel_TestD0Ev
FN:20,_ZN26TunerTest_initChannel_Test8TestBodyEv
FN:32,_ZN51TunerValidChannelTest_testSetChForValidChannel_TestC1Ev
FN:32,_ZN51TunerValidChannelTest_testSetChForValidChannel_Test13AddToRegistryEv
FN:32,_ZN51TunerValidChannelTest_testSetChForValidChannel_Test8TestBodyEv
FN:40,_ZL55gtest_ValidChannelsTunerValidChannelTest_EvalGenerator_v
FN:40,_ZL58gtest_ValidChannelsTunerValidChannelTest_EvalGenerateName_RKN7testing13TestParamInfoINSt7__cxx1112basic_stringIcSt11char_traitsIcESaIcEEEEE
FN:49,_ZN55TunerInvalidChannelTest_testSetChForInvalidChannel_Test8TestBodyEv
FN:49,_ZN55TunerInvalidChannelTest_testSetChForInvalidChannel_Test13AddToRegistryEv
FN:49,_ZN55TunerInvalidChannelTest_testSetChForInvalidChannel_TestC1Ev
FN:56,_ZL62gtest_InvalidChannelsTunerInvalidChannelTest_EvalGenerateName_RKN7testing13TestParamInfoINSt7__cxx1112basic_stringIcSt11char_traitsIcESaIcEEEEE
FN:56,_ZL59gtest_InvalidChannelsTunerInvalidChannelTest_EvalGenerator_v
FN:60,_ZN32TunerTest_testSeekCh10times_TestD1Ev
FN:60,_ZN32TunerTest_testSeekCh10times_Test8TestBodyEv
FN:60,_ZN32TunerTest_testSeekCh10times_TestC1Ev
FN:60,_ZN32TunerTest_testSeekCh10times_TestD0Ev
FN:76,_ZN42TunerTest_testSeekCh10timesAfterSetCH_TestC1Ev
FN:76,_ZN42TunerTest_testSeekCh10timesAfterSetCH_TestD0Ev
FN:76,_ZN42TunerTest_testSeekCh10timesAfterSetCH_Test8TestBodyEv
FN:76,_ZN42TunerTest_testSeekCh10timesAfterSetCH_TestD1Ev
FNDA:0,_ZN9MockTuner6seekCHB5cxx11Ev
FNDA:0,_ZN9MockTuner18gmock_getCurrentCHB5cxx11Ev
FNDA:0,_ZN42TunerTest_testSeekCh10timesAfterSetCH_TestD1Ev
FNDA:1,_ZL59gtest_InvalidChannelsTunerInvalidChannelTest_EvalGenerator_v
FNDA:0,_ZN26TunerTest_initChannel_Test8TestBodyEv
FNDA:5,_ZL58gtest_ValidChannelsTunerValidChannelTest_EvalGenerateName_RKN7testing13TestParamInfoINSt7__cxx1112basic_stringIcSt11char_traitsIcESaIcEEEEE
FNDA:0,_ZN55TunerInvalidChannelTest_testSetChForInvalidChannel_TestC1Ev
FNDA:0,_ZN9MockTuner12gmock_seekCHB5cxx11Ev
FNDA:0,_ZN42TunerTest_testSeekCh10timesAfterSetCH_Test8TestBodyEv
FNDA:0,_ZN51TunerValidChannelTest_testSetChForValidChannel_Test8TestBodyEv
FNDA:1,_ZL55gtest_ValidChannelsTunerValidChannelTest_EvalGenerator_v
FNDA:1,_ZN51TunerValidChannelTest_testSetChForValidChannel_Test13AddToRegistryEv
FNDA:0,_ZN9MockTuner12getCurrentCHB5cxx11Ev
FNDA:1,_ZN55TunerInvalidChannelTest_testSetChForInvalidChannel_Test13AddToRegistryEv
FNDA:0,_ZN32TunerTest_testSeekCh10times_TestC1Ev
FNDA:0,_ZN32TunerTest_testSeekCh10times_TestD0Ev
FNDA:0,_ZN42TunerTest_testSeekCh10timesAfterSetCH_TestD0Ev
FNDA:0,_ZN9MockTuner11gmock_setCHERKN7testing7MatcherIRKNSt7__cxx1112basic_stringIcSt11char_traitsIcESaIcEEEEE
FNDA:5,_ZL62gtest_InvalidChannelsTunerInvalidChannelTest_EvalGenerateName_RKN7testing13TestParamInfoINSt7__cxx1112basic_stringIcSt11char_traitsIcESaIcEEEEE
FNDA:0,_ZN32TunerTest_testSeekCh10times_Test8TestBodyEv
FNDA:0,_ZN51TunerValidChannelTest_testSetChForValidChannel_TestC1Ev
FNDA:0,_ZN32TunerTest_testSeekCh10times_TestD1Ev
FNDA:0,_ZN26TunerTest_initChannel_TestD0Ev
FNDA:0,_ZN26TunerTest_initChannel_TestD1Ev
FNDA:0,_ZN26TunerTest_initChannel_TestC1Ev
FNDA:0,_ZN9MockTuner5setCHERKNSt7__cxx1112basic_stringIcSt11char_traitsIcESaIcEEE
FNDA:0,_ZN42TunerTest_testSeekCh10timesAfterSetCH_TestC1Ev
FNDA:0,_ZN55TunerInvalidChannelTest_testSetChForInvalidChannel_Test8TestBodyEv
FNF:28
FNH:6
DA:9,0
DA:10,0
DA:11,0
DA:20,0
DA:21,0
DA:22,0
DA:23,0
DA:24,0
DA:32,5
DA:33,0
DA:34,0
DA:35,0
DA:36,0
DA:37,0
DA:38,0
DA:40,6
DA:49,5
DA:50,0
DA:51,0
DA:52,0
DA:53,0
DA:54,0
DA:56,6
DA:60,0
DA:61,0
DA:62,0
DA:64,0
DA:65,0
DA:66,0
DA:67,0
DA:68,0
DA:69,0
DA:70,0
DA:71,0
DA:72,0
DA:73,0
DA:76,0
DA:77,0
DA:78,0
DA:79,0
DA:81,0
DA:82,0
DA:83,0
DA:84,0
DA:85,0
DA:86,0
DA:87,0
DA:88,0
DA:89,0
DA:90,0
DA:91,0
LF:51
LH:4
end_of_record
