TN:
SF:C:\DEV\TDD_TV_15\build\_deps\googletest-src\googlemock\src\gmock-cardinalities.cc
FN:52,_ZN7testing12_GLOBAL__N_122BetweenCardinalityImplC2Eii
FN:72,_ZNK7testing12_GLOBAL__N_122BetweenCardinalityImpl22ConservativeLowerBoundEv
FN:73,_ZNK7testing12_GLOBAL__N_122BetweenCardinalityImpl22ConservativeUpperBoundEv
FN:75,_ZNK7testing12_GLOBAL__N_122BetweenCardinalityImpl22IsSatisfiedByCallCountEi
FN:79,_ZNK7testing12_GLOBAL__N_122BetweenCardinalityImpl22IsSaturatedByCallCountEi
FN:94,_ZN7testing12_GLOBAL__N_1L11FormatTimesEi
FN:107,_ZNK7testing12_GLOBAL__N_122BetweenCardinalityImpl10DescribeToEPSo
FN:129,_ZN7testing11Cardinality25DescribeActualCallCountToEiPSo
FN:139,_ZN7testing7AtLeastEi
FN:142,_ZN7testing6AtMostEi
FN:145,_ZN7testing9AnyNumberEv
FN:148,_ZN7testing7BetweenEii
FN:153,_ZN7testing7ExactlyEi
FNDA:0,_ZN7testing6AtMostEi
FNDA:504,_ZNK7testing12_GLOBAL__N_122BetweenCardinalityImpl22IsSatisfiedByCallCountEi
FNDA:0,_ZNK7testing12_GLOBAL__N_122BetweenCardinalityImpl22ConservativeUpperBoundEv
FNDA:0,_ZN7testing9AnyNumberEv
FNDA:0,_ZN7testing12_GLOBAL__N_1L11FormatTimesEi
FNDA:1302,_ZNK7testing12_GLOBAL__N_122BetweenCardinalityImpl22IsSaturatedByCallCountEi
FNDA:28,_ZN7testing7AtLeastEi
FNDA:420,_ZN7testing7ExactlyEi
FNDA:448,_ZN7testing7BetweenEii
FNDA:448,_ZN7testing12_GLOBAL__N_122BetweenCardinalityImplC2Eii
FNDA:0,_ZNK7testing12_GLOBAL__N_122BetweenCardinalityImpl10DescribeToEPSo
FNDA:0,_ZN7testing11Cardinality25DescribeActualCallCountToEiPSo
FNDA:0,_ZNK7testing12_GLOBAL__N_122BetweenCardinalityImpl22ConservativeLowerBoundEv
FNF:13
FNH:6
DA:52,448
DA:53,448
DA:54,448
DA:55,448
DA:57,0
DA:58,0
DA:59,448
DA:61,0
DA:62,0
DA:63,448
DA:64,0
DA:65,0
DA:66,0
DA:68,448
DA:72,0
DA:73,0
DA:75,504
DA:76,504
DA:79,1302
DA:80,1302
DA:94,0
DA:95,0
DA:96,0
DA:97,0
DA:98,0
DA:100,0
DA:101,0
DA:102,0
DA:103,0
DA:107,0
DA:108,0
DA:109,0
DA:110,0
DA:111,0
DA:112,0
DA:114,0
DA:116,0
DA:117,0
DA:118,0
DA:119,0
DA:122,0
DA:124,0
DA:129,0
DA:131,0
DA:132,0
DA:134,0
DA:136,0
DA:139,28
DA:142,0
DA:145,0
DA:148,448
DA:149,896
DA:153,420
LF:53
LH:15
end_of_record
TN:
SF:C:\DEV\TDD_TV_15\build\_deps\googletest-src\googlemock\src\gmock-internal-utils.cc
FN:58,_ZN7testing8internal19JoinAsKeyValueTupleERKSt6vectorIPKcSaIS3_EERKS1_INSt7__cxx1112basic_stringIcSt11char_traitsIcESaIcEEESaISD_EE
FN:64,_ZZN7testing8internal19JoinAsKeyValueTupleERKSt6vectorIPKcSaIS3_EERKS1_INSt7__cxx1112basic_stringIcSt11char_traitsIcESaIcEEESaISD_EEENKUlyE_clEy
FN:80,_ZN7testing8internal28ConvertIdentifierNameToWordsB5cxx11EPKc
FN:103,_ZN7testing8internal25GoogleTestFailureReporter13ReportFailureENS0_24FailureReporterInterface11FailureTypeEPKciRKNSt7__cxx1112basic_stringIcSt11char_traitsIcESaIcEEE
FN:116,_ZN7testing8internal18GetFailureReporterEv
FN:132,_ZN7testing8internal12LogIsVisibleENS0_11LogSeverityE
FN:153,_ZN7testing8internal3LogENS0_11LogSeverityERKNSt7__cxx1112basic_stringIcSt11char_traitsIcESaIcEEEi
FN:190,_ZN7testing8internal18GetWithoutMatchersEv
FN:192,_ZN7testing8internal16IllegalDoDefaultEPKci
FN:228,_ZN7testing8internal14Base64UnescapeERKNSt7__cxx1112basic_stringIcSt11char_traitsIcESaIcEEEPS6_
FNDA:0,_ZN7testing8internal14Base64UnescapeERKNSt7__cxx1112basic_stringIcSt11char_traitsIcESaIcEEEPS6_
FNDA:266,_ZN7testing8internal3LogENS0_11LogSeverityERKNSt7__cxx1112basic_stringIcSt11char_traitsIcESaIcEEEi
FNDA:0,_ZZN7testing8internal19JoinAsKeyValueTupleERKSt6vectorIPKcSaIS3_EERKS1_INSt7__cxx1112basic_stringIcSt11char_traitsIcESaIcEEESaISD_EEENKUlyE_clEy
FNDA:0,_ZN7testing8internal18GetFailureReporterEv
FNDA:266,_ZN7testing8internal18GetWithoutMatchersEv
FNDA:784,_ZN7testing8internal12LogIsVisibleENS0_11LogSeverityE
FNDA:0,_ZN7testing8internal19JoinAsKeyValueTupleERKSt6vectorIPKcSaIS3_EERKS1_INSt7__cxx1112basic_stringIcSt11char_traitsIcESaIcEEESaISD_EE
FNDA:0,_ZN7testing8internal16IllegalDoDefaultEPKci
FNDA:0,_ZN7testing8internal28ConvertIdentifierNameToWordsB5cxx11EPKc
FNDA:0,_ZN7testing8internal25GoogleTestFailureReporter13ReportFailureENS0_24FailureReporterInterface11FailureTypeEPKciRKNSt7__cxx1112basic_stringIcSt11char_traitsIcESaIcEEE
FNF:10
FNH:3
DA:58,0
DA:60,0
DA:61,0
DA:62,0
DA:64,0
DA:65,0
DA:66,0
DA:67,0
DA:68,0
DA:69,0
DA:70,0
DA:72,0
DA:73,0
DA:80,0
DA:81,0
DA:82,0
DA:83,0
DA:86,0
DA:87,0
DA:88,0
DA:90,0
DA:91,0
DA:92,0
DA:95,0
DA:96,0
DA:103,0
DA:105,0
DA:107,0
DA:108,0
DA:109,0
DA:111,0
DA:116,0
DA:123,0
DA:124,0
DA:132,784
DA:133,784
DA:135,0
DA:136,784
DA:138,0
DA:142,784
DA:153,266
DA:155,266
DA:158,0
DA:160,0
DA:162,0
DA:165,0
DA:166,0
DA:168,0
DA:169,0
DA:176,0
DA:180,0
DA:181,0
DA:184,0
DA:185,0
DA:187,0
DA:188,0
DA:190,266
DA:192,0
DA:193,0
DA:195,0
DA:200,0
DA:228,0
DA:229,0
DA:230,0
DA:231,0
DA:232,0
DA:233,0
DA:234,0
DA:235,0
DA:236,0
DA:238,0
DA:239,0
DA:240,0
DA:241,0
DA:243,0
DA:244,0
DA:245,0
DA:247,0
DA:248,0
DA:249,0
DA:250,0
DA:253,0
LF:82
LH:7
end_of_record
TN:
SF:C:\DEV\TDD_TV_15\build\_deps\googletest-src\googlemock\src\gmock-matchers.cc
FN:52,_ZN7testing8internal24FormatMatcherDescriptionEbPKcRKSt6vectorIS2_SaIS2_EERKS3_INSt7__cxx1112basic_stringIcSt11char_traitsIcESaIcEEESaISD_EE
FN:126,_ZN7testing8internal22MaxBipartiteMatchStateC1ERKNS0_11MatchMatrixE
FN:132,_ZN7testing8internal22MaxBipartiteMatchState7ComputeEv
FN:184,_ZN7testing8internal22MaxBipartiteMatchState10TryAugmentEyPSt6vectorIcSaIcEE
FN:228,_ZN7testing8internal24FindMaxBipartiteMatchingERKNS0_11MatchMatrixE
FN:232,_ZN7testing8internalL24LogElementMatcherPairVecERKSt6vectorISt4pairIyyESaIS3_EEPSo
FN:247,_ZN7testing8internal11MatchMatrix9NextGraphEv
FN:261,_ZN7testing8internal11MatchMatrix9RandomizeEv
FN:270,_ZNK7testing8internal11MatchMatrix11DebugStringB5cxx11Ev
FN:283,_ZNK7testing8internal35UnorderedElementsAreMatcherImplBase14DescribeToImplEPSo
FN:324,_ZNK7testing8internal35UnorderedElementsAreMatcherImplBase22DescribeNegationToImplEPSo
FN:370,_ZNK7testing8internal35UnorderedElementsAreMatcherImplBase17VerifyMatchMatrixERKSt6vectorINSt7__cxx1112basic_stringIcSt11char_traitsIcESaIcEEESaIS8_EERKNS0_11MatchMatrixEPNS_19MatchResultListenerE
FN:437,_ZNK7testing8internal35UnorderedElementsAreMatcherImplBase11FindPairingERKNS0_11MatchMatrixEPNS_19MatchResultListenerE
FNDA:0,_ZNK7testing8internal35UnorderedElementsAreMatcherImplBase22DescribeNegationToImplEPSo
FNDA:0,_ZNK7testing8internal11MatchMatrix11DebugStringB5cxx11Ev
FNDA:0,_ZNK7testing8internal35UnorderedElementsAreMatcherImplBase17VerifyMatchMatrixERKSt6vectorINSt7__cxx1112basic_stringIcSt11char_traitsIcESaIcEEESaIS8_EERKNS0_11MatchMatrixEPNS_19MatchResultListenerE
FNDA:0,_ZNK7testing8internal35UnorderedElementsAreMatcherImplBase14DescribeToImplEPSo
FNDA:0,_ZN7testing8internal22MaxBipartiteMatchStateC1ERKNS0_11MatchMatrixE
FNDA:0,_ZN7testing8internal22MaxBipartiteMatchState10TryAugmentEyPSt6vectorIcSaIcEE
FNDA:0,_ZN7testing8internal11MatchMatrix9NextGraphEv
FNDA:0,_ZN7testing8internal24FindMaxBipartiteMatchingERKNS0_11MatchMatrixE
FNDA:0,_ZN7testing8internal22MaxBipartiteMatchState7ComputeEv
FNDA:0,_ZN7testing8internalL24LogElementMatcherPairVecERKSt6vectorISt4pairIyyESaIS3_EEPSo
FNDA:0,_ZN7testing8internal11MatchMatrix9RandomizeEv
FNDA:0,_ZN7testing8internal24FormatMatcherDescriptionEbPKcRKSt6vectorIS2_SaIS2_EERKS3_INSt7__cxx1112basic_stringIcSt11char_traitsIcESaIcEEESaISD_EE
FNDA:0,_ZNK7testing8internal35UnorderedElementsAreMatcherImplBase11FindPairingERKNS0_11MatchMatrixEPNS_19MatchResultListenerE
FNF:13
FNH:0
DA:52,0
DA:55,0
DA:56,0
DA:57,0
DA:59,0
DA:60,0
DA:126,0
DA:127,0
DA:128,0
DA:129,0
DA:132,0
DA:134,0
DA:147,0
DA:150,0
DA:151,0
DA:153,0
DA:154,0
DA:156,0
DA:157,0
DA:158,0
DA:159,0
DA:160,0
DA:162,0
DA:163,0
DA:184,0
DA:185,0
DA:186,0
DA:187,0
DA:189,0
DA:200,0
DA:202,0
DA:203,0
DA:204,0
DA:207,0
DA:228,0
DA:229,0
DA:232,0
DA:235,0
DA:236,0
DA:237,0
DA:238,0
DA:240,0
DA:241,0
DA:242,0
DA:244,0
DA:245,0
DA:247,0
DA:248,0
DA:249,0
DA:250,0
DA:251,0
DA:252,0
DA:253,0
DA:255,0
DA:258,0
DA:261,0
DA:262,0
DA:263,0
DA:264,0
DA:265,0
DA:268,0
DA:270,0
DA:271,0
DA:272,0
DA:273,0
DA:274,0
DA:275,0
DA:276,0
DA:278,0
DA:280,0
DA:281,0
DA:283,0
DA:285,0
DA:286,0
DA:287,0
DA:288,0
DA:289,0
DA:291,0
DA:292,0
DA:293,0
DA:294,0
DA:296,0
DA:297,0
DA:298,0
DA:299,0
DA:300,0
DA:301,0
DA:302,0
DA:303,0
DA:304,0
DA:307,0
DA:308,0
DA:309,0
DA:310,0
DA:311,0
DA:313,0
DA:315,0
DA:316,0
DA:317,0
DA:319,0
DA:324,0
DA:326,0
DA:327,0
DA:328,0
DA:329,0
DA:330,0
DA:332,0
DA:333,0
DA:334,0
DA:335,0
DA:336,0
DA:338,0
DA:339,0
DA:340,0
DA:341,0
DA:342,0
DA:343,0
DA:344,0
DA:345,0
DA:346,0
DA:348,0
DA:349,0
DA:350,0
DA:351,0
DA:352,0
DA:354,0
DA:356,0
DA:357,0
DA:358,0
DA:360,0
DA:370,0
DA:373,0
DA:374,0
DA:377,0
DA:378,0
DA:383,0
DA:384,0
DA:386,0
DA:390,0
DA:391,0
DA:392,0
DA:394,0
DA:395,0
DA:396,0
DA:397,0
DA:398,0
DA:402,0
DA:403,0
DA:405,0
DA:406,0
DA:407,0
DA:408,0
DA:409,0
DA:410,0
DA:411,0
DA:416,0
DA:417,0
DA:419,0
DA:420,0
DA:421,0
DA:423,0
DA:424,0
DA:425,0
DA:426,0
DA:427,0
DA:428,0
DA:429,0
DA:430,0
DA:434,0
DA:435,0
DA:437,0
DA:439,0
DA:441,0
DA:442,0
DA:443,0
DA:444,0
DA:446,0
DA:447,0
DA:448,0
DA:449,0
DA:451,0
DA:453,0
DA:454,0
DA:455,0
DA:457,0
DA:458,0
DA:459,0
DA:460,0
DA:462,0
DA:465,0
DA:466,0
DA:467,0
DA:468,0
DA:469,0
DA:470,0
DA:471,0
DA:475,0
DA:476,0
LF:198
LH:0
end_of_record
TN:
SF:C:\DEV\TDD_TV_15\build\_deps\googletest-src\googlemock\src\gmock-spec-builders.cc
FN:73,_ZN7testing8internal15LogWithLocationENS0_11LogSeverityEPKciRKNSt7__cxx1112basic_stringIcSt11char_traitsIcESaIcEEE
FN:83,_ZN7testing8internal15ExpectationBaseC2EPKciRKNSt7__cxx1112basic_stringIcSt11char_traitsIcESaIcEEE
FN:99,_ZN7testing8internal15ExpectationBaseD0Ev
FN:99,_ZN7testing8internal15ExpectationBaseD2Ev
FN:103,_ZN7testing8internal15ExpectationBase18SpecifyCardinalityERKNS_11CardinalityE
FN:109,_ZN7testing8internal15ExpectationBase22RetireAllPreRequisitesEv
FN:136,_ZNK7testing8internal15ExpectationBase28AllPrerequisitesAreSatisfiedEv
FN:156,_ZNK7testing8internal15ExpectationBase28FindUnsatisfiedPrerequisitesEPNS_14ExpectationSetE
FN:187,_ZNK7testing8internal15ExpectationBase19DescribeCallCountToEPSo
FN:211,_ZNK7testing8internal15ExpectationBase25CheckActionCountIfNotDoneEv
FN:262,_ZN7testing8internal15ExpectationBase12UntypedTimesERKNS_11CardinalityE
FN:284,_ZN7testing8internal23ReportUninterestingCallENS0_12CallReactionERKNSt7__cxx1112basic_stringIcSt11char_traitsIcESaIcEEE
FN:309,_ZN7testing8internal25UntypedFunctionMockerBaseC2Ev
FN:312,_ZN7testing8internal25UntypedFunctionMockerBaseD0Ev
FN:312,_ZN7testing8internal25UntypedFunctionMockerBaseD2Ev
FN:318,_ZN7testing8internal25UntypedFunctionMockerBase13RegisterOwnerEPKv
FN:330,_ZN7testing8internal25UntypedFunctionMockerBase15SetOwnerAndNameEPKvPKc
FN:342,_ZNK7testing8internal25UntypedFunctionMockerBase10MockObjectEv
FN:359,_ZNK7testing8internal25UntypedFunctionMockerBase4NameEv
FN:376,_ZN7testing8internal25UntypedFunctionMockerBase11GetHandleOfEPNS0_15ExpectationBaseE
FN:395,_ZN7testing8internal25UntypedFunctionMockerBase32VerifyAndClearExpectationsLockedEv
FN:446,_ZN7testing8internalL17intToCallReactionEi
FN:465,_ZN7testing12_GLOBAL__N_115MockObjectStateC2Ev
FN:491,_ZN7testing12_GLOBAL__N_118MockObjectRegistryD2Ev
FN:539,_ZN7testing12_GLOBAL__N_118MockObjectRegistry6statesEv
FN:551,_ZN7testing12_GLOBAL__N_1L28UninterestingCallReactionMapEv
FN:558,_ZN7testing12_GLOBAL__N_1L31SetReactionOnUninterestingCallsEyNS_8internal12CallReactionE
FN:569,_ZN7testing4Mock23AllowUninterestingCallsEy
FN:576,_ZN7testing4Mock22WarnUninterestingCallsEy
FN:583,_ZN7testing4Mock22FailUninterestingCallsEy
FN:590,_ZN7testing4Mock22UnregisterCallReactionEy
FN:598,_ZN7testing4Mock31GetReactionOnUninterestingCallsEPKv
FN:611,_ZN7testing4Mock9AllowLeakEPKv
FN:620,_ZN7testing4Mock26VerifyAndClearExpectationsEPv
FN:629,_ZN7testing4Mock14VerifyAndClearEPv
FN:639,_ZN7testing4Mock32VerifyAndClearExpectationsLockedEPv
FN:664,_ZN7testing4Mock7IsNaggyEPv
FN:668,_ZN7testing4Mock6IsNiceEPv
FN:672,_ZN7testing4Mock8IsStrictEPv
FN:678,_ZN7testing4Mock8RegisterEPKvPNS_8internal25UntypedFunctionMockerBaseE
FN:688,_ZN7testing4Mock31RegisterUseByOnCallOrExpectCallEPKvPKci
FN:709,_ZN7testing4Mock16UnregisterLockedEPNS_8internal25UntypedFunctionMockerBaseE
FN:727,_ZN7testing4Mock25ClearDefaultActionsLockedEPv
FN:749,_ZN7testing11ExpectationC2Ev
FN:751,_ZN7testing11ExpectationC2ERKSt10shared_ptrINS_8internal15ExpectationBaseEE
FN:755,_ZN7testing11ExpectationD2Ev
FN:758,_ZNK7testing8Sequence14AddExpectationERKNS_11ExpectationE
FN:769,_ZN7testing10InSequenceC2Ev
FN:780,_ZN7testing10InSequenceD2Ev
FNDA:266,_ZNK7testing8internal25UntypedFunctionMockerBase10MockObjectEv
FNDA:0,_ZN7testing8internal15ExpectationBase12UntypedTimesERKNS_11CardinalityE
FNDA:0,_ZN7testing12_GLOBAL__N_118MockObjectRegistryD2Ev
FNDA:812,_ZNK7testing8internal15ExpectationBase25CheckActionCountIfNotDoneEv
FNDA:0,_ZN7testing8internal23ReportUninterestingCallENS0_12CallReactionERKNSt7__cxx1112basic_stringIcSt11char_traitsIcESaIcEEE
FNDA:0,_ZN7testing4Mock9AllowLeakEPKv
FNDA:0,_ZN7testing8internal15ExpectationBaseD0Ev
FNDA:0,_ZN7testing4Mock14VerifyAndClearEPv
FNDA:0,_ZN7testing12_GLOBAL__N_1L31SetReactionOnUninterestingCallsEyNS_8internal12CallReactionE
FNDA:0,_ZNK7testing8internal15ExpectationBase19DescribeCallCountToEPSo
FNDA:0,_ZN7testing8internal25UntypedFunctionMockerBase11GetHandleOfEPNS0_15ExpectationBaseE
FNDA:266,_ZN7testing4Mock8RegisterEPKvPNS_8internal25UntypedFunctionMockerBaseE
FNDA:0,_ZNK7testing8internal25UntypedFunctionMockerBase4NameEv
FNDA:0,_ZN7testing11ExpectationC2Ev
FNDA:266,_ZN7testing4Mock31RegisterUseByOnCallOrExpectCallEPKvPKci
FNDA:0,_ZN7testing8internalL17intToCallReactionEi
FNDA:266,_ZN7testing8internal15LogWithLocationENS0_11LogSeverityEPKciRKNSt7__cxx1112basic_stringIcSt11char_traitsIcESaIcEEE
FNDA:0,_ZN7testing8internal15ExpectationBase18SpecifyCardinalityERKNS_11CardinalityE
FNDA:546,_ZN7testing8internal25UntypedFunctionMockerBaseD2Ev
FNDA:266,_ZN7testing8internal15ExpectationBaseD2Ev
FNDA:546,_ZN7testing8internal25UntypedFunctionMockerBaseC2Ev
FNDA:182,_ZN7testing12_GLOBAL__N_115MockObjectStateC2Ev
FNDA:0,_ZN7testing4Mock23AllowUninterestingCallsEy
FNDA:0,_ZN7testing4Mock26VerifyAndClearExpectationsEPv
FNDA:518,_ZNK7testing8internal15ExpectationBase28AllPrerequisitesAreSatisfiedEv
FNDA:266,_ZN7testing8internal25UntypedFunctionMockerBase13RegisterOwnerEPKv
FNDA:0,_ZN7testing8internal25UntypedFunctionMockerBaseD0Ev
FNDA:0,_ZN7testing11ExpectationD2Ev
FNDA:0,_ZN7testing4Mock7IsNaggyEPv
FNDA:0,_ZN7testing4Mock32VerifyAndClearExpectationsLockedEPv
FNDA:1918,_ZN7testing12_GLOBAL__N_118MockObjectRegistry6statesEv
FNDA:0,_ZN7testing11ExpectationC2ERKSt10shared_ptrINS_8internal15ExpectationBaseEE
FNDA:0,_ZN7testing4Mock22FailUninterestingCallsEy
FNDA:546,_ZN7testing8internal25UntypedFunctionMockerBase32VerifyAndClearExpectationsLockedEv
FNDA:0,_ZN7testing4Mock6IsNiceEPv
FNDA:0,_ZNK7testing8Sequence14AddExpectationERKNS_11ExpectationE
FNDA:0,_ZNK7testing8internal15ExpectationBase28FindUnsatisfiedPrerequisitesEPNS_14ExpectationSetE
FNDA:518,_ZN7testing8internal15ExpectationBase22RetireAllPreRequisitesEv
FNDA:266,_ZN7testing8internal15ExpectationBaseC2EPKciRKNSt7__cxx1112basic_stringIcSt11char_traitsIcESaIcEEE
FNDA:0,_ZN7testing4Mock31GetReactionOnUninterestingCallsEPKv
FNDA:0,_ZN7testing10InSequenceC2Ev
FNDA:0,_ZN7testing4Mock22WarnUninterestingCallsEy
FNDA:0,_ZN7testing12_GLOBAL__N_1L28UninterestingCallReactionMapEv
FNDA:0,_ZN7testing10InSequenceD2Ev
FNDA:0,_ZN7testing4Mock25ClearDefaultActionsLockedEPv
FNDA:0,_ZN7testing4Mock22UnregisterCallReactionEy
FNDA:546,_ZN7testing4Mock16UnregisterLockedEPNS_8internal25UntypedFunctionMockerBaseE
FNDA:518,_ZN7testing8internal25UntypedFunctionMockerBase15SetOwnerAndNameEPKvPKc
FNDA:0,_ZN7testing4Mock8IsStrictEPv
FNF:49
FNH:17
DA:73,266
DA:76,266
DA:77,532
DA:78,266
DA:79,266
DA:80,266
DA:83,266
DA:84,266
DA:85,266
DA:86,266
DA:87,266
DA:88,266
DA:89,266
DA:90,266
DA:91,266
DA:92,266
DA:93,266
DA:94,266
DA:95,266
DA:96,532
DA:99,266
DA:103,0
DA:104,0
DA:105,0
DA:106,0
DA:109,518
DA:111,518
DA:114,0
DA:117,518
DA:118,1036
DA:119,518
DA:120,518
DA:122,518
DA:123,518
DA:124,518
DA:125,0
DA:126,0
DA:127,0
DA:128,0
DA:132,518
DA:136,518
DA:138,518
DA:139,518
DA:140,1036
DA:141,518
DA:142,518
DA:144,518
DA:145,518
DA:146,518
DA:147,0
DA:148,0
DA:149,0
DA:152,518
DA:153,518
DA:156,0
DA:158,0
DA:159,0
DA:160,0
DA:161,0
DA:162,0
DA:164,0
DA:165,0
DA:166,0
DA:167,0
DA:169,0
DA:172,0
DA:173,0
DA:179,0
DA:183,0
DA:187,0
DA:189,0
DA:192,0
DA:193,0
DA:194,0
DA:195,0
DA:200,0
DA:201,0
DA:202,0
DA:204,0
DA:205,0
DA:211,812
DA:213,812
DA:215,812
DA:216,812
DA:217,266
DA:218,266
DA:220,812
DA:222,812
DA:223,266
DA:226,266
DA:230,0
DA:231,0
DA:232,0
DA:235,0
DA:236,0
DA:237,0
DA:238,0
DA:239,0
DA:240,0
DA:242,0
DA:245,0
DA:246,0
DA:249,0
DA:250,0
DA:251,0
DA:252,0
DA:253,0
DA:254,0
DA:256,0
DA:257,0
DA:258,0
DA:262,0
DA:263,0
DA:264,0
DA:265,0
DA:268,0
DA:269,0
DA:270,0
DA:273,0
DA:275,0
DA:276,0
DA:284,0
DA:287,0
DA:288,0
DA:289,0
DA:290,0
DA:291,0
DA:292,0
DA:293,0
DA:294,0
DA:301,0
DA:303,0
DA:304,0
DA:305,0
DA:307,0
DA:309,546
DA:310,546
DA:312,546
DA:318,266
DA:321,266
DA:322,266
DA:323,266
DA:324,266
DA:325,266
DA:330,518
DA:335,518
DA:336,518
DA:337,518
DA:338,518
DA:342,266
DA:348,266
DA:349,266
DA:350,532
DA:352,266
DA:353,266
DA:354,266
DA:359,0
DA:365,0
DA:366,0
DA:367,0
DA:369,0
DA:370,0
DA:371,0
DA:376,0
DA:379,0
DA:380,0
DA:381,0
DA:382,0
DA:386,0
DA:387,0
DA:395,546
DA:397,546
DA:398,546
DA:399,1092
DA:400,1624
DA:401,266
DA:402,266
DA:406,0
DA:407,266
DA:408,0
DA:409,0
DA:412,0
DA:413,0
DA:414,0
DA:415,0
DA:418,0
DA:422,0
DA:423,0
DA:424,0
DA:425,0
DA:426,0
DA:436,546
DA:437,546
DA:439,546
DA:440,546
DA:441,546
DA:443,546
DA:444,546
DA:446,0
DA:447,0
DA:448,0
DA:450,0
DA:465,182
DA:466,182
DA:491,0
DA:492,0
DA:494,0
DA:495,0
DA:496,0
DA:497,0
DA:498,0
DA:502,0
DA:503,0
DA:504,0
DA:505,0
DA:506,0
DA:507,0
DA:508,0
DA:509,0
DA:511,0
DA:512,0
DA:513,0
DA:515,0
DA:516,0
DA:524,0
DA:525,0
DA:526,0
DA:533,0
DA:537,0
DA:539,1918
DA:551,0
DA:552,0
DA:553,0
DA:558,0
DA:561,0
DA:562,0
DA:563,0
DA:569,0
DA:571,0
DA:572,0
DA:576,0
DA:578,0
DA:579,0
DA:583,0
DA:585,0
DA:586,0
DA:590,0
DA:592,0
DA:593,0
DA:594,0
DA:598,0
DA:600,0
DA:601,0
DA:602,0
DA:603,0
DA:605,0
DA:606,0
DA:607,0
DA:611,0
DA:613,0
DA:614,0
DA:615,0
DA:620,0
DA:622,0
DA:623,0
DA:624,0
DA:629,0
DA:631,0
DA:632,0
DA:633,0
DA:634,0
DA:639,0
DA:641,0
DA:642,0
DA:644,0
DA:649,0
DA:651,0
DA:652,0
DA:653,0
DA:654,0
DA:655,0
DA:661,0
DA:664,0
DA:666,0
DA:668,0
DA:670,0
DA:672,0
DA:674,0
DA:678,266
DA:681,266
DA:682,266
DA:683,266
DA:688,266
DA:691,266
DA:692,266
DA:693,266
DA:694,182
DA:695,182
DA:697,182
DA:698,182
DA:699,182
DA:700,182
DA:703,266
DA:709,546
DA:711,546
DA:712,546
DA:713,546
DA:714,658
DA:715,378
DA:716,378
DA:718,266
DA:719,182
DA:721,266
DA:727,0
DA:729,0
DA:731,0
DA:733,0
DA:739,0
DA:740,0
DA:741,0
DA:742,0
DA:749,0
DA:751,0
DA:752,0
DA:753,0
DA:755,0
DA:758,0
DA:759,0
DA:760,0
DA:761,0
DA:762,0
DA:764,0
DA:766,0
DA:769,0
DA:770,0
DA:771,0
DA:772,0
DA:774,0
DA:776,0
DA:780,0
DA:781,0
DA:782,0
DA:783,0
DA:785,0
LF:344
LH:116
end_of_record
TN:
SF:C:\DEV\TDD_TV_15\build\_deps\googletest-src\googlemock\src\gmock.cc
FN:62,_ZN7testing8internalL24ParseGoogleMockFlagValueEPKcS2_b
FN:95,_ZN7testing8internalL19ParseGoogleMockFlagEPKcS2_Pb
FN:114,_ZN7testing8internalL19ParseGoogleMockFlagINSt7__cxx1112basic_stringIcSt11char_traitsIcESaIcEEEEEbPKcS9_PT_
FN:127,_ZN7testing8internalL19ParseGoogleMockFlagEPKcS2_Pi
FN:145,_ZN7testing8internal18InitGoogleMockImplIcEEvPiPPT_
FN:145,_ZN7testing8internal18InitGoogleMockImplIwEEvPiPPT_
FN:203,_ZN7testing14InitGoogleMockEPiPPc
FN:209,_ZN7testing14InitGoogleMockEPiPPw
FN:215,_ZN7testing14InitGoogleMockEv
FNDA:0,_ZN7testing8internal18InitGoogleMockImplIwEEvPiPPT_
FNDA:0,_ZN7testing14InitGoogleMockEPiPPc
FNDA:0,_ZN7testing8internalL19ParseGoogleMockFlagEPKcS2_Pb
FNDA:0,_ZN7testing14InitGoogleMockEPiPPw
FNDA:0,_ZN7testing8internalL19ParseGoogleMockFlagINSt7__cxx1112basic_stringIcSt11char_traitsIcESaIcEEEEEbPKcS9_PT_
FNDA:0,_ZN7testing14InitGoogleMockEv
FNDA:0,_ZN7testing8internalL24ParseGoogleMockFlagValueEPKcS2_b
FNDA:0,_ZN7testing8internalL19ParseGoogleMockFlagEPKcS2_Pi
FNDA:0,_ZN7testing8internal18InitGoogleMockImplIcEEvPiPPT_
FNF:9
FNH:0
DA:62,0
DA:66,0
DA:69,0
DA:70,0
DA:71,0
DA:74,0
DA:77,0
DA:78,0
DA:84,0
DA:87,0
DA:88,0
DA:95,0
DA:98,0
DA:101,0
DA:104,0
DA:105,0
DA:114,0
DA:117,0
DA:120,0
DA:123,0
DA:124,0
DA:127,0
DA:130,0
DA:133,0
DA:136,0
DA:137,0
DA:145,0
DA:148,0
DA:149,0
DA:151,0
DA:152,0
DA:153,0
DA:156,0
DA:167,0
DA:168,0
DA:169,0
DA:171,0
DA:176,0
DA:177,0
DA:181,0
DA:185,0
DA:203,0
DA:204,0
DA:205,0
DA:209,0
DA:210,0
DA:211,0
DA:215,0
DA:217,0
DA:218,0
DA:219,0
DA:220,0
DA:222,0
DA:223,0
LF:54
LH:0
end_of_record
TN:
SF:C:\DEV\TDD_TV_15\build\_deps\googletest-src\googletest\src\gtest-assertion-result.cc
FN:45,_ZN7testing15AssertionResultC2ERKS0_
FN:52,_ZN7testing15AssertionResult4swapERS0_
FN:59,_ZNK7testing15AssertionResultntEv
FN:66,_ZN7testing16AssertionSuccessEv
FN:69,_ZN7testing16AssertionFailureEv
FN:73,_ZN7testing16AssertionFailureERKNS_7MessageE
FNDA:4,_ZN7testing15AssertionResultC2ERKS0_
FNDA:123,_ZN7testing16AssertionSuccessEv
FNDA:0,_ZN7testing15AssertionResult4swapERS0_
FNDA:0,_ZN7testing16AssertionFailureERKNS_7MessageE
FNDA:4,_ZN7testing16AssertionFailureEv
FNDA:0,_ZNK7testing15AssertionResultntEv
FNF:6
FNH:3
DA:45,4
DA:46,4
DA:47,8
DA:48,4
DA:49,4
DA:52,0
DA:54,0
DA:55,0
DA:56,0
DA:59,0
DA:60,0
DA:61,0
DA:62,0
DA:63,0
DA:66,123
DA:69,4
DA:73,0
DA:74,0
LF:18
LH:7
end_of_record
TN:
SF:C:\DEV\TDD_TV_15\build\_deps\googletest-src\googletest\src\gtest-death-test.cc
FN:153,_ZN7testing8internal16InDeathTestChildEv
FN:172,_ZN7testing14ExitedWithCodeC2Ei
FN:175,_ZNK7testing14ExitedWithCodeclEi
FN:211,_ZN7testing8internalL11ExitSummaryEi
FN:237,_ZN7testing8internal20ExitedUnsuccessfullyEi
FN:291,_ZN7testing8internalL14DeathTestAbortERKNSt7__cxx1112basic_stringIcSt11char_traitsIcESaIcEEE
FN:344,_ZN7testing8internal23GetLastErrnoDescriptionB5cxx11Ev
FN:352,_ZN7testing8internalL21FailFromInternalErrorEi
FN:375,_ZN7testing8internal9DeathTestC2Ev
FN:386,_ZN7testing8internal9DeathTest6CreateEPKcNS_7MatcherIRKNSt7__cxx1112basic_stringIcSt11char_traitsIcESaIcEEEEES3_iPPS1_
FN:393,_ZN7testing8internal9DeathTest11LastMessageEv
FN:397,_ZN7testing8internal9DeathTest27set_last_death_test_messageERKNSt7__cxx1112basic_stringIcSt11char_traitsIcESaIcEEE
FN:406,_ZN7testing8internal13DeathTestImplC2EPKcNS_7MatcherIRKNSt7__cxx1112basic_stringIcSt11char_traitsIcESaIcEEEEE
FN:416,_ZN7testing8internal13DeathTestImplD2Ev
FN:421,_ZNK7testing8internal13DeathTestImpl9statementEv
FN:422,_ZNK7testing8internal13DeathTestImpl7spawnedEv
FN:423,_ZN7testing8internal13DeathTestImpl11set_spawnedEb
FN:424,_ZNK7testing8internal13DeathTestImpl6statusEv
FN:425,_ZN7testing8internal13DeathTestImpl10set_statusEi
FN:426,_ZNK7testing8internal13DeathTestImpl7outcomeEv
FN:427,_ZN7testing8internal13DeathTestImpl11set_outcomeENS0_16DeathTestOutcomeE
FN:428,_ZNK7testing8internal13DeathTestImpl7read_fdEv
FN:429,_ZN7testing8internal13DeathTestImpl11set_read_fdEi
FN:430,_ZNK7testing8internal13DeathTestImpl8write_fdEv
FN:431,_ZN7testing8internal13DeathTestImpl12set_write_fdEi
FN:468,_ZN7testing8internal13DeathTestImpl26ReadAndInterpretStatusByteEv
FN:509,_ZN7testing8internal13DeathTestImpl12GetErrorLogsB5cxx11Ev
FN:515,_ZN7testing8internal13DeathTestImpl5AbortENS0_9DeathTest11AbortReasonE
FN:538,_ZN7testing8internalL21FormatDeathTestOutputERKNSt7__cxx1112basic_stringIcSt11char_traitsIcESaIcEEE
FN:574,_ZN7testing8internal13DeathTestImpl6PassedEb
FN:673,_ZN7testing8internal16WindowsDeathTestC1EPKcNS_7MatcherIRKNSt7__cxx1112basic_stringIcSt11char_traitsIcESaIcEEEEES3_i
FN:702,_ZN7testing8internal16WindowsDeathTest4WaitEv
FN:744,_ZN7testing8internal16WindowsDeathTest10AssumeRoleEv
FN:1405,_ZN7testing8internal23DefaultDeathTestFactory6CreateEPKcNS_7MatcherIRKNSt7__cxx1112basic_stringIcSt11char_traitsIcESaIcEEEEES3_iPPNS0_9DeathTestE
FN:1469,_ZN7testing8internalL23GetStatusFileDescriptorEjyy
FN:1531,_ZN7testing8internal29ParseInternalRunDeathTestFlagEv
FNDA:0,_ZN7testing8internal9DeathTest6CreateEPKcNS_7MatcherIRKNSt7__cxx1112basic_stringIcSt11char_traitsIcESaIcEEEEES3_iPPS1_
FNDA:0,_ZN7testing8internalL21FailFromInternalErrorEi
FNDA:0,_ZN7testing8internal9DeathTest27set_last_death_test_messageERKNSt7__cxx1112basic_stringIcSt11char_traitsIcESaIcEEE
FNDA:0,_ZN7testing8internal13DeathTestImpl26ReadAndInterpretStatusByteEv
FNDA:0,_ZN7testing14ExitedWithCodeC2Ei
FNDA:0,_ZNK7testing8internal13DeathTestImpl7read_fdEv
FNDA:0,_ZN7testing8internal13DeathTestImplD2Ev
FNDA:0,_ZNK7testing8internal13DeathTestImpl7outcomeEv
FNDA:0,_ZN7testing8internal13DeathTestImpl11set_outcomeENS0_16DeathTestOutcomeE
FNDA:0,_ZN7testing8internal20ExitedUnsuccessfullyEi
FNDA:0,_ZN7testing8internal13DeathTestImpl12GetErrorLogsB5cxx11Ev
FNDA:0,_ZN7testing8internalL21FormatDeathTestOutputERKNSt7__cxx1112basic_stringIcSt11char_traitsIcESaIcEEE
FNDA:0,_ZN7testing8internal16WindowsDeathTestC1EPKcNS_7MatcherIRKNSt7__cxx1112basic_stringIcSt11char_traitsIcESaIcEEEEES3_i
FNDA:0,_ZN7testing8internal13DeathTestImpl11set_read_fdEi
FNDA:0,_ZNK7testing8internal13DeathTestImpl6statusEv
FNDA:0,_ZN7testing8internal9DeathTestC2Ev
FNDA:0,_ZNK7testing14ExitedWithCodeclEi
FNDA:0,_ZN7testing8internalL23GetStatusFileDescriptorEjyy
FNDA:0,_ZN7testing8internal16WindowsDeathTest10AssumeRoleEv
FNDA:0,_ZN7testing8internal16WindowsDeathTest4WaitEv
FNDA:0,_ZN7testing8internal16InDeathTestChildEv
FNDA:246,_ZN7testing8internal29ParseInternalRunDeathTestFlagEv
FNDA:0,_ZN7testing8internal23DefaultDeathTestFactory6CreateEPKcNS_7MatcherIRKNSt7__cxx1112basic_stringIcSt11char_traitsIcESaIcEEEEES3_iPPNS0_9DeathTestE
FNDA:0,_ZN7testing8internalL11ExitSummaryEi
FNDA:0,_ZNK7testing8internal13DeathTestImpl7spawnedEv
FNDA:0,_ZN7testing8internal23GetLastErrnoDescriptionB5cxx11Ev
FNDA:0,_ZN7testing8internal9DeathTest11LastMessageEv
FNDA:0,_ZN7testing8internal13DeathTestImpl11set_spawnedEb
FNDA:0,_ZN7testing8internal13DeathTestImpl12set_write_fdEi
FNDA:0,_ZN7testing8internal13DeathTestImpl6PassedEb
FNDA:0,_ZN7testing8internal13DeathTestImpl10set_statusEi
FNDA:0,_ZN7testing8internal13DeathTestImplC2EPKcNS_7MatcherIRKNSt7__cxx1112basic_stringIcSt11char_traitsIcESaIcEEEEE
FNDA:0,_ZNK7testing8internal13DeathTestImpl8write_fdEv
FNDA:0,_ZNK7testing8internal13DeathTestImpl9statementEv
FNDA:0,_ZN7testing8internal13DeathTestImpl5AbortENS0_9DeathTest11AbortReasonE
FNDA:0,_ZN7testing8internalL14DeathTestAbortERKNSt7__cxx1112basic_stringIcSt11char_traitsIcESaIcEEE
FNF:36
FNH:1
DA:153,0
DA:158,0
DA:172,0
DA:175,0
DA:178,0
DA:211,0
DA:212,0
DA:216,0
DA:232,0
DA:233,0
DA:237,0
DA:238,0
DA:291,0
DA:296,0
DA:297,0
DA:298,0
DA:299,0
DA:300,0
DA:301,0
DA:302,0
DA:304,0
DA:305,0
DA:306,0
DA:344,0
DA:345,0
DA:352,0
DA:353,0
DA:358,0
DA:359,0
DA:360,0
DA:362,0
DA:364,0
DA:365,0
DA:367,0
DA:368,0
DA:369,0
DA:371,0
DA:375,0
DA:376,0
DA:377,0
DA:378,0
DA:379,0
DA:382,0
DA:386,0
DA:389,0
DA:390,0
DA:393,0
DA:394,0
DA:397,0
DA:398,0
DA:399,0
DA:406,0
DA:407,0
DA:408,0
DA:409,0
DA:410,0
DA:411,0
DA:412,0
DA:413,0
DA:416,0
DA:421,0
DA:422,0
DA:423,0
DA:424,0
DA:425,0
DA:426,0
DA:427,0
DA:428,0
DA:429,0
DA:430,0
DA:431,0
DA:468,0
DA:477,0
DA:478,0
DA:480,0
DA:481,0
DA:482,0
DA:483,0
DA:484,0
DA:485,0
DA:486,0
DA:487,0
DA:488,0
DA:489,0
DA:490,0
DA:491,0
DA:492,0
DA:493,0
DA:494,0
DA:495,0
DA:496,0
DA:497,0
DA:498,0
DA:499,0
DA:502,0
DA:503,0
DA:505,0
DA:506,0
DA:507,0
DA:509,0
DA:515,0
DA:519,0
DA:523,0
DA:532,0
DA:538,0
DA:539,0
DA:540,0
DA:541,0
DA:542,0
DA:543,0
DA:544,0
DA:545,0
DA:547,0
DA:548,0
DA:549,0
DA:550,0
DA:551,0
DA:574,0
DA:575,0
DA:577,0
DA:579,0
DA:580,0
DA:582,0
DA:583,0
DA:584,0
DA:585,0
DA:586,0
DA:587,0
DA:588,0
DA:589,0
DA:590,0
DA:591,0
DA:592,0
DA:593,0
DA:594,0
DA:595,0
DA:596,0
DA:597,0
DA:598,0
DA:599,0
DA:600,0
DA:601,0
DA:602,0
DA:604,0
DA:605,0
DA:606,0
DA:607,0
DA:608,0
DA:609,0
DA:610,0
DA:612,0
DA:613,0
DA:614,0
DA:615,0
DA:617,0
DA:618,0
DA:620,0
DA:621,0
DA:624,0
DA:625,0
DA:626,0
DA:673,0
DA:675,0
DA:676,0
DA:677,0
DA:702,0
DA:703,0
DA:707,0
DA:708,0
DA:711,0
DA:713,0
DA:714,0
DA:715,0
DA:720,0
DA:721,0
DA:723,0
DA:729,0
DA:732,0
DA:734,0
DA:735,0
DA:736,0
DA:744,0
DA:745,0
DA:747,0
DA:748,0
DA:749,0
DA:751,0
DA:754,0
DA:755,0
DA:760,0
DA:763,0
DA:767,0
DA:769,0
DA:770,0
DA:775,0
DA:776,0
DA:777,0
DA:778,0
DA:780,0
DA:781,0
DA:782,0
DA:783,0
DA:787,0
DA:788,0
DA:791,0
DA:795,0
DA:796,0
DA:798,0
DA:800,0
DA:802,0
DA:806,0
DA:807,0
DA:808,0
DA:809,0
DA:810,0
DA:813,0
DA:823,0
DA:824,0
DA:825,0
DA:826,0
DA:827,0
DA:1405,0
DA:1409,0
DA:1411,0
DA:1413,0
DA:1415,0
DA:1416,0
DA:1417,0
DA:1418,0
DA:1419,0
DA:1420,0
DA:1421,0
DA:1424,0
DA:1425,0
DA:1426,0
DA:1427,0
DA:1433,0
DA:1434,0
DA:1435,0
DA:1456,0
DA:1457,0
DA:1458,0
DA:1459,0
DA:1462,0
DA:1469,0
DA:1474,0
DA:1475,0
DA:1476,0
DA:1477,0
DA:1480,0
DA:1482,0
DA:1488,0
DA:1494,0
DA:1495,0
DA:1496,0
DA:1497,0
DA:1500,0
DA:1503,0
DA:1506,0
DA:1507,0
DA:1508,0
DA:1509,0
DA:1513,0
DA:1514,0
DA:1515,0
DA:1516,0
DA:1517,0
DA:1522,0
DA:1524,0
DA:1525,0
DA:1531,246
DA:1532,246
DA:1536,0
DA:1537,0
DA:1538,0
DA:1539,0
DA:1540,0
DA:1544,0
DA:1545,0
DA:1546,0
DA:1548,0
DA:1549,0
DA:1550,0
DA:1551,0
DA:1552,0
DA:1553,0
DA:1554,0
DA:1556,0
DA:1578,0
DA:1579,0
LF:290
LH:2
end_of_record
TN:
SF:C:\DEV\TDD_TV_15\build\_deps\googletest-src\googletest\src\gtest-filepath.cc
FN:92,_ZN7testing8internalL15IsPathSeparatorEc
FN:101,_ZN7testing8internal8FilePath13GetCurrentDirEv
FN:130,_ZNK7testing8internal8FilePath15RemoveExtensionEPKc
FN:142,_ZNK7testing8internal8FilePath21FindLastPathSeparatorEv
FN:155,_ZNK7testing8internal8FilePath19CalculateRootLengthEv
FN:199,_ZNK7testing8internal8FilePath19RemoveDirectoryNameEv
FN:210,_ZNK7testing8internal8FilePath14RemoveFileNameEv
FN:227,_ZN7testing8internal8FilePath12MakeFileNameERKS1_S3_iPKc
FN:242,_ZN7testing8internal8FilePath11ConcatPathsERKS1_S3_
FN:251,_ZNK7testing8internal8FilePath21FileOrDirectoryExistsEv
FN:265,_ZNK7testing8internal8FilePath15DirectoryExistsEv
FN:295,_ZNK7testing8internal8FilePath15IsRootDirectoryEv
FN:302,_ZNK7testing8internal8FilePath14IsAbsolutePathEv
FN:312,_ZN7testing8internal8FilePath22GenerateUniqueFileNameERKS1_S3_PKc
FN:326,_ZNK7testing8internal8FilePath11IsDirectoryEv
FN:334,_ZNK7testing8internal8FilePath28CreateDirectoriesRecursivelyEv
FN:351,_ZNK7testing8internal8FilePath12CreateFolderEv
FN:377,_ZNK7testing8internal8FilePath27RemoveTrailingPathSeparatorEv
FN:386,_ZN7testing8internal8FilePath9NormalizeEv
FNDA:125,_ZNK7testing8internal8FilePath11IsDirectoryEv
FNDA:25,_ZNK7testing8internal8FilePath28CreateDirectoriesRecursivelyEv
FNDA:25,_ZNK7testing8internal8FilePath14RemoveFileNameEv
FNDA:25,_ZNK7testing8internal8FilePath15IsRootDirectoryEv
FNDA:0,_ZNK7testing8internal8FilePath12CreateFolderEv
FNDA:25,_ZNK7testing8internal8FilePath15DirectoryExistsEv
FNDA:396,_ZN7testing8internal8FilePath9NormalizeEv
FNDA:0,_ZNK7testing8internal8FilePath15RemoveExtensionEPKc
FNDA:0,_ZNK7testing8internal8FilePath21FileOrDirectoryExistsEv
FNDA:0,_ZN7testing8internal8FilePath12MakeFileNameERKS1_S3_iPKc
FNDA:0,_ZN7testing8internal8FilePath22GenerateUniqueFileNameERKS1_S3_PKc
FNDA:100,_ZNK7testing8internal8FilePath19CalculateRootLengthEv
FNDA:75,_ZNK7testing8internal8FilePath14IsAbsolutePathEv
FNDA:13822,_ZN7testing8internalL15IsPathSeparatorEc
FNDA:25,_ZNK7testing8internal8FilePath21FindLastPathSeparatorEv
FNDA:246,_ZN7testing8internal8FilePath13GetCurrentDirEv
FNDA:0,_ZNK7testing8internal8FilePath19RemoveDirectoryNameEv
FNDA:25,_ZNK7testing8internal8FilePath27RemoveTrailingPathSeparatorEv
FNDA:0,_ZN7testing8internal8FilePath11ConcatPathsERKS1_S3_
FNF:19
FNH:12
DA:92,13822
DA:94,13822
DA:101,246
DA:111,246
DA:112,492
DA:130,0
DA:131,0
DA:132,0
DA:134,0
DA:136,0
DA:137,0
DA:142,25
DA:143,25
DA:145,25
DA:147,25
DA:148,0
DA:149,0
DA:152,25
DA:155,100
DA:156,100
DA:157,100
DA:158,100
DA:160,500
DA:161,288
DA:164,100
DA:167,0
DA:168,0
DA:172,0
DA:173,0
DA:174,0
DA:176,0
DA:177,0
DA:181,0
DA:190,200
DA:199,0
DA:200,0
DA:201,0
DA:210,25
DA:211,25
DA:212,25
DA:213,25
DA:214,50
DA:216,0
DA:218,50
DA:219,25
DA:227,0
DA:230,0
DA:231,0
DA:232,0
DA:235,0
DA:237,0
DA:238,0
DA:242,0
DA:244,0
DA:245,0
DA:246,0
DA:247,0
DA:251,0
DA:258,0
DA:259,0
DA:265,25
DA:266,25
DA:270,25
DA:271,25
DA:285,25
DA:286,25
DA:287,25
DA:290,25
DA:291,25
DA:295,25
DA:296,25
DA:297,25
DA:298,25
DA:302,75
DA:312,0
DA:315,0
DA:316,0
DA:318,0
DA:319,0
DA:320,0
DA:321,0
DA:326,125
DA:327,250
DA:328,250
DA:334,25
DA:335,25
DA:336,0
DA:339,25
DA:340,25
DA:343,0
DA:344,0
DA:345,0
DA:351,0
DA:358,0
DA:368,0
DA:369,0
DA:371,0
DA:377,25
DA:378,75
DA:379,75
DA:386,396
DA:387,396
DA:389,396
DA:392,792
DA:393,792
DA:394,0
DA:395,0
DA:398,27194
DA:399,13201
DA:400,13201
DA:401,35664
DA:402,5252
DA:403,2626
DA:408,792
DA:409,396
LF:115
LH:62
end_of_record
TN:
SF:C:\DEV\TDD_TV_15\build\_deps\googletest-src\googletest\src\gtest-internal-inl.h
FN:113,_ZN7testing8internal21GetRandomSeedFromFlagEi
FN:130,_ZN7testing8internal17GetNextRandomSeedEi
FN:143,_ZN7testing8internal14GTestFlagSaverC1Ev
FN:169,_ZN7testing8internal14GTestFlagSaverD1Ev
FN:275,_ZN7testing8internal7CountIfISt6vectorIPNS_8TestInfoESaIS4_EEPFbPKS3_EEEiRKT_T0_
FN:275,_ZN7testing8internal7CountIfISt6vectorIPNS_9TestSuiteESaIS4_EEPFbPKS3_EEEiRKT_T0_
FN:275,_ZN7testing8internal7CountIfISt6vectorINS_14TestPartResultESaIS3_EEPFbRKS3_EEEiRKT_T0_
FN:287,_ZN7testing8internal7ForEachISt6vectorIPNS_9TestSuiteESaIS4_EEPFvS4_EEEvRKT_T0_
FN:287,_ZN7testing8internal7ForEachISt6vectorIPNS_17TestEventListenerESaIS4_EEPFvS4_EEEvRKT_T0_
FN:287,_ZN7testing8internal7ForEachISt6vectorIPNS_8TestInfoESaIS4_EEPFvS4_EEEvRKT_T0_
FN:287,_ZN7testing8internal7ForEachISt6vectorIPNS_11EnvironmentESaIS4_EEPFvS4_EEEvRKT_T0_
FN:294,_ZN7testing8internal12GetElementOrIiEET_RKSt6vectorIS2_SaIS2_EEiS2_
FN:304,_ZN7testing8internal12ShuffleRangeIiEEvPNS0_6RandomEiiPSt6vectorIT_SaIS5_EE
FN:328,_ZN7testing8internal7ShuffleIiEEvPNS0_6RandomEPSt6vectorIT_SaIS5_EE
FN:335,_ZN7testing8internalL6DeleteINS_8TestInfoEEEvPT_
FN:335,_ZN7testing8internalL6DeleteINS_11EnvironmentEEEvPT_
FN:335,_ZN7testing8internalL6DeleteINS_9TestSuiteEEEvPT_
FN:335,_ZN7testing8internalL6DeleteINS_17TestEventListenerEEEvPT_
FN:347,_ZN7testing8internal17TestPropertyKeyIsC1ERKNSt7__cxx1112basic_stringIcSt11char_traitsIcESaIcEEE
FN:350,_ZNK7testing8internal17TestPropertyKeyIsclERKNS_12TestPropertyE
FN:410,_ZN7testing8internal27OsStackTraceGetterInterfaceC2Ev
FN:411,_ZN7testing8internal27OsStackTraceGetterInterfaceD2Ev
FN:439,_ZN7testing8internal18OsStackTraceGetterC1Ev
FN:573,_ZNK7testing8internal12UnitTestImpl15start_timestampEv
FN:576,_ZNK7testing8internal12UnitTestImpl12elapsed_timeEv
FN:580,_ZNK7testing8internal12UnitTestImpl6PassedEv
FN:584,_ZNK7testing8internal12UnitTestImpl6FailedEv
FN:590,_ZNK7testing8internal12UnitTestImpl12GetTestSuiteEi
FN:597,_ZNK7testing8internal12UnitTestImpl11GetTestCaseEi
FN:602,_ZN7testing8internal12UnitTestImpl19GetMutableSuiteCaseEi
FN:608,_ZN7testing8internal12UnitTestImpl9listenersEv
FN:615,_ZNK7testing8internal12UnitTestImpl18ad_hoc_test_resultEv
FN:672,_ZN7testing8internal12UnitTestImpl11AddTestInfoEPFvvES3_PNS_8TestInfoE
FN:697,_ZN7testing8internal12UnitTestImpl27parameterized_test_registryEv
FN:701,_ZN7testing8internal12UnitTestImpl33ignored_parameterized_test_suitesB5cxx11Ev
FN:708,_ZN7testing8internal12UnitTestImpl32type_parameterized_test_registryEv
FN:713,_ZN7testing8internal12UnitTestImpl22set_current_test_suiteEPNS_9TestSuiteE
FN:720,_ZN7testing8internal12UnitTestImpl21set_current_test_infoEPNS_8TestInfoE
FN:739,_ZN7testing8internal12UnitTestImpl23ClearNonAdHocTestResultEv
FN:765,_ZNK7testing8internal12UnitTestImpl18current_test_suiteEv
FN:766,_ZN7testing8internal12UnitTestImpl17current_test_infoEv
FN:767,_ZNK7testing8internal12UnitTestImpl17current_test_infoEv
FN:771,_ZN7testing8internal12UnitTestImpl12environmentsEv
FN:774,_ZN7testing8internal12UnitTestImpl17gtest_trace_stackEv
FN:782,_ZN7testing8internal12UnitTestImpl34InitDeathTestSubprocessControlInfoEv
FN:789,_ZNK7testing8internal12UnitTestImpl28internal_run_death_test_flagEv
FN:794,_ZN7testing8internal12UnitTestImpl18death_test_factoryEv
FN:821,_ZNK7testing8internal12UnitTestImpl11random_seedEv
FN:824,_ZN7testing8internal12UnitTestImpl6randomEv
FN:835,_ZNK7testing8internal12UnitTestImpl16catch_exceptionsEv
FN:842,_ZN7testing8internal12UnitTestImpl20set_catch_exceptionsEb
FN:966,_ZN7testing8internal15GetUnitTestImplEv
FN:1007,_ZN7testing8internal18ParseNaturalNumberIyEEbRKNSt7__cxx1112basic_stringIcSt11char_traitsIcESaIcEEEPT_
FN:1007,_ZN7testing8internal18ParseNaturalNumberIiEEbRKNSt7__cxx1112basic_stringIcSt11char_traitsIcESaIcEEEPT_
FN:1007,_ZN7testing8internal18ParseNaturalNumberIjEEbRKNSt7__cxx1112basic_stringIcSt11char_traitsIcESaIcEEEPT_
FNDA:0,_ZNK7testing8internal12UnitTestImpl17current_test_infoEv
FNDA:0,_ZN7testing8internal18ParseNaturalNumberIjEEbRKNSt7__cxx1112basic_stringIcSt11char_traitsIcESaIcEEEPT_
FNDA:2082,_ZNK7testing8internal12UnitTestImpl16catch_exceptionsEv
FNDA:0,_ZNK7testing8internal12UnitTestImpl11GetTestCaseEi
FNDA:604,_ZN7testing8internal7ForEachISt6vectorIPNS_8TestInfoESaIS4_EEPFvS4_EEEvRKT_T0_
FNDA:0,_ZN7testing8internal12UnitTestImpl32type_parameterized_test_registryEv
FNDA:217,_ZN7testing8internal12UnitTestImpl23ClearNonAdHocTestResultEv
FNDA:230,_ZN7testing8internal14GTestFlagSaverD1Ev
FNDA:0,_ZN7testing8internal12UnitTestImpl12environmentsEv
FNDA:0,_ZN7testing8internal12ShuffleRangeIiEEvPNS0_6RandomEiiPSt6vectorIT_SaIS5_EE
FNDA:0,_ZN7testing8internalL6DeleteINS_17TestEventListenerEEEvPT_
FNDA:434,_ZNK7testing8internal12UnitTestImpl6PassedEv
FNDA:217,_ZN7testing8internal7ForEachISt6vectorIPNS_11EnvironmentESaIS4_EEPFvS4_EEEvRKT_T0_
FNDA:246,_ZN7testing8internal12UnitTestImpl34InitDeathTestSubprocessControlInfoEv
FNDA:0,_ZNK7testing8internal12UnitTestImpl28internal_run_death_test_flagEv
FNDA:217,_ZNK7testing8internal12UnitTestImpl12elapsed_timeEv
FNDA:0,_ZNK7testing8internal17TestPropertyKeyIsclERKNS_12TestPropertyE
FNDA:52,_ZNK7testing8internal12UnitTestImpl12GetTestSuiteEi
FNDA:6856,_ZN7testing8internal15GetUnitTestImplEv
FNDA:868,_ZN7testing8internal7CountIfISt6vectorIPNS_9TestSuiteESaIS4_EEPFbPKS3_EEEiRKT_T0_
FNDA:440,_ZN7testing8internal12UnitTestImpl22set_current_test_suiteEPNS_9TestSuiteE
FNDA:0,_ZN7testing8internal7ForEachISt6vectorIPNS_17TestEventListenerESaIS4_EEPFvS4_EEEvRKT_T0_
FNDA:0,_ZN7testing8internal17TestPropertyKeyIsC1ERKNSt7__cxx1112basic_stringIcSt11char_traitsIcESaIcEEE
FNDA:246,_ZN7testing8internal12UnitTestImpl33ignored_parameterized_test_suitesB5cxx11Ev
FNDA:0,_ZN7testing8internalL6DeleteINS_9TestSuiteEEEvPT_
FNDA:604,_ZN7testing8internal12UnitTestImpl19GetMutableSuiteCaseEi
FNDA:2225,_ZN7testing8internal7CountIfISt6vectorINS_14TestPartResultESaIS3_EEPFbRKS3_EEEiRKT_T0_
FNDA:0,_ZN7testing8internal18ParseNaturalNumberIiEEbRKNSt7__cxx1112basic_stringIcSt11char_traitsIcESaIcEEEPT_
FNDA:0,_ZN7testing8internal12UnitTestImpl6randomEv
FNDA:217,_ZN7testing8internal18OsStackTraceGetterC1Ev
FNDA:2510,_ZN7testing8internal12UnitTestImpl11AddTestInfoEPFvvES3_PNS_8TestInfoE
FNDA:217,_ZN7testing8internal7ForEachISt6vectorIPNS_9TestSuiteESaIS4_EEPFvS4_EEEvRKT_T0_
FNDA:217,_ZN7testing8internal27OsStackTraceGetterInterfaceC2Ev
FNDA:0,_ZN7testing8internal18ParseNaturalNumberIyEEbRKNSt7__cxx1112basic_stringIcSt11char_traitsIcESaIcEEEPT_
FNDA:0,_ZN7testing8internal12UnitTestImpl18death_test_factoryEv
FNDA:1765,_ZN7testing8internal12GetElementOrIiEET_RKSt6vectorIS2_SaIS2_EEiS2_
FNDA:1679,_ZN7testing8internal12UnitTestImpl9listenersEv
FNDA:0,_ZN7testing8internalL6DeleteINS_11EnvironmentEEEvPT_
FNDA:0,_ZN7testing8internal27OsStackTraceGetterInterfaceD2Ev
FNDA:0,_ZN7testing8internal17GetNextRandomSeedEi
FNDA:0,_ZN7testing8internal7ShuffleIiEEvPNS0_6RandomEPSt6vectorIT_SaIS5_EE
FNDA:434,_ZNK7testing8internal12UnitTestImpl6FailedEv
FNDA:0,_ZNK7testing8internal12UnitTestImpl11random_seedEv
FNDA:3991,_ZN7testing8internal7CountIfISt6vectorIPNS_8TestInfoESaIS4_EEPFbPKS3_EEEiRKT_T0_
FNDA:246,_ZN7testing8internal12UnitTestImpl20set_catch_exceptionsEb
FNDA:0,_ZN7testing8internalL6DeleteINS_8TestInfoEEEvPT_
FNDA:412,_ZN7testing8internal12UnitTestImpl17current_test_infoEv
FNDA:408,_ZNK7testing8internal12UnitTestImpl18ad_hoc_test_resultEv
FNDA:460,_ZN7testing8internal12UnitTestImpl21set_current_test_infoEPNS_8TestInfoE
FNDA:0,_ZNK7testing8internal12UnitTestImpl15start_timestampEv
FNDA:13,_ZN7testing8internal12UnitTestImpl17gtest_trace_stackEv
FNDA:230,_ZNK7testing8internal12UnitTestImpl18current_test_suiteEv
FNDA:692,_ZN7testing8internal12UnitTestImpl27parameterized_test_registryEv
FNDA:230,_ZN7testing8internal14GTestFlagSaverC1Ev
FNDA:217,_ZN7testing8internal21GetRandomSeedFromFlagEi
FNF:55
FNH:32
DA:113,217
DA:115,217
DA:116,217
DA:120,217
DA:121,217
DA:124,217
DA:130,0
DA:131,0
DA:132,0
DA:133,0
DA:134,0
DA:135,0
DA:143,230
DA:144,230
DA:145,230
DA:146,230
DA:147,230
DA:148,230
DA:149,230
DA:150,230
DA:151,230
DA:152,230
DA:153,230
DA:154,230
DA:155,230
DA:156,230
DA:157,230
DA:158,230
DA:159,230
DA:160,230
DA:162,230
DA:163,230
DA:164,230
DA:165,230
DA:166,230
DA:169,230
DA:170,230
DA:171,230
DA:172,230
DA:173,230
DA:174,230
DA:175,230
DA:176,230
DA:177,230
DA:178,230
DA:179,230
DA:180,230
DA:181,230
DA:182,230
DA:183,230
DA:184,230
DA:185,230
DA:186,230
DA:188,230
DA:189,230
DA:190,230
DA:191,230
DA:192,230
DA:275,7084
DA:278,7084
DA:279,50340
DA:280,36172
DA:282,7084
DA:287,1038
DA:288,1038
DA:289,1038
DA:294,1765
DA:295,1765
DA:296,1765
DA:304,0
DA:306,0
DA:307,0
DA:308,0
DA:309,0
DA:310,0
DA:311,0
DA:312,0
DA:316,0
DA:317,0
DA:318,0
DA:320,0
DA:321,0
DA:322,0
DA:324,0
DA:328,0
DA:329,0
DA:330,0
DA:335,0
DA:336,0
DA:337,0
DA:347,0
DA:350,0
DA:351,0
DA:410,217
DA:411,0
DA:439,217
DA:573,0
DA:576,217
DA:580,434
DA:584,434
DA:585,434
DA:590,52
DA:591,52
DA:592,52
DA:597,0
DA:602,604
DA:603,604
DA:604,604
DA:608,1679
DA:615,408
DA:672,2510
DA:683,2510
DA:684,246
DA:685,246
DA:686,0
DA:692,2510
DA:693,2510
DA:697,692
DA:698,692
DA:701,246
DA:702,246
DA:708,0
DA:709,0
DA:713,440
DA:714,440
DA:715,440
DA:720,460
DA:721,460
DA:722,460
DA:739,217
DA:740,217
DA:741,217
DA:765,230
DA:766,412
DA:767,0
DA:771,0
DA:774,13
DA:775,13
DA:782,246
DA:783,246
DA:784,246
DA:789,0
DA:790,0
DA:794,0
DA:795,0
DA:821,0
DA:824,0
DA:835,2082
DA:842,246
DA:966,6856
DA:967,6856
DA:1007,0
DA:1011,0
DA:1012,0
DA:1014,0
DA:1021,0
DA:1022,0
DA:1024,0
DA:1026,0
DA:1027,0
DA:1028,0
DA:1029,0
DA:1031,0
LF:163
LH:107
end_of_record
TN:
SF:C:\DEV\TDD_TV_15\build\_deps\googletest-src\googletest\src\gtest-matchers.cc
FN:46,_ZN7testing7MatcherIRKNSt7__cxx1112basic_stringIcSt11char_traitsIcESaIcEEEEC2ES8_
FN:50,_ZN7testing7MatcherIRKNSt7__cxx1112basic_stringIcSt11char_traitsIcESaIcEEEEC2EPKc
FN:56,_ZN7testing7MatcherINSt7__cxx1112basic_stringIcSt11char_traitsIcESaIcEEEEC2ERKS6_
FN:60,_ZN7testing7MatcherINSt7__cxx1112basic_stringIcSt11char_traitsIcESaIcEEEEC2EPKc
FN:65,_ZN7testing7MatcherIRKSt17basic_string_viewIcSt11char_traitsIcEEEC2ERKNSt7__cxx1112basic_stringIcS3_SaIcEEE
FN:71,_ZN7testing7MatcherIRKSt17basic_string_viewIcSt11char_traitsIcEEEC2EPKc
FN:77,_ZN7testing7MatcherIRKSt17basic_string_viewIcSt11char_traitsIcEEEC2ES4_
FN:83,_ZN7testing7MatcherISt17basic_string_viewIcSt11char_traitsIcEEEC2ERKNSt7__cxx1112basic_stringIcS3_SaIcEEE
FN:87,_ZN7testing7MatcherISt17basic_string_viewIcSt11char_traitsIcEEEC2EPKc
FN:93,_ZN7testing7MatcherISt17basic_string_viewIcSt11char_traitsIcEEEC2ES4_
FNDA:0,_ZN7testing7MatcherISt17basic_string_viewIcSt11char_traitsIcEEEC2ERKNSt7__cxx1112basic_stringIcS3_SaIcEEE
FNDA:14,_ZN7testing7MatcherIRKNSt7__cxx1112basic_stringIcSt11char_traitsIcESaIcEEEEC2EPKc
FNDA:0,_ZN7testing7MatcherINSt7__cxx1112basic_stringIcSt11char_traitsIcESaIcEEEEC2EPKc
FNDA:0,_ZN7testing7MatcherIRKSt17basic_string_viewIcSt11char_traitsIcEEEC2EPKc
FNDA:0,_ZN7testing7MatcherISt17basic_string_viewIcSt11char_traitsIcEEEC2ES4_
FNDA:0,_ZN7testing7MatcherIRKSt17basic_string_viewIcSt11char_traitsIcEEEC2ERKNSt7__cxx1112basic_stringIcS3_SaIcEEE
FNDA:140,_ZN7testing7MatcherIRKNSt7__cxx1112basic_stringIcSt11char_traitsIcESaIcEEEEC2ES8_
FNDA:0,_ZN7testing7MatcherINSt7__cxx1112basic_stringIcSt11char_traitsIcESaIcEEEEC2ERKS6_
FNDA:0,_ZN7testing7MatcherISt17basic_string_viewIcSt11char_traitsIcEEEC2EPKc
FNDA:0,_ZN7testing7MatcherIRKSt17basic_string_viewIcSt11char_traitsIcEEEC2ES4_
FNF:10
FNH:2
DA:46,140
DA:50,14
DA:51,14
DA:52,14
DA:56,0
DA:60,0
DA:65,0
DA:66,0
DA:67,0
DA:71,0
DA:72,0
DA:73,0
DA:77,0
DA:78,0
DA:79,0
DA:83,0
DA:87,0
DA:88,0
DA:89,0
DA:93,0
DA:94,0
DA:95,0
LF:22
LH:4
end_of_record
TN:
SF:C:\DEV\TDD_TV_15\build\_deps\googletest-src\googletest\src\gtest-port.cc
FN:265,_ZN7testing8internal14GetThreadCountEv
FN:275,_ZN7testing8internal10AutoHandleC2Ev
FN:277,_ZN7testing8internal10AutoHandleC2EPv
FN:279,_ZN7testing8internal10AutoHandleD2Ev
FN:281,_ZNK7testing8internal10AutoHandle3GetEv
FN:283,_ZN7testing8internal10AutoHandle5ResetEv
FN:285,_ZN7testing8internal10AutoHandle5ResetEPv
FN:299,_ZNK7testing8internal10AutoHandle11IsCloseableEv
FN:305,_ZN7testing8internal5MutexC2Ev
FN:313,_ZN7testing8internal5MutexD2Ev
FN:323,_ZN7testing8internal5Mutex4LockEv
FN:329,_ZN7testing8internal5Mutex6UnlockEv
FN:340,_ZN7testing8internal5Mutex10AssertHeldEv
FN:382,_ZN7testing8internal5Mutex18ThreadSafeLazyInitEv
FN:430,_ZN7testing8internal12_GLOBAL__N_122ThreadWithParamSupport12CreateThreadEPNS0_19ThreadWithParamBase8RunnableEPNS0_12NotificationE
FN:451,_ZN7testing8internal12_GLOBAL__N_122ThreadWithParamSupport15ThreadMainParamC2EPNS0_19ThreadWithParamBase8RunnableEPNS0_12NotificationE
FN:458,_ZN7testing8internal12_GLOBAL__N_122ThreadWithParamSupport10ThreadMainEPv
FN:476,_ZN7testing8internal19ThreadWithParamBaseC2EPNS1_8RunnableEPNS0_12NotificationE
FN:481,_ZN7testing8internal19ThreadWithParamBaseD0Ev
FN:481,_ZN7testing8internal19ThreadWithParamBaseD2Ev
FN:483,_ZN7testing8internal19ThreadWithParamBase4JoinEv
FN:496,_ZN7testing8internal23ThreadLocalRegistryImpl23GetValueOnCurrentThreadEPKNS0_15ThreadLocalBaseE
FN:529,_ZN7testing8internal23ThreadLocalRegistryImpl22OnThreadLocalDestroyedEPKNS0_15ThreadLocalBaseE
FN:556,_ZN7testing8internal23ThreadLocalRegistryImpl12OnThreadExitEm
FN:594,_ZN7testing8internal23ThreadLocalRegistryImpl21StartWatcherThreadForEm
FN:621,_ZN7testing8internal23ThreadLocalRegistryImpl17WatcherThreadFuncEPv
FN:632,_ZN7testing8internal23ThreadLocalRegistryImpl24GetThreadLocalsMapLockedEv
FN:651,_ZN7testing8internal19ThreadLocalRegistry23GetValueOnCurrentThreadEPKNS0_15ThreadLocalBaseE
FN:657,_ZN7testing8internal19ThreadLocalRegistry22OnThreadLocalDestroyedEPKNS0_15ThreadLocalBaseE
FN:730,_ZN7testing8internal7IsInSetEcPKc
FN:737,_ZN7testing8internal12IsAsciiDigitEc
FN:738,_ZN7testing8internal12IsAsciiPunctEc
FN:741,_ZN7testing8internal8IsRepeatEc
FN:742,_ZN7testing8internal17IsAsciiWhiteSpaceEc
FN:743,_ZN7testing8internal15IsAsciiWordCharEc
FN:749,_ZN7testing8internal13IsValidEscapeEc
FN:755,_ZN7testing8internal15AtomMatchesCharEbcc
FN:788,_ZN7testing8internalL22FormatRegexSyntaxErrorEPKci
FN:796,_ZN7testing8internal13ValidateRegexEPKc
FN:856,_ZN7testing8internal29MatchRepetitionAndRegexAtHeadEbccPKcS2_
FN:880,_ZN7testing8internal16MatchRegexAtHeadEPKcS2_
FN:914,_ZN7testing8internal18MatchRegexAnywhereEPKcS2_
FN:928,_ZN7testing8internal2RED2Ev
FN:931,_ZN7testing8internal2RE9FullMatchEPKcRKS1_
FN:937,_ZN7testing8internal2RE12PartialMatchEPKcRKS1_
FN:942,_ZN7testing8internal2RE4InitEPKc
FN:977,_ZN7testing8internal18FormatFileLocationB5cxx11EPKci
FN:995,_ZN7testing8internal37FormatCompilerIndependentFileLocationB5cxx11EPKci
FN:1005,_ZN7testing8internal8GTestLogC2ENS0_16GTestLogSeverityEPKci
FN:1017,_ZN7testing8internal8GTestLogD2Ev
FN:1035,_ZN7testing8internal14CapturedStreamC1Ei
FN:1113,_ZN7testing8internal14CapturedStreamD1Ev
FN:1115,_ZN7testing8internal14CapturedStream17GetCapturedStringB5cxx11Ev
FN:1150,_ZN7testing8internalL13CaptureStreamEiPKcPPNS0_14CapturedStreamE
FN:1160,_ZN7testing8internalL17GetCapturedStreamEPPNS0_14CapturedStreamE
FN:1179,_ZN7testing8internal13CaptureStdoutEv
FN:1184,_ZN7testing8internal13CaptureStderrEv
FN:1189,_ZN7testing8internal17GetCapturedStdoutB5cxx11Ev
FN:1194,_ZN7testing8internal17GetCapturedStderrB5cxx11Ev
FN:1200,_ZN7testing8internal11GetFileSizeEP6_iobuf
FN:1205,_ZN7testing8internal14ReadEntireFileB5cxx11EP6_iobuf
FN:1232,_ZN7testing8internal18GetInjectableArgvsB5cxx11Ev
FN:1239,_ZN7testing8internal18SetInjectableArgvsEPKSt6vectorINSt7__cxx1112basic_stringIcSt11char_traitsIcESaIcEEESaIS7_EE
FN:1244,_ZN7testing8internal18SetInjectableArgvsERKSt6vectorINSt7__cxx1112basic_stringIcSt11char_traitsIcESaIcEEESaIS7_EE
FN:1249,_ZN7testing8internal20ClearInjectableArgvsEv
FN:1267,_ZN7testing8internalL12FlagToEnvVarEPKc
FN:1282,_ZN7testing8internal10ParseInt32ERKNS_7MessageEPKcPi
FN:1324,_ZN7testing8internal16BoolFromGTestEnvEPKcb
FN:1338,_ZN7testing8internal17Int32FromGTestEnvEPKci
FN:1370,_ZN7testing8internal25OutputFlagAlsoCheckEnvVarB5cxx11Ev
FN:1381,_ZN7testing8internal18StringFromGTestEnvEPKcS2_
FNDA:0,_ZN7testing8internal14CapturedStreamD1Ev
FNDA:0,_ZN7testing8internal15IsAsciiWordCharEc
FNDA:0,_ZN7testing8internal13IsValidEscapeEc
FNDA:0,_ZN7testing8internal23ThreadLocalRegistryImpl12OnThreadExitEm
FNDA:0,_ZN7testing8internal19ThreadWithParamBase4JoinEv
FNDA:0,_ZN7testing8internal14CapturedStream17GetCapturedStringB5cxx11Ev
FNDA:0,_ZN7testing8internal10ParseInt32ERKNS_7MessageEPKcPi
FNDA:0,_ZN7testing8internal14CapturedStreamC1Ei
FNDA:0,_ZN7testing8internal19ThreadWithParamBaseC2EPNS1_8RunnableEPNS0_12NotificationE
FNDA:0,_ZN7testing8internal12IsAsciiDigitEc
FNDA:0,_ZN7testing8internal13CaptureStdoutEv
FNDA:0,_ZN7testing8internalL22FormatRegexSyntaxErrorEPKci
FNDA:279,_ZN7testing8internal18FormatFileLocationB5cxx11EPKci
FNDA:5050,_ZN7testing8internal5Mutex6UnlockEv
FNDA:246,_ZN7testing8internal25OutputFlagAlsoCheckEnvVarB5cxx11Ev
FNDA:0,_ZN7testing8internalL13CaptureStreamEiPKcPPNS0_14CapturedStreamE
FNDA:292,_ZN7testing8internal23ThreadLocalRegistryImpl23GetValueOnCurrentThreadEPKNS0_15ThreadLocalBaseE
FNDA:0,_ZN7testing8internal29MatchRepetitionAndRegexAtHeadEbccPKcS2_
FNDA:0,_ZN7testing8internal2RE4InitEPKc
FNDA:0,_ZN7testing8internal12_GLOBAL__N_122ThreadWithParamSupport10ThreadMainEPv
FNDA:0,_ZN7testing8internal18SetInjectableArgvsEPKSt6vectorINSt7__cxx1112basic_stringIcSt11char_traitsIcESaIcEEESaIS7_EE
FNDA:0,_ZN7testing8internal19ThreadWithParamBaseD0Ev
FNDA:0,_ZN7testing8internal11GetFileSizeEP6_iobuf
FNDA:8678,_ZN7testing8internal5Mutex10AssertHeldEv
FNDA:1476,_ZN7testing8internal18StringFromGTestEnvEPKcS2_
FNDA:4178,_ZN7testing8internal5MutexC2Ev
FNDA:0,_ZN7testing8internal2RE12PartialMatchEPKcRKS1_
FNDA:0,_ZN7testing8internal37FormatCompilerIndependentFileLocationB5cxx11EPKci
FNDA:0,_ZN7testing8internal15AtomMatchesCharEbcc
FNDA:0,_ZN7testing8internal12_GLOBAL__N_122ThreadWithParamSupport12CreateThreadEPNS0_19ThreadWithParamBase8RunnableEPNS0_12NotificationE
FNDA:0,_ZN7testing8internal16MatchRegexAtHeadEPKcS2_
FNDA:0,_ZN7testing8internal14GetThreadCountEv
FNDA:0,_ZN7testing8internal10AutoHandleC2Ev
FNDA:0,_ZN7testing8internal8GTestLogD2Ev
FNDA:183,_ZN7testing8internal23ThreadLocalRegistryImpl17WatcherThreadFuncEPv
FNDA:0,_ZN7testing8internal13ValidateRegexEPKc
FNDA:738,_ZN7testing8internal17Int32FromGTestEnvEPKci
FNDA:0,_ZN7testing8internal19ThreadLocalRegistry22OnThreadLocalDestroyedEPKNS0_15ThreadLocalBaseE
FNDA:266,_ZN7testing8internal5MutexD2Ev
FNDA:0,_ZN7testing8internal17GetCapturedStdoutB5cxx11Ev
FNDA:0,_ZN7testing8internal10AutoHandle5ResetEPv
FNDA:0,_ZNK7testing8internal10AutoHandle11IsCloseableEv
FNDA:0,_ZN7testing8internal13CaptureStderrEv
FNDA:0,_ZN7testing8internal18SetInjectableArgvsERKSt6vectorINSt7__cxx1112basic_stringIcSt11char_traitsIcESaIcEEESaIS7_EE
FNDA:0,_ZN7testing8internal12IsAsciiPunctEc
FNDA:5166,_ZN7testing8internalL12FlagToEnvVarEPKc
FNDA:292,_ZN7testing8internal19ThreadLocalRegistry23GetValueOnCurrentThreadEPKNS0_15ThreadLocalBaseE
FNDA:0,_ZN7testing8internal23ThreadLocalRegistryImpl22OnThreadLocalDestroyedEPKNS0_15ThreadLocalBaseE
FNDA:0,_ZNK7testing8internal10AutoHandle3GetEv
FNDA:0,_ZN7testing8internal2RED2Ev
FNDA:0,_ZN7testing8internal19ThreadWithParamBaseD2Ev
FNDA:292,_ZN7testing8internal23ThreadLocalRegistryImpl24GetThreadLocalsMapLockedEv
FNDA:18778,_ZN7testing8internal5Mutex18ThreadSafeLazyInitEv
FNDA:0,_ZN7testing8internal17GetCapturedStderrB5cxx11Ev
FNDA:0,_ZN7testing8internal12_GLOBAL__N_122ThreadWithParamSupport15ThreadMainParamC2EPNS0_19ThreadWithParamBase8RunnableEPNS0_12NotificationE
FNDA:0,_ZN7testing8internal8GTestLogC2ENS0_16GTestLogSeverityEPKci
FNDA:0,_ZN7testing8internalL17GetCapturedStreamEPPNS0_14CapturedStreamE
FNDA:0,_ZN7testing8internal20ClearInjectableArgvsEv
FNDA:0,_ZN7testing8internal10AutoHandleD2Ev
FNDA:0,_ZN7testing8internal18MatchRegexAnywhereEPKcS2_
FNDA:5050,_ZN7testing8internal5Mutex4LockEv
FNDA:0,_ZN7testing8internal10AutoHandleC2EPv
FNDA:0,_ZN7testing8internal10AutoHandle5ResetEv
FNDA:0,_ZN7testing8internal8IsRepeatEc
FNDA:0,_ZN7testing8internal14ReadEntireFileB5cxx11EP6_iobuf
FNDA:0,_ZN7testing8internal7IsInSetEcPKc
FNDA:2952,_ZN7testing8internal16BoolFromGTestEnvEPKcb
FNDA:0,_ZN7testing8internal18GetInjectableArgvsB5cxx11Ev
FNDA:0,_ZN7testing8internal2RE9FullMatchEPKcRKS1_
FNDA:183,_ZN7testing8internal23ThreadLocalRegistryImpl21StartWatcherThreadForEm
FNDA:0,_ZN7testing8internal17IsAsciiWhiteSpaceEc
FNF:71
FNH:17
DA:265,0
DA:268,0
DA:275,0
DA:277,0
DA:279,0
DA:281,0
DA:283,0
DA:285,0
DA:287,0
DA:288,0
DA:289,0
DA:291,0
DA:293,0
DA:295,0
DA:297,0
DA:299,0
DA:302,0
DA:305,4178
DA:306,4178
DA:307,4178
DA:308,4178
DA:309,4178
DA:310,4178
DA:311,4178
DA:313,266
DA:316,266
DA:317,266
DA:318,266
DA:319,266
DA:321,266
DA:323,5050
DA:324,5050
DA:325,5050
DA:326,5050
DA:327,5050
DA:329,5050
DA:330,5050
DA:334,5050
DA:335,5050
DA:336,5050
DA:340,8678
DA:341,8678
DA:342,8678
DA:343,0
DA:344,8678
DA:382,18778
DA:384,18778
DA:385,16738
DA:386,33476
DA:387,353
DA:390,353
DA:396,353
DA:398,353
DA:401,706
DA:403,353
DA:404,0
DA:407,0
DA:408,0
DA:411,0
DA:413,0
DA:415,16385
DA:416,16385
DA:418,0
DA:419,0
DA:421,0
DA:424,18778
DA:430,0
DA:432,0
DA:434,0
DA:441,0
DA:442,0
DA:443,0
DA:444,0
DA:446,0
DA:451,0
DA:452,0
DA:458,0
DA:460,0
DA:461,0
DA:462,0
DA:463,0
DA:464,0
DA:465,0
DA:476,0
DA:477,0
DA:478,0
DA:479,0
DA:481,0
DA:483,0
DA:484,0
DA:485,0
DA:486,0
DA:496,292
DA:501,292
DA:502,292
DA:504,292
DA:506,292
DA:507,292
DA:508,183
DA:510,183
DA:512,183
DA:514,292
DA:516,292
DA:517,292
DA:518,196
DA:520,196
DA:522,196
DA:523,196
DA:526,584
DA:527,292
DA:529,0
DA:531,0
DA:535,0
DA:537,0
DA:538,0
DA:539,0
DA:540,0
DA:541,0
DA:543,0
DA:544,0
DA:545,0
DA:546,0
DA:551,0
DA:554,0
DA:556,0
DA:557,0
DA:558,0
DA:562,0
DA:564,0
DA:566,0
DA:567,0
DA:568,0
DA:569,0
DA:570,0
DA:571,0
DA:572,0
DA:574,0
DA:576,0
DA:579,0
DA:594,183
DA:598,183
DA:599,183
DA:603,183
DA:607,183
DA:608,183
DA:609,183
DA:610,0
DA:613,183
DA:615,183
DA:616,183
DA:617,183
DA:621,183
DA:622,183
DA:624,183
DA:625,0
DA:626,0
DA:627,0
DA:628,0
DA:632,292
DA:633,292
DA:637,292
DA:638,292
DA:651,292
DA:653,292
DA:654,292
DA:657,0
DA:659,0
DA:660,0
DA:730,0
DA:731,0
DA:737,0
DA:738,0
DA:739,0
DA:741,0
DA:742,0
DA:743,0
DA:744,0
DA:745,0
DA:749,0
DA:750,0
DA:755,0
DA:756,0
DA:757,0
DA:758,0
DA:759,0
DA:760,0
DA:761,0
DA:762,0
DA:763,0
DA:764,0
DA:765,0
DA:766,0
DA:767,0
DA:768,0
DA:769,0
DA:770,0
DA:771,0
DA:772,0
DA:773,0
DA:774,0
DA:775,0
DA:776,0
DA:777,0
DA:778,0
DA:779,0
DA:781,0
DA:784,0
DA:788,0
DA:789,0
DA:790,0
DA:791,0
DA:796,0
DA:797,0
DA:798,0
DA:799,0
DA:802,0
DA:805,0
DA:806,0
DA:807,0
DA:808,0
DA:809,0
DA:810,0
DA:811,0
DA:812,0
DA:815,0
DA:816,0
DA:817,0
DA:818,0
DA:820,0
DA:822,0
DA:824,0
DA:825,0
DA:826,0
DA:827,0
DA:828,0
DA:829,0
DA:830,0
DA:831,0
DA:832,0
DA:833,0
DA:834,0
DA:835,0
DA:836,0
DA:837,0
DA:838,0
DA:839,0
DA:842,0
DA:846,0
DA:856,0
DA:858,0
DA:859,0
DA:863,0
DA:865,0
DA:870,0
DA:872,0
DA:874,0
DA:880,0
DA:881,0
DA:882,0
DA:886,0
DA:889,0
DA:890,0
DA:891,0
DA:895,0
DA:896,0
DA:901,0
DA:902,0
DA:914,0
DA:915,0
DA:917,0
DA:921,0
DA:922,0
DA:923,0
DA:928,0
DA:931,0
DA:932,0
DA:937,0
DA:938,0
DA:942,0
DA:943,0
DA:944,0
DA:946,0
DA:947,0
DA:950,0
DA:951,0
DA:953,0
DA:958,0
DA:960,0
DA:961,0
DA:964,0
DA:966,0
DA:967,0
DA:977,279
DA:978,279
DA:980,279
DA:981,9
DA:986,270
DA:988,279
DA:995,0
DA:997,0
DA:999,0
DA:1000,0
DA:1002,0
DA:1003,0
DA:1005,0
DA:1006,0
DA:1007,0
DA:1011,0
DA:1012,0
DA:1013,0
DA:1014,0
DA:1017,0
DA:1018,0
DA:1019,0
DA:1020,0
DA:1021,0
DA:1023,0
DA:1035,0
DA:1037,0
DA:1038,0
DA:1040,0
DA:1041,0
DA:1044,0
DA:1045,0
DA:1046,0
DA:1047,0
DA:1048,0
DA:1049,0
DA:1108,0
DA:1109,0
DA:1110,0
DA:1111,0
DA:1113,0
DA:1115,0
DA:1116,0
DA:1118,0
DA:1119,0
DA:1120,0
DA:1121,0
DA:1124,0
DA:1125,0
DA:1126,0
DA:1127,0
DA:1129,0
DA:1130,0
DA:1131,0
DA:1132,0
DA:1150,0
DA:1152,0
DA:1153,0
DA:1154,0
DA:1156,0
DA:1157,0
DA:1160,0
DA:1161,0
DA:1163,0
DA:1164,0
DA:1166,0
DA:1179,0
DA:1180,0
DA:1181,0
DA:1184,0
DA:1185,0
DA:1186,0
DA:1189,0
DA:1190,0
DA:1194,0
DA:1195,0
DA:1200,0
DA:1201,0
DA:1202,0
DA:1205,0
DA:1206,0
DA:1207,0
DA:1209,0
DA:1210,0
DA:1212,0
DA:1218,0
DA:1219,0
DA:1220,0
DA:1222,0
DA:1223,0
DA:1225,0
DA:1232,0
DA:1233,0
DA:1234,0
DA:1236,0
DA:1239,0
DA:1240,0
DA:1241,0
DA:1242,0
DA:1244,0
DA:1245,0
DA:1246,0
DA:1247,0
DA:1249,0
DA:1250,0
DA:1251,0
DA:1252,0
DA:1267,5166
DA:1269,5166
DA:1271,5166
DA:1272,107010
DA:1273,101844
DA:1276,10332
DA:1277,5166
DA:1282,0
DA:1284,0
DA:1285,0
DA:1288,0
DA:1290,0
DA:1291,0
DA:1292,0
DA:1293,0
DA:1294,0
DA:1295,0
DA:1296,0
DA:1297,0
DA:1300,0
DA:1301,0
DA:1307,0
DA:1308,0
DA:1309,0
DA:1310,0
DA:1311,0
DA:1312,0
DA:1313,0
DA:1314,0
DA:1316,0
DA:1317,0
DA:1324,2952
DA:1328,2952
DA:1329,2952
DA:1330,2952
DA:1331,2952
DA:1333,5904
DA:1338,738
DA:1342,738
DA:1343,738
DA:1344,738
DA:1346,738
DA:1349,0
DA:1350,0
DA:1352,0
DA:1353,0
DA:1354,0
DA:1355,0
DA:1358,0
DA:1360,738
DA:1370,246
DA:1371,246
DA:1372,246
DA:1373,246
DA:1374,0
DA:1376,246
DA:1377,0
DA:1381,1476
DA:1385,1476
DA:1386,1476
DA:1387,2952
DA:1389,1476
LF:461
LH:114
end_of_record
TN:
SF:C:\DEV\TDD_TV_15\build\_deps\googletest-src\googletest\src\gtest-printers.cc
FN:70,_ZN7testing12_GLOBAL__N_1L26PrintByteSegmentInObjectToEPKhyyPSo
FN:89,_ZN7testing12_GLOBAL__N_1L24PrintBytesInObjectToImplEPKhyPSo
FN:116,_ZN7testing12_GLOBAL__N_1L8ToChar32IDsEEDiT_
FN:116,_ZN7testing12_GLOBAL__N_1L8ToChar32IwEEDiT_
FN:116,_ZN7testing12_GLOBAL__N_1L8ToChar32IcEEDiT_
FN:116,_ZN7testing12_GLOBAL__N_1L8ToChar32IDiEEDiT_
FN:116,_ZN7testing12_GLOBAL__N_1L8ToChar32IhEEDiT_
FN:116,_ZN7testing12_GLOBAL__N_1L8ToChar32IaEEDiT_
FN:130,_ZN7testing8internal20PrintBytesInObjectToEPKhyPSo
FN:145,_ZN7testing8internal16IsPrintableAsciiEDi
FN:151,_ZN7testing8internalL20PrintAsCharLiteralToIwEENS0_10CharFormatET_PSo
FN:151,_ZN7testing8internalL20PrintAsCharLiteralToIDiEENS0_10CharFormatET_PSo
FN:151,_ZN7testing8internalL20PrintAsCharLiteralToIhEENS0_10CharFormatET_PSo
FN:151,_ZN7testing8internalL20PrintAsCharLiteralToIaEENS0_10CharFormatET_PSo
FN:200,_ZN7testing8internalL22PrintAsStringLiteralToEDiPSo
FN:213,_ZN7testing8internalL18GetCharWidthPrefixEc
FN:215,_ZN7testing8internalL18GetCharWidthPrefixEa
FN:217,_ZN7testing8internalL18GetCharWidthPrefixEh
FN:223,_ZN7testing8internalL18GetCharWidthPrefixEDs
FN:225,_ZN7testing8internalL18GetCharWidthPrefixEDi
FN:227,_ZN7testing8internalL18GetCharWidthPrefixEw
FN:231,_ZN7testing8internalL22PrintAsStringLiteralToEcPSo
FN:241,_ZN7testing8internalL22PrintAsStringLiteralToEDsPSo
FN:245,_ZN7testing8internalL22PrintAsStringLiteralToEwPSo
FN:253,_ZN7testing8internal18PrintCharAndCodeToIaEEvT_PSo
FN:253,_ZN7testing8internal18PrintCharAndCodeToIhEEvT_PSo
FN:253,_ZN7testing8internal18PrintCharAndCodeToIwEEvT_PSo
FN:276,_ZN7testing8internal7PrintToEhPSo
FN:277,_ZN7testing8internal7PrintToEaPSo
FN:281,_ZN7testing8internal7PrintToEwPSo
FN:284,_ZN7testing8internal7PrintToEDiPSo
FN:291,_ZN7testing8internal7PrintToEoPSo
FN:324,_ZN7testing8internal7PrintToEnPSo
FN:342,_ZN7testing8internalL20PrintCharsAsStringToIDsEENS0_10CharFormatEPKT_yPSo
FN:342,_ZN7testing8internalL20PrintCharsAsStringToIcEENS0_10CharFormatEPKT_yPSo
FN:342,_ZN7testing8internalL20PrintCharsAsStringToIDiEENS0_10CharFormatEPKT_yPSo
FN:342,_ZN7testing8internalL20PrintCharsAsStringToIwEENS0_10CharFormatEPKT_yPSo
FN:371,_ZN7testing8internalL23UniversalPrintCharArrayIDiEEvPKT_yPSo
FN:371,_ZN7testing8internalL23UniversalPrintCharArrayIcEEvPKT_yPSo
FN:371,_ZN7testing8internalL23UniversalPrintCharArrayIDsEEvPKT_yPSo
FN:371,_ZN7testing8internalL23UniversalPrintCharArrayIwEEvPKT_yPSo
FN:394,_ZN7testing8internal19UniversalPrintArrayEPKcyPSo
FN:408,_ZN7testing8internal19UniversalPrintArrayEPKDsyPSo
FN:414,_ZN7testing8internal19UniversalPrintArrayEPKDiyPSo
FN:420,_ZN7testing8internal19UniversalPrintArrayEPKwyPSo
FN:428,_ZN7testing8internal12_GLOBAL__N_1L14PrintCStringToIcEEvPKT_PSo
FN:428,_ZN7testing8internal12_GLOBAL__N_1L14PrintCStringToIDsEEvPKT_PSo
FN:428,_ZN7testing8internal12_GLOBAL__N_1L14PrintCStringToIDiEEvPKT_PSo
FN:428,_ZN7testing8internal12_GLOBAL__N_1L14PrintCStringToIwEEvPKT_PSo
FN:439,_ZN7testing8internal7PrintToEPKcPSo
FN:445,_ZN7testing8internal7PrintToEPKDsPSo
FN:447,_ZN7testing8internal7PrintToEPKDiPSo
FN:457,_ZN7testing8internal7PrintToEPKwPSo
FN:462,_ZN7testing8internal12_GLOBAL__N_1L31ContainsUnprintableControlCodesEPKcy
FN:481,_ZN7testing8internal12_GLOBAL__N_1L15IsUTF8TrailByteEh
FN:483,_ZN7testing8internal12_GLOBAL__N_1L11IsValidUTF8EPKcy
FN:516,_ZN7testing8internal12_GLOBAL__N_1L22ConditionalPrintAsTextEPKcyPSo
FN:525,_ZN7testing8internal13PrintStringToERKNSt7__cxx1112basic_stringIcSt11char_traitsIcESaIcEEEPSo
FN:539,_ZN7testing8internal16PrintU16StringToERKNSt7__cxx1112basic_stringIDsSt11char_traitsIDsESaIDsEEEPSo
FN:543,_ZN7testing8internal16PrintU32StringToERKNSt7__cxx1112basic_stringIDiSt11char_traitsIDiESaIDiEEEPSo
FN:548,_ZN7testing8internal17PrintWideStringToERKNSt7__cxx1112basic_stringIwSt11char_traitsIwESaIwEEEPSo
FNDA:0,_ZN7testing8internalL23UniversalPrintCharArrayIwEEvPKT_yPSo
FNDA:0,_ZN7testing8internal12_GLOBAL__N_1L14PrintCStringToIDiEEvPKT_PSo
FNDA:0,_ZN7testing12_GLOBAL__N_1L8ToChar32IhEEDiT_
FNDA:0,_ZN7testing8internal19UniversalPrintArrayEPKDsyPSo
FNDA:0,_ZN7testing8internal7PrintToEDiPSo
FNDA:0,_ZN7testing8internal12_GLOBAL__N_1L15IsUTF8TrailByteEh
FNDA:0,_ZN7testing8internal19UniversalPrintArrayEPKwyPSo
FNDA:0,_ZN7testing12_GLOBAL__N_1L26PrintByteSegmentInObjectToEPKhyyPSo
FNDA:0,_ZN7testing8internalL22PrintAsStringLiteralToEDsPSo
FNDA:0,_ZN7testing8internalL18GetCharWidthPrefixEa
FNDA:3643,_ZN7testing8internalL22PrintAsStringLiteralToEDiPSo
FNDA:0,_ZN7testing8internal17PrintWideStringToERKNSt7__cxx1112basic_stringIwSt11char_traitsIwESaIwEEEPSo
FNDA:0,_ZN7testing8internal12_GLOBAL__N_1L14PrintCStringToIwEEvPKT_PSo
FNDA:0,_ZN7testing12_GLOBAL__N_1L8ToChar32IaEEDiT_
FNDA:0,_ZN7testing8internal7PrintToEoPSo
FNDA:0,_ZN7testing8internalL18GetCharWidthPrefixEDi
FNDA:0,_ZN7testing8internal19UniversalPrintArrayEPKDiyPSo
FNDA:0,_ZN7testing8internal7PrintToEPKDiPSo
FNDA:0,_ZN7testing8internal18PrintCharAndCodeToIwEEvT_PSo
FNDA:0,_ZN7testing8internalL23UniversalPrintCharArrayIDiEEvPKT_yPSo
FNDA:0,_ZN7testing8internalL18GetCharWidthPrefixEDs
FNDA:3643,_ZN7testing12_GLOBAL__N_1L8ToChar32IDiEEDiT_
FNDA:0,_ZN7testing8internal7PrintToEPKcPSo
FNDA:0,_ZN7testing8internalL23UniversalPrintCharArrayIcEEvPKT_yPSo
FNDA:0,_ZN7testing8internal7PrintToEhPSo
FNDA:0,_ZN7testing8internalL20PrintCharsAsStringToIwEENS0_10CharFormatEPKT_yPSo
FNDA:0,_ZN7testing8internal7PrintToEwPSo
FNDA:3643,_ZN7testing8internalL22PrintAsStringLiteralToEcPSo
FNDA:0,_ZN7testing8internalL23UniversalPrintCharArrayIDsEEvPKT_yPSo
FNDA:0,_ZN7testing8internal16PrintU32StringToERKNSt7__cxx1112basic_stringIDiSt11char_traitsIDiESaIDiEEEPSo
FNDA:3643,_ZN7testing8internal16IsPrintableAsciiEDi
FNDA:0,_ZN7testing8internal12_GLOBAL__N_1L22ConditionalPrintAsTextEPKcyPSo
FNDA:1738,_ZN7testing8internal13PrintStringToERKNSt7__cxx1112basic_stringIcSt11char_traitsIcESaIcEEEPSo
FNDA:0,_ZN7testing8internal12_GLOBAL__N_1L11IsValidUTF8EPKcy
FNDA:0,_ZN7testing8internal7PrintToEPKwPSo
FNDA:0,_ZN7testing8internal7PrintToEPKDsPSo
FNDA:0,_ZN7testing8internal20PrintBytesInObjectToEPKhyPSo
FNDA:0,_ZN7testing8internalL18GetCharWidthPrefixEh
FNDA:0,_ZN7testing8internal18PrintCharAndCodeToIhEEvT_PSo
FNDA:0,_ZN7testing12_GLOBAL__N_1L8ToChar32IDsEEDiT_
FNDA:0,_ZN7testing12_GLOBAL__N_1L8ToChar32IwEEDiT_
FNDA:0,_ZN7testing8internal7PrintToEaPSo
FNDA:0,_ZN7testing8internal12_GLOBAL__N_1L31ContainsUnprintableControlCodesEPKcy
FNDA:0,_ZN7testing8internalL20PrintCharsAsStringToIDiEENS0_10CharFormatEPKT_yPSo
FNDA:0,_ZN7testing8internal12_GLOBAL__N_1L14PrintCStringToIDsEEvPKT_PSo
FNDA:3643,_ZN7testing12_GLOBAL__N_1L8ToChar32IcEEDiT_
FNDA:0,_ZN7testing8internal16PrintU16StringToERKNSt7__cxx1112basic_stringIDsSt11char_traitsIDsESaIDsEEEPSo
FNDA:0,_ZN7testing8internalL18GetCharWidthPrefixEw
FNDA:0,_ZN7testing12_GLOBAL__N_1L24PrintBytesInObjectToImplEPKhyPSo
FNDA:0,_ZN7testing8internalL20PrintAsCharLiteralToIwEENS0_10CharFormatET_PSo
FNDA:3643,_ZN7testing8internalL20PrintAsCharLiteralToIDiEENS0_10CharFormatET_PSo
FNDA:0,_ZN7testing8internalL20PrintAsCharLiteralToIhEENS0_10CharFormatET_PSo
FNDA:0,_ZN7testing8internalL22PrintAsStringLiteralToEwPSo
FNDA:0,_ZN7testing8internal19UniversalPrintArrayEPKcyPSo
FNDA:0,_ZN7testing8internalL20PrintAsCharLiteralToIaEENS0_10CharFormatET_PSo
FNDA:0,_ZN7testing8internal12_GLOBAL__N_1L14PrintCStringToIcEEvPKT_PSo
FNDA:1738,_ZN7testing8internalL18GetCharWidthPrefixEc
FNDA:0,_ZN7testing8internal7PrintToEnPSo
FNDA:0,_ZN7testing8internalL20PrintCharsAsStringToIDsEENS0_10CharFormatEPKT_yPSo
FNDA:0,_ZN7testing8internal18PrintCharAndCodeToIaEEvT_PSo
FNDA:1738,_ZN7testing8internalL20PrintCharsAsStringToIcEENS0_10CharFormatEPKT_yPSo
FNF:61
FNH:9
DA:70,0
DA:72,0
DA:73,0
DA:74,0
DA:75,0
DA:78,0
DA:79,0
DA:81,0
DA:83,0
DA:84,0
DA:86,0
DA:89,0
DA:92,0
DA:94,0
DA:95,0
DA:99,0
DA:100,0
DA:102,0
DA:103,0
DA:105,0
DA:106,0
DA:108,0
DA:109,0
DA:116,7286
DA:118,7286
DA:130,0
DA:132,0
DA:133,0
DA:145,3643
DA:151,3643
DA:152,3643
DA:153,3643
DA:154,0
DA:155,0
DA:156,0
DA:157,0
DA:158,0
DA:159,0
DA:160,0
DA:161,0
DA:162,0
DA:163,0
DA:164,0
DA:165,0
DA:166,0
DA:167,0
DA:168,0
DA:169,0
DA:170,0
DA:171,0
DA:172,0
DA:173,0
DA:174,0
DA:175,0
DA:176,0
DA:177,0
DA:178,0
DA:179,0
DA:180,0
DA:181,0
DA:182,0
DA:183,0
DA:184,3643
DA:185,3643
DA:186,3643
DA:187,3643
DA:189,0
DA:190,0
DA:191,0
DA:192,0
DA:195,0
DA:200,3643
DA:201,3643
DA:202,0
DA:203,0
DA:204,0
DA:205,0
DA:206,0
DA:207,0
DA:208,3643
DA:209,3643
DA:213,1738
DA:215,0
DA:217,0
DA:223,0
DA:225,0
DA:227,0
DA:231,3643
DA:232,3643
DA:241,0
DA:242,0
DA:245,0
DA:246,0
DA:253,0
DA:255,0
DA:256,0
DA:257,0
DA:262,0
DA:263,0
DA:268,0
DA:271,0
DA:273,0
DA:276,0
DA:277,0
DA:281,0
DA:284,0
DA:285,0
DA:286,0
DA:287,0
DA:291,0
DA:292,0
DA:293,0
DA:294,0
DA:299,0
DA:304,0
DA:305,0
DA:307,0
DA:308,0
DA:309,0
DA:310,0
DA:316,0
DA:317,0
DA:319,0
DA:320,0
DA:322,0
DA:324,0
DA:325,0
DA:326,0
DA:327,0
DA:328,0
DA:330,0
DA:331,0
DA:342,1738
DA:343,1738
DA:344,1738
DA:345,1738
DA:346,1738
DA:347,5381
DA:348,3643
DA:349,3643
DA:353,0
DA:355,3643
DA:357,3643
DA:358,0
DA:361,1738
DA:362,1738
DA:371,0
DA:380,0
DA:381,0
DA:382,0
DA:389,0
DA:390,0
DA:394,0
DA:395,0
DA:396,0
DA:408,0
DA:409,0
DA:410,0
DA:414,0
DA:415,0
DA:416,0
DA:420,0
DA:421,0
DA:422,0
DA:428,0
DA:429,0
DA:430,0
DA:432,0
DA:433,0
DA:435,0
DA:439,0
DA:445,0
DA:447,0
DA:457,0
DA:462,0
DA:463,0
DA:465,0
DA:466,0
DA:467,0
DA:468,0
DA:469,0
DA:472,0
DA:473,0
DA:474,0
DA:478,0
DA:481,0
DA:483,0
DA:484,0
DA:486,0
DA:487,0
DA:489,0
DA:490,0
DA:492,0
DA:493,0
DA:494,0
DA:495,0
DA:496,0
DA:497,0
DA:499,0
DA:500,0
DA:501,0
DA:502,0
DA:503,0
DA:504,0
DA:506,0
DA:507,0
DA:508,0
DA:510,0
DA:513,0
DA:516,0
DA:517,0
DA:518,0
DA:519,0
DA:521,0
DA:525,1738
DA:526,1738
DA:527,0
DA:528,0
DA:531,1738
DA:539,0
DA:540,0
DA:541,0
DA:543,0
DA:544,0
DA:545,0
DA:548,0
DA:549,0
DA:550,0
LF:228
LH:32
end_of_record
TN:
SF:C:\DEV\TDD_TV_15\build\_deps\googletest-src\googletest\src\gtest-test-part.cc
FN:45,_ZN7testing14TestPartResult14ExtractSummaryB5cxx11EPKc
FN:51,_ZN7testinglsERSoRKNS_14TestPartResultE
FN:65,_ZN7testing19TestPartResultArray6AppendERKNS_14TestPartResultE
FN:70,_ZNK7testing19TestPartResultArray17GetTestPartResultEi
FN:80,_ZNK7testing19TestPartResultArray4sizeEv
FN:86,_ZN7testing8internal24HasNewFatalFailureHelperC2Ev
FN:93,_ZN7testing8internal24HasNewFatalFailureHelperD2Ev
FN:93,_ZN7testing8internal24HasNewFatalFailureHelperD0Ev
FN:98,_ZN7testing8internal24HasNewFatalFailureHelper20ReportTestPartResultERKNS_14TestPartResultE
FNDA:13,_ZN7testing14TestPartResult14ExtractSummaryB5cxx11EPKc
FNDA:0,_ZN7testing19TestPartResultArray6AppendERKNS_14TestPartResultE
FNDA:0,_ZN7testing8internal24HasNewFatalFailureHelperC2Ev
FNDA:0,_ZNK7testing19TestPartResultArray17GetTestPartResultEi
FNDA:0,_ZN7testinglsERSoRKNS_14TestPartResultE
FNDA:0,_ZN7testing8internal24HasNewFatalFailureHelper20ReportTestPartResultERKNS_14TestPartResultE
FNDA:0,_ZN7testing8internal24HasNewFatalFailureHelperD0Ev
FNDA:0,_ZN7testing8internal24HasNewFatalFailureHelperD2Ev
FNDA:0,_ZNK7testing19TestPartResultArray4sizeEv
FNF:9
FNH:1
DA:45,13
DA:46,13
DA:47,39
DA:51,0
DA:52,0
DA:55,0
DA:56,0
DA:57,0
DA:58,0
DA:61,0
DA:65,0
DA:66,0
DA:67,0
DA:70,0
DA:71,0
DA:72,0
DA:73,0
DA:76,0
DA:80,0
DA:81,0
DA:86,0
DA:87,0
DA:88,0
DA:89,0
DA:90,0
DA:91,0
DA:93,0
DA:94,0
DA:96,0
DA:98,0
DA:100,0
DA:101,0
DA:102,0
LF:33
LH:3
end_of_record
TN:
SF:C:\DEV\TDD_TV_15\build\_deps\googletest-src\googletest\src\gtest-typed-test.cc
FN:43,_ZN7testing8internalL10SkipSpacesEPKc
FN:48,_ZN7testing8internalL18SplitIntoTestNamesEPKc
FN:60,_ZN7testing8internal20TypedTestSuitePState25VerifyRegisteredTestNamesEPKcS3_iS3_
FNDA:0,_ZN7testing8internalL10SkipSpacesEPKc
FNDA:0,_ZN7testing8internalL18SplitIntoTestNamesEPKc
FNDA:0,_ZN7testing8internal20TypedTestSuitePState25VerifyRegisteredTestNamesEPKcS3_iS3_
FNF:3
FNH:0
DA:43,0
DA:44,0
DA:45,0
DA:48,0
DA:49,0
DA:50,0
DA:51,0
DA:52,0
DA:54,0
DA:55,0
DA:60,0
DA:63,0
DA:66,0
DA:68,0
DA:70,0
DA:72,0
DA:73,0
DA:74,0
DA:75,0
DA:76,0
DA:77,0
DA:78,0
DA:81,0
DA:82,0
DA:84,0
DA:85,0
DA:89,0
DA:90,0
DA:91,0
DA:92,0
DA:96,0
DA:97,0
DA:98,0
DA:100,0
DA:101,0
DA:104,0
DA:105,0
LF:37
LH:0
end_of_record
TN:
SF:C:\DEV\TDD_TV_15\build\_deps\googletest-src\googletest\src\gtest.cc
FN:209,_ZN7testing8internalL18OpenFileForWritingERKNSt7__cxx1112basic_stringIcSt11char_traitsIcESaIcEEE
FN:228,_ZN7testingL16GetDefaultFilterEv
FN:239,_ZN7testingL18GetDefaultFailFastEv
FN:400,_ZN7testing8internal6Random8GenerateEj
FN:419,_ZN7testing8internalL18GTestIsInitializedEv
FN:424,_ZN7testing8internalL20SumOverTestSuiteListERKSt6vectorIPNS_9TestSuiteESaIS3_EEMS2_KFivE
FN:434,_ZN7testing8internalL15TestSuitePassedEPKNS_9TestSuiteE
FN:439,_ZN7testing8internalL15TestSuiteFailedEPKNS_9TestSuiteE
FN:445,_ZN7testing8internalL18ShouldRunTestSuiteEPKNS_9TestSuiteE
FN:450,_ZN7testing8internal12AssertHelperC2ENS_14TestPartResult4TypeEPKciS5_
FN:454,_ZN7testing8internal12AssertHelperD2Ev
FN:457,_ZNK7testing8internal12AssertHelperaSERKNS_7MessageE
FN:479,_ZN7testing8internal12_GLOBAL__N_111FailureTestC2ERKNS0_12CodeLocationENSt7__cxx1112basic_stringIcSt11char_traitsIcESaIcEEEb
FN:485,_ZN7testing8internal12_GLOBAL__N_111FailureTest8TestBodyEv
FN:502,_ZN7testing8internal33GetIgnoredParameterizedTestSuitesB5cxx11Ev
FN:507,_ZN7testing8internal13MarkAsIgnoredC2EPKc
FN:513,_ZN7testing8internal23InsertSyntheticTestCaseERKNSt7__cxx1112basic_stringIcSt11char_traitsIcESaIcEEENS0_12CodeLocationEb
FN:551,_ZZN7testing8internal23InsertSyntheticTestCaseERKNSt7__cxx1112basic_stringIcSt11char_traitsIcESaIcEEENS0_12CodeLocationEbENKUlvE_clEv
FN:557,_ZN7testing8internal34RegisterTypeParameterizedTestSuiteEPKcNS0_12CodeLocationE
FN:563,_ZN7testing8internal47RegisterTypeParameterizedTestSuiteInstantiationEPKc
FN:568,_ZN7testing8internal34TypeParameterizedTestSuiteRegistry17RegisterTestSuiteEPKcNS0_12CodeLocationE
FN:574,_ZN7testing8internal34TypeParameterizedTestSuiteRegistry21RegisterInstantiationEPKc
FN:585,_ZN7testing8internal34TypeParameterizedTestSuiteRegistry22CheckForInstantiationsEv
FN:614,_ZZN7testing8internal34TypeParameterizedTestSuiteRegistry22CheckForInstantiationsEvENKUlvE_clEv
FN:624,_ZN7testing8internal8GetArgvsB5cxx11Ev
FN:638,_ZN7testing8internal24GetCurrentExecutableNameEv
FN:654,_ZN7testing8internal15UnitTestOptions15GetOutputFormatB5cxx11Ev
FN:667,_ZN7testing8internal15UnitTestOptions27GetAbsolutePathToOutputFileB5cxx11Ev
FN:703,_ZN7testing8internalL20PatternMatchesStringERKNSt7__cxx1112basic_stringIcSt11char_traitsIcESaIcEEEPKcSA_
FN:752,_ZN7testing8internal12_GLOBAL__N_1L13IsGlobPatternERKNSt7__cxx1112basic_stringIcSt11char_traitsIcESaIcEEE
FN:754,_ZZN7testing8internal12_GLOBAL__N_1L13IsGlobPatternERKNSt7__cxx1112basic_stringIcSt11char_traitsIcESaIcEEEENKUlcE_clEc
FN:759,_ZN7testing8internal12_GLOBAL__N_114UnitTestFilterC2Ev
FN:762,_ZN7testing8internal12_GLOBAL__N_114UnitTestFilterC2ERKNSt7__cxx1112basic_stringIcSt11char_traitsIcESaIcEEE
FN:780,_ZNK7testing8internal12_GLOBAL__N_114UnitTestFilter11MatchesNameERKNSt7__cxx1112basic_stringIcSt11char_traitsIcESaIcEEE
FN:783,_ZZNK7testing8internal12_GLOBAL__N_114UnitTestFilter11MatchesNameERKNSt7__cxx1112basic_stringIcSt11char_traitsIcESaIcEEEENKUlSA_E_clESA_
FN:802,_ZN7testing8internal12_GLOBAL__N_133PositiveAndNegativeUnitTestFilterC2ERKNSt7__cxx1112basic_stringIcSt11char_traitsIcESaIcEEE
FN:832,_ZNK7testing8internal12_GLOBAL__N_133PositiveAndNegativeUnitTestFilter11MatchesTestERKNSt7__cxx1112basic_stringIcSt11char_traitsIcESaIcEEESA_
FN:839,_ZNK7testing8internal12_GLOBAL__N_133PositiveAndNegativeUnitTestFilter11MatchesNameERKNSt7__cxx1112basic_stringIcSt11char_traitsIcESaIcEEE
FN:850,_ZN7testing8internal15UnitTestOptions13MatchesFilterERKNSt7__cxx1112basic_stringIcSt11char_traitsIcESaIcEEEPKc
FN:857,_ZN7testing8internal15UnitTestOptions17FilterMatchesTestERKNSt7__cxx1112basic_stringIcSt11char_traitsIcESaIcEEES9_
FN:907,_ZN7testing32ScopedFakeTestPartResultReporterC2EPNS_19TestPartResultArrayE
FN:916,_ZN7testing32ScopedFakeTestPartResultReporterC2ENS0_13InterceptModeEPNS_19TestPartResultArrayE
FN:922,_ZN7testing32ScopedFakeTestPartResultReporter4InitEv
FN:935,_ZN7testing32ScopedFakeTestPartResultReporterD2Ev
FN:935,_ZN7testing32ScopedFakeTestPartResultReporterD0Ev
FN:946,_ZN7testing32ScopedFakeTestPartResultReporter20ReportTestPartResultERKNS_14TestPartResultE
FN:962,_ZN7testing8internal13GetTestTypeIdEv
FN:971,_ZN7testing8internalL13HasOneFailureEPKcS2_S2_RKNS_19TestPartResultArrayENS_14TestPartResult4TypeERKNSt7__cxx1112basic_stringIcSt11char_traitsIcESaIcEEE
FN:1010,_ZN7testing8internal20SingleFailureCheckerC2EPKNS_19TestPartResultArrayENS_14TestPartResult4TypeERKNSt7__cxx1112basic_stringIcSt11char_traitsIcESaIcEEE
FN:1019,_ZN7testing8internal20SingleFailureCheckerD2Ev
FN:1023,_ZN7testing8internal35DefaultGlobalTestPartResultReporterC2EPNS0_12UnitTestImplE
FN:1027,_ZN7testing8internal35DefaultGlobalTestPartResultReporter20ReportTestPartResultERKNS_14TestPartResultE
FN:1033,_ZN7testing8internal38DefaultPerThreadTestPartResultReporterC2EPNS0_12UnitTestImplE
FN:1037,_ZN7testing8internal38DefaultPerThreadTestPartResultReporter20ReportTestPartResultERKNS_14TestPartResultE
FN:1044,_ZN7testing8internal12UnitTestImpl31GetGlobalTestPartResultReporterEv
FN:1050,_ZN7testing8internal12UnitTestImpl31SetGlobalTestPartResultReporterEPNS_31TestPartResultReporterInterfaceE
FN:1058,_ZN7testing8internal12UnitTestImpl41GetTestPartResultReporterForCurrentThreadEv
FN:1063,_ZN7testing8internal12UnitTestImpl41SetTestPartResultReporterForCurrentThreadEPNS_31TestPartResultReporterInterfaceE
FN:1069,_ZNK7testing8internal12UnitTestImpl27successful_test_suite_countEv
FN:1074,_ZNK7testing8internal12UnitTestImpl23failed_test_suite_countEv
FN:1079,_ZNK7testing8internal12UnitTestImpl22total_test_suite_countEv
FN:1085,_ZNK7testing8internal12UnitTestImpl23test_suite_to_run_countEv
FN:1090,_ZNK7testing8internal12UnitTestImpl21successful_test_countEv
FN:1095,_ZNK7testing8internal12UnitTestImpl18skipped_test_countEv
FN:1100,_ZNK7testing8internal12UnitTestImpl17failed_test_countEv
FN:1105,_ZNK7testing8internal12UnitTestImpl30reportable_disabled_test_countEv
FN:1111,_ZNK7testing8internal12UnitTestImpl19disabled_test_countEv
FN:1116,_ZNK7testing8internal12UnitTestImpl21reportable_test_countEv
FN:1121,_ZNK7testing8internal12UnitTestImpl16total_test_countEv
FN:1126,_ZNK7testing8internal12UnitTestImpl17test_to_run_countEv
FN:1140,_ZN7testing8internal12UnitTestImpl28CurrentOsStackTraceExceptTopB5cxx11Ei
FN:1151,_ZN7testing8internal5TimerC1Ev
FN:1154,_ZN7testing8internal5Timer7ElapsedEv
FN:1174,_ZN7testing8internal15GetTimeInMillisEv
FN:1224,_ZN7testing8internal6String13CStringEqualsEPKcS3_
FN:1236,_ZN7testing8internalL24StreamWideCharsToMessageEPKwyPNS_7MessageE
FN:1251,_ZN7testing8internal11SplitStringERKNSt7__cxx1112basic_stringIcSt11char_traitsIcESaIcEEEcPSt6vectorIS6_SaIS6_EE
FN:1275,_ZN7testing7MessageC2Ev
FN:1283,_ZN7testing7MessagelsEPKw
FN:1286,_ZN7testing7MessagelsEPw
FN:1293,_ZN7testing7MessagelsERKNSt7__cxx1112basic_stringIwSt11char_traitsIwESaIwEEE
FN:1301,_ZNK7testing7Message9GetStringB5cxx11Ev
FN:1308,_ZN7testing8internal13edit_distance21CalculateOptimalEditsERKSt6vectorIySaIyEES6_
FN:1370,_ZN7testing8internal13edit_distance12_GLOBAL__N_115InternalStrings5GetIdERKNSt7__cxx1112basic_stringIcSt11char_traitsIcESaIcEEE
FN:1384,_ZN7testing8internal13edit_distance21CalculateOptimalEditsERKSt6vectorINSt7__cxx1112basic_stringIcSt11char_traitsIcESaIcEEESaIS8_EESC_
FN:1408,_ZN7testing8internal13edit_distance12_GLOBAL__N_14HunkC2Eyy
FN:1415,_ZN7testing8internal13edit_distance12_GLOBAL__N_14Hunk8PushLineEcPKc
FN:1433,_ZN7testing8internal13edit_distance12_GLOBAL__N_14Hunk7PrintToEPSo
FN:1443,_ZNK7testing8internal13edit_distance12_GLOBAL__N_14Hunk9has_editsEv
FN:1446,_ZN7testing8internal13edit_distance12_GLOBAL__N_14Hunk10FlushEditsEv
FN:1455,_ZNK7testing8internal13edit_distance12_GLOBAL__N_14Hunk11PrintHeaderEPSo
FN:1483,_ZN7testing8internal13edit_distance17CreateUnifiedDiffERKSt6vectorINSt7__cxx1112basic_stringIcSt11char_traitsIcESaIcEEESaIS8_EESC_y
FN:1553,_ZN7testing8internal12_GLOBAL__N_1L18SplitEscapedStringERKNSt7__cxx1112basic_stringIcSt11char_traitsIcESaIcEEE
FN:1593,_ZN7testing8internal9EqFailureEPKcS2_RKNSt7__cxx1112basic_stringIcSt11char_traitsIcESaIcEEESA_b
FN:1625,_ZN7testing8internal30GetBoolAssertionFailureMessageB5cxx11ERKNS_15AssertionResultEPKcS5_S5_
FN:1638,_ZN7testing8internal20DoubleNearPredFormatEPKcS2_S2_ddd
FN:1679,_ZN7testing8internal15FloatingPointLEIfEENS_15AssertionResultEPKcS4_T_S5_
FN:1679,_ZN7testing8internal15FloatingPointLEIdEENS_15AssertionResultEPKcS4_T_S5_
FN:1714,_ZN7testing7FloatLEEPKcS1_ff
FN:1721,_ZN7testing8DoubleLEEPKcS1_dd
FN:1729,_ZN7testing8internal14CmpHelperSTREQEPKcS2_S2_S2_
FN:1741,_ZN7testing8internal18CmpHelperSTRCASEEQEPKcS2_S2_S2_
FN:1753,_ZN7testing8internal14CmpHelperSTRNEEPKcS2_S2_S2_
FN:1766,_ZN7testing8internal18CmpHelperSTRCASENEEPKcS2_S2_S2_
FN:1788,_ZN7testing12_GLOBAL__N_1L15IsSubstringPredEPKcS2_
FN:1794,_ZN7testing12_GLOBAL__N_1L15IsSubstringPredEPKwS2_
FN:1802,_ZN7testing12_GLOBAL__N_1L15IsSubstringPredINSt7__cxx1112basic_stringIwSt11char_traitsIwESaIwEEEEEbRKT_SA_
FN:1802,_ZN7testing12_GLOBAL__N_1L15IsSubstringPredINSt7__cxx1112basic_stringIcSt11char_traitsIcESaIcEEEEEbRKT_SA_
FN:1811,_ZN7testing12_GLOBAL__N_1L15IsSubstringImplIPKwEENS_15AssertionResultEbPKcS6_RKT_S9_
FN:1811,_ZN7testing12_GLOBAL__N_1L15IsSubstringImplINSt7__cxx1112basic_stringIcSt11char_traitsIcESaIcEEEEENS_15AssertionResultEbPKcSA_RKT_SD_
FN:1811,_ZN7testing12_GLOBAL__N_1L15IsSubstringImplINSt7__cxx1112basic_stringIwSt11char_traitsIwESaIwEEEEENS_15AssertionResultEbPKcSA_RKT_SD_
FN:1811,_ZN7testing12_GLOBAL__N_1L15IsSubstringImplIPKcEENS_15AssertionResultEbS3_S3_RKT_S7_
FN:1835,_ZN7testing11IsSubstringEPKcS1_S1_S1_
FN:1840,_ZN7testing11IsSubstringEPKcS1_PKwS3_
FN:1845,_ZN7testing14IsNotSubstringEPKcS1_S1_S1_
FN:1851,_ZN7testing14IsNotSubstringEPKcS1_PKwS3_
FN:1857,_ZN7testing11IsSubstringEPKcS1_RKNSt7__cxx1112basic_stringIcSt11char_traitsIcESaIcEEES9_
[...]
DA:4544,0
DA:4545,0
DA:4546,0
DA:4547,0
DA:4548,0
DA:4549,0
DA:4550,0
DA:4551,0
DA:4552,0
DA:4553,0
DA:4554,0
DA:4555,0
DA:4556,0
DA:4557,0
DA:4558,0
DA:4559,3831
DA:4560,3831
DA:4561,0
DA:4563,3831
DA:4565,3831
DA:4569,316
DA:4570,158
DA:4576,0
DA:4577,0
DA:4578,0
DA:4579,0
DA:4580,0
DA:4584,0
DA:4586,0
DA:4587,0
DA:4589,0
DA:4590,0
DA:4591,0
DA:4592,0
DA:4593,0
DA:4594,0
DA:4597,257
DA:4598,514
DA:4601,158
DA:4608,316
DA:4610,316
DA:4613,0
DA:4615,158
DA:4616,158
DA:4617,158
DA:4619,95
DA:4623,190
DA:4625,190
DA:4628,0
DA:4630,95
DA:4631,95
DA:4632,95
DA:4635,0
DA:4638,0
DA:4639,0
DA:4640,0
DA:4641,0
DA:4642,0
DA:4643,0
DA:4644,0
DA:4645,0
DA:4646,0
DA:4647,0
DA:4648,0
DA:4649,0
DA:4650,0
DA:4651,0
DA:4653,0
DA:4656,0
DA:4657,0
DA:4658,0
DA:4659,0
DA:4660,0
DA:4661,0
DA:4662,0
DA:4663,0
DA:4664,0
DA:4665,0
DA:4666,0
DA:4667,0
DA:4670,0
DA:4673,0
DA:4674,0
DA:4677,53
DA:4680,53
DA:4681,53
DA:4682,53
DA:4684,53
DA:4685,159
DA:4687,53
DA:4688,40
DA:4691,53
DA:4692,0
DA:4696,159
DA:4697,106
DA:4698,53
DA:4699,53
DA:4700,53
DA:4702,0
DA:4705,0
DA:4706,0
DA:4707,0
DA:4708,0
DA:4709,0
DA:4712,0
DA:4713,0
DA:4715,0
DA:4716,0
DA:4717,0
DA:4719,0
DA:4721,0
DA:4722,106
DA:4724,0
DA:4726,0
DA:4728,0
DA:4729,0
DA:4730,0
DA:4731,0
DA:4732,0
DA:4733,0
DA:4736,0
DA:4740,0
DA:4741,0
DA:4745,0
DA:4746,0
DA:4749,0
DA:4750,0
DA:4751,0
DA:4754,28
DA:4756,28
DA:4757,28
DA:4759,28
DA:4760,84
DA:4761,56
DA:4763,28
DA:4764,0
DA:4766,0
DA:4768,0
DA:4769,0
DA:4770,0
DA:4771,0
DA:4773,0
DA:4774,0
DA:4776,0
DA:4777,0
DA:4780,28
DA:4782,28
DA:4783,81
DA:4784,53
DA:4785,53
DA:4786,25
DA:4788,28
DA:4790,53
DA:4793,28
DA:4794,28
DA:4797,0
DA:4799,0
DA:4800,0
DA:4801,0
DA:4803,0
DA:4805,0
DA:4807,0
DA:4809,0
DA:4810,0
DA:4811,0
DA:4814,0
DA:4815,0
DA:4817,0
DA:4818,0
DA:4821,0
DA:4822,0
DA:4824,0
DA:4825,0
DA:4827,0
DA:4828,0
DA:4829,0
DA:4830,0
DA:4831,0
DA:4833,0
DA:4835,0
DA:4841,0
DA:4842,0
DA:4843,0
DA:4845,0
DA:4850,0
DA:4851,0
DA:4853,14
DA:4855,14
DA:4856,14
DA:4857,14
DA:4858,14
DA:4859,56
DA:4860,28
DA:4862,28
DA:4864,42
DA:4865,14
DA:4867,42
DA:4868,28
DA:4869,14
DA:4871,28
DA:4876,14
DA:4877,14
DA:4880,0
DA:4882,0
DA:4883,0
DA:4884,0
DA:4885,0
DA:4886,0
DA:4887,0
DA:4889,0
DA:4890,0
DA:4971,4
DA:5017,8
DA:5021,1590
DA:5031,1590
DA:5038,246
DA:5039,492
DA:5042,246
DA:5046,0
DA:5047,0
DA:5048,0
DA:5050,246
DA:5052,492
DA:5054,246
DA:5055,0
DA:5056,0
DA:5057,0
DA:5058,0
DA:5059,0
DA:5063,246
DA:5077,246
DA:5078,246
DA:5079,246
DA:5080,246
DA:5082,0
DA:5088,333
DA:5089,333
DA:5090,333
DA:5095,271
DA:5096,271
DA:5097,246
DA:5098,25
DA:5099,25
DA:5100,271
DA:5105,1346
DA:5112,246
DA:5113,246
DA:5116,246
DA:5117,246
DA:5118,246
DA:5120,246
DA:5127,25
DA:5128,25
DA:5131,25
DA:5132,25
DA:5133,25
DA:5135,25
DA:5139,0
DA:5140,0
DA:5143,0
DA:5144,0
DA:5145,0
DA:5156,9417
DA:5165,9417
DA:5166,9417
DA:5171,0
DA:5172,0
DA:5176,0
DA:5177,0
DA:5181,78
DA:5182,78
DA:5187,434
DA:5188,434
DA:5193,0
DA:5194,0
DA:5196,0
DA:5197,0
DA:5199,0
DA:5200,0
DA:5202,0
DA:5203,0
DA:5208,217
DA:5209,217
DA:5213,217
DA:5214,217
DA:5218,13
DA:5221,217
DA:5222,217
DA:5226,0
DA:5227,0
DA:5231,0
DA:5232,0
DA:5236,0
DA:5239,434
DA:5243,0
DA:5244,0
DA:5248,217
DA:5249,217
DA:5254,217
DA:5258,0
DA:5262,52
DA:5263,52
DA:5268,0
DA:5269,0
DA:5275,0
DA:5276,0
DA:5281,0
DA:5282,0
DA:5287,1178
DA:5299,0
DA:5300,0
DA:5301,0
DA:5304,0
DA:5305,0
DA:5312,13
DA:5317,13
DA:5318,13
DA:5320,13
DA:5321,13
DA:5322,0
DA:5324,0
DA:5325,0
DA:5326,0
DA:5327,0
DA:5328,0
DA:5332,13
DA:5333,0
DA:5335,13
DA:5339,13
DA:5340,13
DA:5343,13
DA:5350,13
DA:5356,0
DA:5372,13
DA:5374,0
DA:5382,13
DA:5389,0
DA:5391,0
DA:5392,0
DA:5399,246
DA:5402,246
DA:5428,246
DA:5435,246
DA:5442,246
DA:5446,246
DA:5455,246
DA:5484,246
DA:5487,246
DA:5488,492
DA:5489,246
DA:5494,0
DA:5495,0
DA:5501,0
DA:5503,0
DA:5504,0
DA:5505,0
DA:5509,0
DA:5511,0
DA:5512,0
DA:5513,0
DA:5518,182
DA:5520,182
DA:5521,364
DA:5522,182
DA:5525,0
DA:5530,692
DA:5531,692
DA:5535,246
DA:5538,0
DA:5542,0
DA:5544,0
DA:5545,0
DA:5546,0
DA:5549,0
DA:5550,0
DA:5551,0
DA:5552,0
DA:5556,246
DA:5557,246
DA:5559,246
DA:5560,246
DA:5561,246
DA:5563,246
DA:5565,246
DA:5566,246
DA:5567,246
DA:5568,246
DA:5569,246
DA:5570,246
DA:5571,246
DA:5572,246
DA:5573,246
DA:5574,246
DA:5575,246
DA:5576,246
DA:5578,246
DA:5581,1722
DA:5582,246
DA:5583,246
DA:5585,0
DA:5587,0
DA:5590,0
DA:5592,0
DA:5593,0
DA:5600,0
DA:5601,0
DA:5604,0
DA:5605,0
DA:5606,0
DA:5607,0
DA:5608,0
DA:5609,0
DA:5611,0
DA:5612,0
DA:5614,0
DA:5615,0
DA:5620,246
DA:5621,246
DA:5622,0
DA:5623,246
DA:5628,246
DA:5629,246
DA:5631,246
DA:5632,22
DA:5633,22
DA:5634,235
DA:5635,28
DA:5636,28
DA:5637,221
DA:5638,0
DA:5639,0
DA:5647,246
DA:5672,488
DA:5674,488
DA:5675,246
DA:5683,246
DA:5684,246
DA:5690,246
DA:5694,246
DA:5696,246
DA:5697,0
DA:5712,488
DA:5725,2510
DA:5728,2437
DA:5729,4874
DA:5730,4874
DA:5749,2510
DA:5755,2510
DA:5756,5020
DA:5758,2510
DA:5762,664
DA:5764,1328
DA:5766,1328
DA:5771,0
DA:5772,0
DA:5776,664
DA:5779,664
DA:5780,664
DA:5781,664
DA:5785,0
DA:5786,0
DA:5797,246
DA:5800,246
DA:5803,246
DA:5807,242
DA:5813,242
DA:5818,242
DA:5821,242
DA:5829,242
DA:5835,242
DA:5836,242
DA:5839,242
DA:5841,25
DA:5842,25
DA:5845,217
DA:5848,217
DA:5850,217
DA:5852,217
DA:5853,217
DA:5857,217
DA:5860,217
DA:5868,217
DA:5869,217
DA:5872,434
DA:5875,217
DA:5877,217
DA:5880,217
DA:5881,0
DA:5885,0
DA:5889,217
DA:5892,217
DA:5895,217
DA:5896,217
DA:5897,217
DA:5898,217
DA:5903,217
DA:5907,0
DA:5908,0
DA:5910,0
DA:5911,0
DA:5912,0
DA:5913,0
DA:5914,0
DA:5916,0
DA:5917,217
DA:5918,821
DA:5920,604
DA:5921,604
DA:5922,0
DA:5923,0
DA:5924,0
DA:5926,0
DA:5929,0
DA:5933,0
DA:5935,0
DA:5942,217
DA:5943,217
DA:5944,217
DA:5946,217
DA:5950,217
DA:5953,217
DA:5956,217
DA:5957,13
DA:5966,217
DA:5968,217
DA:5970,0
DA:5974,217
DA:5976,217
DA:5977,0
DA:5986,217
DA:5994,242
DA:5995,242
DA:5996,242
DA:5997,0
DA:5998,0
DA:5999,0
DA:6003,0
DA:6004,0
DA:6006,0
DA:6008,242
DA:6017,459
DA:6019,459
DA:6020,0
DA:6023,459
DA:6024,459
DA:6026,459
DA:6027,459
DA:6028,0
DA:6029,0
DA:6030,0
DA:6031,0
DA:6032,0
DA:6033,0
DA:6034,0
DA:6035,0
DA:6036,0
DA:6037,0
DA:6038,0
DA:6039,0
DA:6040,0
DA:6041,0
DA:6042,0
DA:6043,0
DA:6044,0
DA:6046,0
DA:6047,0
DA:6048,0
DA:6049,0
DA:6050,0
DA:6051,0
DA:6052,0
DA:6053,0
DA:6055,0
DA:6061,918
DA:6062,918
DA:6063,918
DA:6064,918
DA:6068,0
DA:6070,0
DA:6072,0
DA:6079,0
DA:6080,0
DA:6090,242
DA:6092,242
DA:6093,242
DA:6095,242
DA:6096,242
DA:6099,242
DA:6100,242
DA:6105,242
DA:6106,242
DA:6107,1794
DA:6108,655
DA:6109,655
DA:6111,3142
DA:6112,2487
DA:6113,2487
DA:6117,4974
DA:6118,2487
DA:6119,2487
DA:6122,2487
DA:6123,2487
DA:6125,2487
DA:6126,2487
DA:6130,2487
DA:6131,0
DA:6132,2487
DA:6133,2487
DA:6135,2487
DA:6136,2487
DA:6138,2487
DA:6139,2487
DA:6140,2487
DA:6141,655
DA:6142,242
DA:6143,242
DA:6149,20
DA:6150,20
DA:6151,102
DA:6152,82
DA:6153,0
DA:6154,0
DA:6156,82
DA:6157,0
DA:6158,0
DA:6160,82
DA:6161,82
DA:6165,20
DA:6168,25
DA:6170,25
DA:6172,101
DA:6173,51
DA:6175,150
DA:6176,99
DA:6177,99
DA:6178,99
DA:6179,51
DA:6180,51
DA:6181,51
DA:6182,0
DA:6185,0
DA:6187,51
DA:6189,99
DA:6190,99
DA:6191,20
DA:6194,20
DA:6196,99
DA:6200,25
DA:6202,25
DA:6203,25
DA:6204,25
DA:6205,50
DA:6206,25
DA:6207,25
DA:6209,22
DA:6210,22
DA:6211,14
DA:6213,28
DA:6214,28
DA:6216,25
DA:6217,25
DA:6218,25
DA:6220,25
DA:6227,0
DA:6229,0
DA:6230,0
DA:6231,0
DA:6233,0
DA:6238,1594
DA:6239,1594
DA:6243,217
DA:6247,1594
DA:6251,1367
DA:6252,1367
DA:6253,933
DA:6255,434
DA:6256,0
DA:6258,434
DA:6263,0
DA:6265,0
DA:6268,0
DA:6269,0
DA:6272,0
DA:6273,0
DA:6275,0
DA:6278,217
DA:6279,821
DA:6281,604
DA:6283,604
DA:6285,217
DA:6298,0
DA:6301,0
DA:6310,28012
DA:6312,4110
DA:6316,4110
DA:6318,4110
DA:6324,0
DA:6325,0
DA:6326,0
DA:6327,0
DA:6328,0
DA:6330,0
DA:6338,2582
DA:6341,2582
DA:6345,2582
DA:6346,2582
DA:6347,2582
DA:6350,488
DA:6353,488
DA:6354,242
DA:6360,246
DA:6363,246
DA:6364,2582
DA:6376,1662
DA:6378,1662
DA:6381,1662
DA:6384,242
DA:6385,242
DA:6392,12
DA:6394,12
DA:6397,12
DA:6400,0
DA:6401,0
DA:6409,908
DA:6411,908
DA:6414,908
DA:6417,246
DA:6418,246
DA:6427,0
DA:6428,0
DA:6429,0
DA:6430,0
DA:6431,0
DA:6432,0
DA:6444,4
DA:6445,4
DA:6452,284
DA:6453,284
DA:6454,4
DA:6455,4
DA:6458,280
DA:6460,280
DA:6461,280
DA:6462,280
DA:6463,4
DA:6464,276
DA:6465,92
DA:6466,184
DA:6467,0
DA:6468,184
DA:6469,124
DA:6470,60
DA:6471,60
DA:6473,0
DA:6475,280
DA:6574,492
DA:6584,492
DA:6585,275
DA:6586,275
DA:6587,275
DA:6588,271
DA:6589,271
DA:6590,271
DA:6591,271
DA:6592,54
DA:6593,54
DA:6594,29
DA:6595,4
DA:6596,4
DA:6597,4
DA:6598,4
DA:6599,4
DA:6600,4
DA:6601,4
DA:6602,4
DA:6603,4
DA:6604,4
DA:6605,4
DA:6609,0
DA:6610,0
DA:6611,0
DA:6612,0
DA:6613,0
DA:6615,0
DA:6616,0
DA:6617,0
DA:6618,0
DA:6619,0
DA:6620,0
DA:6621,0
DA:6623,0
DA:6630,246
DA:6631,246
DA:6632,738
DA:6633,492
DA:6634,492
DA:6638,492
DA:6639,492
DA:6640,488
DA:6642,4
DA:6643,0
DA:6644,0
DA:6645,0
DA:6647,4
DA:6650,4
DA:6653,492
DA:6658,1226
DA:6659,738
DA:6663,488
DA:6667,488
DA:6671,246
DA:6675,4
DA:6677,246
DA:6685,246
DA:6735,246
DA:6748,246
DA:6749,0
DA:6750,0
DA:6751,0
DA:6758,246
DA:6760,246
DA:6762,246
DA:6764,246
DA:6765,984
DA:6766,738
DA:6779,246
DA:6780,246
DA:6794,246
DA:6798,246
DA:6800,246
DA:6804,0
DA:6808,0
DA:6810,0
DA:6814,0
DA:6816,0
DA:6817,0
DA:6818,0
DA:6819,0
DA:6824,0
DA:6826,0
DA:6834,0
DA:6837,0
DA:6838,0
DA:6839,0
DA:6840,0
DA:6841,0
DA:6843,0
DA:6846,0
DA:6850,0
DA:6854,0
DA:6865,0
DA:6866,0
DA:6867,0
DA:6868,0
DA:6872,0
DA:6876,0
DA:6877,0
DA:6892,0
DA:6893,0
DA:6894,0
DA:6895,0
DA:6896,0
DA:6898,0
DA:6899,0
DA:6902,0
DA:6903,0
DA:6904,0
LF:2660
LH:1196
end_of_record
TN:
SF:C:\DEV\TDD_TV_15\build\_deps\googletest-src\googletest\src\gtest_main.cc
FN:61,main
FNDA:184,main
FNF:1
FNH:1
DA:61,184
DA:62,184
DA:63,184
DA:64,184
LF:4
LH:4
end_of_record
TN:
SF:C:\DEV\TDD_TV_15\test\ApprovalTest.cpp
FN:17,_ZN9StubTuner6seekCHB5cxx11Ev
FN:18,_ZN9StubTuner5setCHERKNSt7__cxx1112basic_stringIcSt11char_traitsIcESaIcEEE
FN:19,_ZN9StubTuner12getCurrentCHB5cxx11Ev
FN:22,_ZN58TVControllerApprovalTest_GoldenMaster_InitialBehavior_TestC1Ev
FN:22,_ZN58TVControllerApprovalTest_GoldenMaster_InitialBehavior_Test8TestBodyEv
FN:22,_ZN58TVControllerApprovalTest_GoldenMaster_InitialBehavior_TestD0Ev
FN:22,_ZN58TVControllerApprovalTest_GoldenMaster_InitialBehavior_TestD1Ev
FNDA:0,_ZN9StubTuner6seekCHB5cxx11Ev
FNDA:1,_ZN58TVControllerApprovalTest_GoldenMaster_InitialBehavior_TestC1Ev
FNDA:1,_ZN9StubTuner5setCHERKNSt7__cxx1112basic_stringIcSt11char_traitsIcESaIcEEE
FNDA:0,_ZN9StubTuner12getCurrentCHB5cxx11Ev
FNDA:1,_ZN58TVControllerApprovalTest_GoldenMaster_InitialBehavior_Test8TestBodyEv
FNDA:1,_ZN58TVControllerApprovalTest_GoldenMaster_InitialBehavior_TestD1Ev
FNDA:1,_ZN58TVControllerApprovalTest_GoldenMaster_InitialBehavior_TestD0Ev
FNF:7
FNH:5
DA:17,0
DA:18,1
DA:19,0
DA:22,4
DA:23,1
DA:24,1
DA:26,1
DA:27,1
DA:29,1
DA:30,1
DA:32,1
DA:34,1
DA:35,1
LF:13
LH:11
end_of_record
TN:
SF:C:\DEV\TDD_TV_15\test\FakeTuner.h
FN:13,_ZN9FakeTunerC1ESt6vectorIiSaIiEE
FN:19,_ZN9FakeTuner6seekCHB5cxx11Ev
FN:21,_ZZN9FakeTuner6seekCHB5cxx11EvENKUliE_clEi
FN:26,_ZN9FakeTuner5setCHERKNSt7__cxx1112basic_stringIcSt11char_traitsIcESaIcEEE
FN:33,_ZN9FakeTuner12getCurrentCHB5cxx11Ev
FNDA:7,_ZN9FakeTunerC1ESt6vectorIiSaIiEE
FNDA:0,_ZZN9FakeTuner6seekCHB5cxx11EvENKUliE_clEi
FNDA:0,_ZN9FakeTuner6seekCHB5cxx11Ev
FNDA:20,_ZN9FakeTuner12getCurrentCHB5cxx11Ev
FNDA:19,_ZN9FakeTuner5setCHERKNSt7__cxx1112basic_stringIcSt11char_traitsIcESaIcEEE
FNF:5
FNH:3
DA:13,14
DA:14,7
DA:15,7
DA:16,7
DA:19,0
DA:20,0
DA:21,0
DA:22,0
DA:23,0
DA:26,19
DA:27,19
DA:28,19
DA:29,0
DA:30,19
DA:31,19
DA:33,20
LF:16
LH:10
end_of_record
TN:
SF:C:\DEV\TDD_TV_15\test\TVControllerTest.cpp
FN:10,_ZN16TVControllerTest5SetUpEv
FN:18,_ZN45TVControllerTest_PressNumber4ThenConfirm_TestD0Ev
FN:18,_ZN45TVControllerTest_PressNumber4ThenConfirm_TestC1Ev
FN:18,_ZN45TVControllerTest_PressNumber4ThenConfirm_TestD1Ev
FN:18,_ZN45TVControllerTest_PressNumber4ThenConfirm_Test8TestBodyEv
FN:25,_ZN44TVControllerTest_Press1Then2_AutoChange_TestD1Ev
FN:25,_ZN44TVControllerTest_Press1Then2_AutoChange_Test8TestBodyEv
FN:25,_ZN44TVControllerTest_Press1Then2_AutoChange_TestD0Ev
FN:25,_ZN44TVControllerTest_Press1Then2_AutoChange_TestC1Ev
FN:33,_ZN44TVControllerTest_FavoriteAdd_NewChannel_TestD0Ev
FN:33,_ZN44TVControllerTest_FavoriteAdd_NewChannel_TestD1Ev
FN:33,_ZN44TVControllerTest_FavoriteAdd_NewChannel_Test8TestBodyEv
FN:33,_ZN44TVControllerTest_FavoriteAdd_NewChannel_TestC1Ev
FN:46,_ZN43TVControllerTest_FavoriteToggle_Remove_TestD0Ev
FN:46,_ZN43TVControllerTest_FavoriteToggle_Remove_TestC1Ev
FN:46,_ZN43TVControllerTest_FavoriteToggle_Remove_TestD1Ev
FN:46,_ZN43TVControllerTest_FavoriteToggle_Remove_Test8TestBodyEv
FN:56,_ZN44TVControllerTest_FavoriteToggleScenario_Test8TestBodyEv
FN:56,_ZN44TVControllerTest_FavoriteToggleScenario_TestD0Ev
FN:56,_ZN44TVControllerTest_FavoriteToggleScenario_TestD1Ev
FN:56,_ZN44TVControllerTest_FavoriteToggleScenario_TestC1Ev
FN:73,_ZN41TVControllerTest_NextFavorite_Normal_Test8TestBodyEv
FN:73,_ZN41TVControllerTest_NextFavorite_Normal_TestD1Ev
FN:73,_ZN41TVControllerTest_NextFavorite_Normal_TestD0Ev
FN:73,_ZN41TVControllerTest_NextFavorite_Normal_TestC1Ev
FN:88,_ZN45TVControllerTest_NextFavorite_WrapAround_TestC1Ev
FN:88,_ZN45TVControllerTest_NextFavorite_WrapAround_TestD1Ev
FN:88,_ZN45TVControllerTest_NextFavorite_WrapAround_Test8TestBodyEv
FN:88,_ZN45TVControllerTest_NextFavorite_WrapAround_TestD0Ev
FNDA:1,_ZN44TVControllerTest_FavoriteToggleScenario_TestC1Ev
FNDA:1,_ZN45TVControllerTest_NextFavorite_WrapAround_TestD0Ev
FNDA:1,_ZN43TVControllerTest_FavoriteToggle_Remove_Test8TestBodyEv
FNDA:1,_ZN44TVControllerTest_FavoriteAdd_NewChannel_Test8TestBodyEv
FNDA:1,_ZN44TVControllerTest_FavoriteToggleScenario_TestD1Ev
FNDA:1,_ZN45TVControllerTest_PressNumber4ThenConfirm_Test8TestBodyEv
FNDA:7,_ZN16TVControllerTest5SetUpEv
FNDA:1,_ZN44TVControllerTest_FavoriteAdd_NewChannel_TestC1Ev
FNDA:1,_ZN45TVControllerTest_PressNumber4ThenConfirm_TestD1Ev
FNDA:1,_ZN44TVControllerTest_Press1Then2_AutoChange_TestC1Ev
FNDA:1,_ZN45TVControllerTest_NextFavorite_WrapAround_Test8TestBodyEv
FNDA:1,_ZN44TVControllerTest_FavoriteToggleScenario_TestD0Ev
FNDA:1,_ZN44TVControllerTest_FavoriteAdd_NewChannel_TestD1Ev
FNDA:1,_ZN45TVControllerTest_PressNumber4ThenConfirm_TestC1Ev
FNDA:1,_ZN44TVControllerTest_Press1Then2_AutoChange_TestD0Ev
FNDA:1,_ZN44TVControllerTest_Press1Then2_AutoChange_Test8TestBodyEv
FNDA:1,_ZN45TVControllerTest_NextFavorite_WrapAround_TestD1Ev
FNDA:1,_ZN44TVControllerTest_FavoriteToggleScenario_Test8TestBodyEv
FNDA:1,_ZN43TVControllerTest_FavoriteToggle_Remove_TestD1Ev
FNDA:1,_ZN41TVControllerTest_NextFavorite_Normal_TestC1Ev
FNDA:1,_ZN44TVControllerTest_FavoriteAdd_NewChannel_TestD0Ev
FNDA:1,_ZN44TVControllerTest_Press1Then2_AutoChange_TestD1Ev
FNDA:1,_ZN41TVControllerTest_NextFavorite_Normal_TestD1Ev
FNDA:1,_ZN45TVControllerTest_PressNumber4ThenConfirm_TestD0Ev
FNDA:1,_ZN41TVControllerTest_NextFavorite_Normal_Test8TestBodyEv
FNDA:1,_ZN43TVControllerTest_FavoriteToggle_Remove_TestC1Ev
FNDA:1,_ZN45TVControllerTest_NextFavorite_WrapAround_TestC1Ev
FNDA:1,_ZN41TVControllerTest_NextFavorite_Normal_TestD0Ev
FNDA:1,_ZN43TVControllerTest_FavoriteToggle_Remove_TestD0Ev
FNF:29
FNH:29
DA:10,7
DA:12,14
DA:13,7
DA:14,7
DA:18,4
DA:19,1
DA:20,1
DA:22,1
DA:23,1
DA:25,4
DA:26,1
DA:27,1
DA:29,1
DA:30,1
DA:33,4
DA:35,2
DA:38,1
DA:41,1
DA:42,1
DA:43,1
DA:46,4
DA:47,2
DA:48,1
DA:49,1
DA:51,1
DA:52,1
DA:53,1
DA:56,4
DA:58,6
DA:59,5
DA:60,5
DA:63,1
DA:66,1
DA:67,1
DA:68,1
DA:69,1
DA:73,4
DA:76,5
DA:77,4
DA:78,4
DA:81,2
DA:82,1
DA:84,1
DA:85,1
DA:88,4
DA:89,2
DA:90,1
DA:91,2
DA:92,1
DA:94,2
DA:95,1
DA:97,1
DA:98,1
LF:53
LH:53
end_of_record
TN:
SF:C:\DEV\TDD_TV_15\test\TunerTest.cpp
FN:9,_ZN9MockTuner6seekCHB5cxx11Ev
FN:9,_ZN9MockTuner12gmock_seekCHB5cxx11Ev
FN:10,_ZN9MockTuner5setCHERKNSt7__cxx1112basic_stringIcSt11char_traitsIcESaIcEEE
FN:10,_ZN9MockTuner11gmock_setCHERKN7testing7MatcherIRKNSt7__cxx1112basic_stringIcSt11char_traitsIcESaIcEEEEE
FN:11,_ZN9MockTuner12getCurrentCHB5cxx11Ev
FN:11,_ZN9MockTuner18gmock_getCurrentCHB5cxx11Ev
FN:20,_ZN26TunerTest_initChannel_TestD1Ev
FN:20,_ZN26TunerTest_initChannel_TestD0Ev
FN:20,_ZN26TunerTest_initChannel_TestC1Ev
FN:20,_ZN26TunerTest_initChannel_Test8TestBodyEv
FN:32,_ZN51TunerValidChannelTest_testSetChForValidChannel_Test13AddToRegistryEv
FN:32,_ZN51TunerValidChannelTest_testSetChForValidChannel_Test8TestBodyEv
FN:32,_ZN51TunerValidChannelTest_testSetChForValidChannel_TestC1Ev
FN:40,_ZL55gtest_ValidChannelsTunerValidChannelTest_EvalGenerator_v
FN:40,_ZL58gtest_ValidChannelsTunerValidChannelTest_EvalGenerateName_RKN7testing13TestParamInfoINSt7__cxx1112basic_stringIcSt11char_traitsIcESaIcEEEEE
FN:49,_ZN55TunerInvalidChannelTest_testSetChForInvalidChannel_Test8TestBodyEv
FN:49,_ZN55TunerInvalidChannelTest_testSetChForInvalidChannel_TestC1Ev
FN:49,_ZN55TunerInvalidChannelTest_testSetChForInvalidChannel_Test13AddToRegistryEv
FN:56,_ZL59gtest_InvalidChannelsTunerInvalidChannelTest_EvalGenerator_v
FN:56,_ZL62gtest_InvalidChannelsTunerInvalidChannelTest_EvalGenerateName_RKN7testing13TestParamInfoINSt7__cxx1112basic_stringIcSt11char_traitsIcESaIcEEEEE
FN:60,_ZN32TunerTest_testSeekCh10times_TestD1Ev
FN:60,_ZN32TunerTest_testSeekCh10times_TestD0Ev
FN:60,_ZN32TunerTest_testSeekCh10times_TestC1Ev
FN:60,_ZN32TunerTest_testSeekCh10times_Test8TestBodyEv
FN:76,_ZN42TunerTest_testSeekCh10timesAfterSetCH_Test8TestBodyEv
FN:76,_ZN42TunerTest_testSeekCh10timesAfterSetCH_TestD0Ev
FN:76,_ZN42TunerTest_testSeekCh10timesAfterSetCH_TestD1Ev
FN:76,_ZN42TunerTest_testSeekCh10timesAfterSetCH_TestC1Ev
FNDA:14,_ZN32TunerTest_testSeekCh10times_TestD0Ev
FNDA:84,_ZN9MockTuner12getCurrentCHB5cxx11Ev
FNDA:173,_ZN51TunerValidChannelTest_testSetChForValidChannel_Test13AddToRegistryEv
FNDA:14,_ZN26TunerTest_initChannel_TestD1Ev
FNDA:84,_ZN9MockTuner18gmock_getCurrentCHB5cxx11Ev
FNDA:154,_ZN9MockTuner5setCHERKNSt7__cxx1112basic_stringIcSt11char_traitsIcESaIcEEE
FNDA:14,_ZN42TunerTest_testSeekCh10timesAfterSetCH_TestD0Ev
FNDA:14,_ZN42TunerTest_testSeekCh10timesAfterSetCH_Test8TestBodyEv
FNDA:14,_ZN32TunerTest_testSeekCh10times_TestD1Ev
FNDA:173,_ZL55gtest_ValidChannelsTunerValidChannelTest_EvalGenerator_v
FNDA:70,_ZN55TunerInvalidChannelTest_testSetChForInvalidChannel_TestC1Ev
FNDA:70,_ZN55TunerInvalidChannelTest_testSetChForInvalidChannel_Test8TestBodyEv
FNDA:173,_ZL59gtest_InvalidChannelsTunerInvalidChannelTest_EvalGenerator_v
FNDA:865,_ZL58gtest_ValidChannelsTunerValidChannelTest_EvalGenerateName_RKN7testing13TestParamInfoINSt7__cxx1112basic_stringIcSt11char_traitsIcESaIcEEEEE
FNDA:14,_ZN42TunerTest_testSeekCh10timesAfterSetCH_TestD1Ev
FNDA:280,_ZN9MockTuner6seekCHB5cxx11Ev
FNDA:70,_ZN51TunerValidChannelTest_testSetChForValidChannel_Test8TestBodyEv
FNDA:865,_ZL62gtest_InvalidChannelsTunerInvalidChannelTest_EvalGenerateName_RKN7testing13TestParamInfoINSt7__cxx1112basic_stringIcSt11char_traitsIcESaIcEEEEE
FNDA:14,_ZN32TunerTest_testSeekCh10times_TestC1Ev
FNDA:14,_ZN42TunerTest_testSeekCh10timesAfterSetCH_TestC1Ev
FNDA:28,_ZN9MockTuner12gmock_seekCHB5cxx11Ev
FNDA:173,_ZN55TunerInvalidChannelTest_testSetChForInvalidChannel_Test13AddToRegistryEv
FNDA:70,_ZN51TunerValidChannelTest_testSetChForValidChannel_TestC1Ev
FNDA:14,_ZN32TunerTest_testSeekCh10times_Test8TestBodyEv
FNDA:154,_ZN9MockTuner11gmock_setCHERKN7testing7MatcherIRKNSt7__cxx1112basic_stringIcSt11char_traitsIcESaIcEEEEE
FNDA:14,_ZN26TunerTest_initChannel_Test8TestBodyEv
FNDA:14,_ZN26TunerTest_initChannel_TestD0Ev
FNDA:14,_ZN26TunerTest_initChannel_TestC1Ev
FNF:28
FNH:28
DA:9,308
DA:10,462
DA:11,168
DA:20,56
DA:21,14
DA:22,14
DA:23,14
DA:24,14
DA:32,1005
DA:33,70
DA:34,70
DA:35,70
DA:36,70
DA:37,70
DA:38,70
DA:40,1038
DA:49,1005
DA:50,70
DA:51,140
DA:52,70
DA:53,70
DA:54,70
DA:56,1038
DA:60,56
DA:61,14
DA:62,14
DA:64,14
DA:65,154
DA:66,140
DA:67,140
DA:68,140
DA:69,140
DA:70,140
DA:71,140
DA:72,14
DA:73,14
DA:76,56
DA:77,14
DA:78,14
DA:79,14
DA:81,14
DA:82,28
DA:83,154
DA:84,140
DA:85,140
DA:86,140
DA:87,140
DA:88,140
DA:89,140
DA:90,14
DA:91,14
LF:51
LH:51
end_of_record
