<?xml version="1.0" encoding="UTF-8"?>
<Site BuildName="(empty)"
	BuildStamp="20260515-0408-Experimental"
	Name="(empty)"
	Generator="ctest-4.3.2"
	CompilerName=""
	CompilerVersion=""
	OSName="Windows"
	Hostname="han"
	OSRelease="10.0.22631"
	OSVersion="Windows 10"
	OSPlatform="AMD64"
	Is64Bits="1"
	VendorString="GenuineIntel"
	VendorID="Intel Corporation"
	FamilyID="6"
	ModelID="10"
	ModelName=""
	ProcessorCacheSize="-1"
	NumberOfLogicalCPU="16"
	NumberOfPhysicalCPU="12"
	TotalVirtualMemory="6543"
	TotalPhysicalMemory="16010"
	LogicalProcessorsPerPhysical="1"
	ProcessorClockFrequency="1700.000000"
	>
	<Testing>
		<StartDateTime>May 15 15:15 [NON-UTF-8-BYTE-0xB4][NON-UTF-8-BYTE-0xEB][NON-UTF-8-BYTE-0xC7]ѹα[NON-UTF-8-BYTE-0xB9] ǥ[NON-UTF-8-BYTE-0xC1]ؽ[NON-UTF-8-BYTE-0xC3]</StartDateTime>
		<StartTestTime>1778825744</StartTestTime>
		<TestList/>
		<EndDateTime>May 15 15:15 [NON-UTF-8-BYTE-0xB4][NON-UTF-8-BYTE-0xEB][NON-UTF-8-BYTE-0xC7]ѹα[NON-UTF-8-BYTE-0xB9] ǥ[NON-UTF-8-BYTE-0xC1]ؽ[NON-UTF-8-BYTE-0xC3]</EndDateTime>
		<EndTestTime>1778825744</EndTestTime>
		<ElapsedMinutes>0</ElapsedMinutes>
	</Testing>
</Site>
