<?xml version="1.0" encoding="UTF-8"?>
<Site BuildName="(empty)"
	BuildStamp="20260515-0408-Experimental"
	Name="(empty)"
	Generator="ctest-4.3.2"
	CompilerName=""
	CompilerVersion=""
	OSName="Windows"
	Hostname="han"
	OSRelease="10.0.22631"
	OSVersion="Windows 10"
	OSPlatform="AMD64"
	Is64Bits="1"
	VendorString="GenuineIntel"
	VendorID="Intel Corporation"
	FamilyID="6"
	ModelID="10"
	ModelName=""
	ProcessorCacheSize="-1"
	NumberOfLogicalCPU="16"
	NumberOfPhysicalCPU="12"
	TotalVirtualMemory="6117"
	TotalPhysicalMemory="16010"
	LogicalProcessorsPerPhysical="1"
	ProcessorClockFrequency="1700.000000"
	>
	<Testing>
		<StartDateTime>May 15 15:52 [NON-UTF-8-BYTE-0xB4][NON-UTF-8-BYTE-0xEB][NON-UTF-8-BYTE-0xC7]ѹα[NON-UTF-8-BYTE-0xB9] ǥ[NON-UTF-8-BYTE-0xC1]ؽ[NON-UTF-8-BYTE-0xC3]</StartDateTime>
		<StartTestTime>1778827929</StartTestTime>
		<TestList>
			<Test>./TVControllerApprovalTest.GoldenMaster_InitialBehavior</Test>
		</TestList>
		<Test Status="passed">
			<Name>TVControllerApprovalTest.GoldenMaster_InitialBehavior</Name>
			<Path>.</Path>
			<FullName>./TVControllerApprovalTest.GoldenMaster_InitialBehavior</FullName>
			<FullCommandLine>C:\DEV\TDD_TV_15\build\TVControllerTest.exe "--gtest_filter=TVControllerApprovalTest.GoldenMaster_InitialBehavior" "--gtest_also_run_disabled_tests"</FullCommandLine>
			<StartTestTime>1778827929.042041</StartTestTime>
			<Results>
				<NamedMeasurement type="numeric/double" name="Execution Time">
					<Value>0.100203</Value>
				</NamedMeasurement>
				<NamedMeasurement type="numeric/double" name="Processors">
					<Value>1</Value>
				</NamedMeasurement>
				<NamedMeasurement type="text/string" name="Completion Status">
					<Value>Completed</Value>
				</NamedMeasurement>
				<NamedMeasurement type="text/string" name="Command Line">
					<Value>C:\DEV\TDD_TV_15\build\TVControllerTest.exe "--gtest_filter=TVControllerApprovalTest.GoldenMaster_InitialBehavior" "--gtest_also_run_disabled_tests"</Value>
				</NamedMeasurement>
				<NamedMeasurement type="text/string" name="Environment">
					<Value>#CTEST_RESOURCE_GROUP_COUNT=</Value>
				</NamedMeasurement>
				<Measurement>
					<Value encoding="base64" compression="gzip">eJydkU1rwmAMx+/Pp8hRDy0MxIPgQd0oIrrh26WU8QyjPpAmJU27r79qUXQgbP5Pgfzyz9tCDAeQiBwIYY2lwT6QocIQ1tuJsKkQoY6KQqX2dCLiRGiHPPdlw31OOVjwNMajr4OoS4dXZbCsmAMf4AXsbK2SX+KyCoaxS6OrMkhIvjy1eeQ6qHCO3LBoUVX8gm89H43qUlhuFnBW9uxCbTm8z561gE4P8rL7//Gh028KwcQ8dd3fbmXoNdrJN99/4tEHQD3H932ahT9Gq9Xb6+lmLRu7HwzptsA=</Value>
				</Measurement>
			</Results>
		</Test>
		<EndDateTime>May 15 15:52 [NON-UTF-8-BYTE-0xB4][NON-UTF-8-BYTE-0xEB][NON-UTF-8-BYTE-0xC7]ѹα[NON-UTF-8-BYTE-0xB9] ǥ[NON-UTF-8-BYTE-0xC1]ؽ[NON-UTF-8-BYTE-0xC3]</EndDateTime>
		<EndTestTime>1778827929</EndTestTime>
		<ElapsedMinutes>0</ElapsedMinutes>
	</Testing>
</Site>
